#
# There is insufficient memory for the Java Runtime Environment to continue.
# Native memory allocation (mmap) failed to map 136314880 bytes for G1 virtual space
# Possible reasons:
#   The system is out of physical RAM or swap space
#   The process is running with CompressedOops enabled, and the Java Heap may be blocking the growth of the native heap
# Possible solutions:
#   Reduce memory load on the system
#   Increase physical memory or swap space
#   Check if swap backing store is full
#   Decrease Java heap size (-Xmx/-Xms)
#   Decrease number of Java threads
#   Decrease Java thread stack sizes (-Xss)
#   Set larger code cache with -XX:ReservedCodeCacheSize=
#   JVM is running with Unscaled Compressed Oops mode in which the Java heap is
#     placed in the first 4GB address space. The Java Heap base address is the
#     maximum limit for the native heap growth. Please use -XX:HeapBaseMinAddress
#     to set the Java Heap base and to place the Java Heap above 4GB virtual address.
# This output file may be truncated or incomplete.
#
#  Out of Memory Error (os_windows.cpp:3535), pid=4092, tid=392
#
# JRE version: OpenJDK Runtime Environment Temurin-17.0.3+7 (17.0.3+7) (build 17.0.3+7)
# Java VM: OpenJDK 64-Bit Server VM Temurin-17.0.3+7 (17.0.3+7, mixed mode, emulated-client, tiered, compressed oops, compressed class ptrs, g1 gc, windows-amd64)
# No core dump will be written. Minidumps are not enabled by default on client versions of Windows
#

---------------  S U M M A R Y ------------

Command Line: --add-modules=ALL-SYSTEM --add-exports=jdk.compiler/com.sun.tools.javac.file=ALL-UNNAMED --add-exports=jdk.compiler/com.sun.tools.javac.util=ALL-UNNAMED --add-exports=jdk.compiler/com.sun.tools.javac.comp=ALL-UNNAMED --add-exports=jdk.compiler/com.sun.tools.javac.main=ALL-UNNAMED --add-exports=jdk.compiler/com.sun.tools.javac.tree=ALL-UNNAMED --add-exports=jdk.compiler/com.sun.tools.javac.code=ALL-UNNAMED -Dsts.lsp.client=vscode -Dsts.log.file=/dev/null -XX:TieredStopAtLevel=1 -Dspring.config.location=file:c:\Users\marco\.vscode\extensions\pivotal.vscode-spring-boot-1.36.0\language-server\BOOT-INF\classes\application.properties org.springframework.ide.vscode.boot.app.BootLanguageServerBootApp

Host: Intel(R) Core(TM) i7-7500U CPU @ 2.70GHz, 4 cores, 7G,  Windows 10 , 64 bit Build 19041 (10.0.19041.1806)
Time: Fri Jul 22 16:51:00 2022 Hora oficial do Brasil elapsed time: 48.856999 seconds (0d 0h 0m 48s)

---------------  T H R E A D  ---------------

Current thread (0x00000179daeea950):  VMThread "VM Thread" [stack: 0x000000795c400000,0x000000795c500000] [id=392]

Stack: [0x000000795c400000,0x000000795c500000]
Native frames: (J=compiled Java code, j=interpreted, Vv=VM code, C=native code)
V  [jvm.dll+0x675efa]
V  [jvm.dll+0x830a24]
V  [jvm.dll+0x8321ce]
V  [jvm.dll+0x832833]
V  [jvm.dll+0x2454b5]
V  [jvm.dll+0x672de9]
V  [jvm.dll+0x667732]
V  [jvm.dll+0x3043ab]
V  [jvm.dll+0x30b8f6]
V  [jvm.dll+0x35b62e]
V  [jvm.dll+0x35b85f]
V  [jvm.dll+0x2db248]
V  [jvm.dll+0x2d94fc]
V  [jvm.dll+0x2d8acc]
V  [jvm.dll+0x31ca2b]
V  [jvm.dll+0x836cdb]
V  [jvm.dll+0x837a14]
V  [jvm.dll+0x837f2c]
V  [jvm.dll+0x838304]
V  [jvm.dll+0x8383d0]
V  [jvm.dll+0x7e0cfa]
V  [jvm.dll+0x674d85]
C  [ucrtbase.dll+0x21bb2]
C  [KERNEL32.DLL+0x17034]
C  [ntdll.dll+0x52651]

VM_Operation (0x000000795defe6f0): G1CollectForAllocation, mode: safepoint, requested by thread 0x00000179dd37a880


---------------  P R O C E S S  ---------------

Threads class SMR info:
_java_thread_list=0x00000179dd8dc0e0, length=28, elements={
0x00000179daf3a740, 0x00000179daf3b3c0, 0x00000179daf72010, 0x00000179daf73a40,
0x00000179daf74300, 0x00000179db9294a0, 0x00000179db929a20, 0x00000179db92c330,
0x00000179daec0040, 0x00000179dbb6f7c0, 0x00000179dd2aa0a0, 0x00000179dc1de2d0,
0x00000179db9e2ff0, 0x00000179dd3b7430, 0x00000179ce3b7e40, 0x00000179dd615fc0,
0x00000179dd616f20, 0x00000179dd3b7900, 0x00000179dd3b7dd0, 0x00000179dd3b82a0,
0x00000179dd379a10, 0x00000179dd37a880, 0x00000179dd37ad50, 0x00000179dd379540,
0x00000179dd379ee0, 0x00000179dd37b220, 0x00000179dd37b6f0, 0x00000179dd37a3b0
}

Java Threads: ( => current thread )
  0x00000179daf3a740 JavaThread "Reference Handler" daemon [_thread_blocked, id=6784, stack(0x000000795c500000,0x000000795c600000)]
  0x00000179daf3b3c0 JavaThread "Finalizer" daemon [_thread_blocked, id=17032, stack(0x000000795c600000,0x000000795c700000)]
  0x00000179daf72010 JavaThread "Signal Dispatcher" daemon [_thread_blocked, id=5292, stack(0x000000795c700000,0x000000795c800000)]
  0x00000179daf73a40 JavaThread "Attach Listener" daemon [_thread_blocked, id=8384, stack(0x000000795c800000,0x000000795c900000)]
  0x00000179daf74300 JavaThread "Service Thread" daemon [_thread_blocked, id=15192, stack(0x000000795c900000,0x000000795ca00000)]
  0x00000179db9294a0 JavaThread "Monitor Deflation Thread" daemon [_thread_blocked, id=18376, stack(0x000000795ca00000,0x000000795cb00000)]
  0x00000179db929a20 JavaThread "C1 CompilerThread0" daemon [_thread_blocked, id=16644, stack(0x000000795cb00000,0x000000795cc00000)]
  0x00000179db92c330 JavaThread "Sweeper thread" daemon [_thread_blocked, id=13544, stack(0x000000795cc00000,0x000000795cd00000)]
  0x00000179daec0040 JavaThread "Common-Cleaner" daemon [_thread_blocked, id=16288, stack(0x000000795cd00000,0x000000795ce00000)]
  0x00000179dbb6f7c0 JavaThread "Notification Thread" daemon [_thread_blocked, id=10904, stack(0x000000795ce00000,0x000000795cf00000)]
  0x00000179dd2aa0a0 JavaThread "ForkJoinPool.commonPool-worker-1" daemon [_thread_blocked, id=14004, stack(0x000000795d000000,0x000000795d100000)]
  0x00000179dc1de2d0 JavaThread "C1 CompilerThread1" daemon [_thread_blocked, id=15884, stack(0x000000795d400000,0x000000795d500000)]
  0x00000179db9e2ff0 JavaThread "pool-7-thread-1" [_thread_blocked, id=12372, stack(0x000000795d600000,0x000000795d700000)]
  0x00000179dd3b7430 JavaThread "LanguageServerApp-lifecycle" [_thread_blocked, id=2688, stack(0x000000795d700000,0x000000795d800000)]
  0x00000179ce3b7e40 JavaThread "DestroyJavaVM" [_thread_blocked, id=12788, stack(0x000000795bd00000,0x000000795be00000)]
  0x00000179dd615fc0 JavaThread "ClassGraph-worker-0" daemon [_thread_blocked, id=20768, stack(0x000000795d800000,0x000000795d900000)]
  0x00000179dd616f20 JavaThread "pool-8-thread-1" [_thread_in_native, id=6796, stack(0x000000795d900000,0x000000795da00000)]
  0x00000179dd3b7900 JavaThread "ClassGraph-worker-1" daemon [_thread_blocked, id=10224, stack(0x000000795da00000,0x000000795db00000)]
  0x00000179dd3b7dd0 JavaThread "ClassGraph-worker-2" daemon [_thread_blocked, id=676, stack(0x000000795db00000,0x000000795dc00000)]
  0x00000179dd3b82a0 JavaThread "ClassGraph-worker-3" daemon [_thread_blocked, id=18956, stack(0x000000795dc00000,0x000000795dd00000)]
  0x00000179dd379a10 JavaThread "ClassGraph-worker-4" daemon [_thread_blocked, id=20804, stack(0x000000795dd00000,0x000000795de00000)]
  0x00000179dd37a880 JavaThread "ClassGraph-worker-5" daemon [_thread_blocked, id=6040, stack(0x000000795de00000,0x000000795df00000)]
  0x00000179dd37ad50 JavaThread "ClassGraph-worker-6" daemon [_thread_blocked, id=18220, stack(0x000000795df00000,0x000000795e000000)]
  0x00000179dd379540 JavaThread "ClassGraph-worker-7" daemon [_thread_blocked, id=11092, stack(0x000000795e000000,0x000000795e100000)]
  0x00000179dd379ee0 JavaThread "Simple-Language-Server main thread" daemon [_thread_blocked, id=13804, stack(0x000000795e100000,0x000000795e200000)]
  0x00000179dd37b220 JavaThread "pool-5-thread-1" [_thread_blocked, id=10188, stack(0x000000795e200000,0x000000795e300000)]
  0x00000179dd37b6f0 JavaThread "Reconciler-1" [_thread_blocked, id=18252, stack(0x000000795e300000,0x000000795e400000)]
  0x00000179dd37a3b0 JavaThread "parallel-1" daemon [_thread_blocked, id=12784, stack(0x000000795e600000,0x000000795e700000)]

Other Threads:
=>0x00000179daeea950 VMThread "VM Thread" [stack: 0x000000795c400000,0x000000795c500000] [id=392]
  0x00000179dbb6fc90 WatcherThread [stack: 0x000000795cf00000,0x000000795d000000] [id=19248]
  0x00000179ce413d60 GCTaskThread "GC Thread#0" [stack: 0x000000795bf00000,0x000000795c000000] [id=17104]
  0x00000179dc406190 GCTaskThread "GC Thread#1" [stack: 0x000000795d100000,0x000000795d200000] [id=19700]
  0x00000179dc406440 GCTaskThread "GC Thread#2" [stack: 0x000000795d200000,0x000000795d300000] [id=17316]
  0x00000179dc418d20 GCTaskThread "GC Thread#3" [stack: 0x000000795d300000,0x000000795d400000] [id=13152]
  0x00000179ce4247f0 ConcurrentGCThread "G1 Main Marker" [stack: 0x000000795c000000,0x000000795c100000] [id=18216]
  0x00000179ce425110 ConcurrentGCThread "G1 Conc#0" [stack: 0x000000795c100000,0x000000795c200000] [id=2764]
  0x00000179dad90090 ConcurrentGCThread "G1 Refine#0" [stack: 0x000000795c200000,0x000000795c300000] [id=1128]
  0x00000179dad909c0 ConcurrentGCThread "G1 Service" [stack: 0x000000795c300000,0x000000795c400000] [id=15336]

Threads with active compile tasks:

VM state: at safepoint (normal execution)

VM Mutex/Monitor currently owned by a thread:  ([mutex/lock_event])
[0x00000179ce3b2bf0] Threads_lock - owner thread: 0x00000179daeea950
[0x00000179ce3b2890] Heap_lock - owner thread: 0x00000179dd37a880

Heap address: 0x0000000081e00000, size: 2018 MB, Compressed Oops mode: 32-bit

CDS archive(s) not mapped
Compressed class space mapped at: 0x0000000100000000-0x0000000140000000, reserved size: 1073741824
Narrow klass base: 0x0000000000000000, Narrow klass shift: 3, Narrow klass range: 0x140000000

GC Precious Log:
 CPUs: 4 total, 4 available
 Memory: 8070M
 Large Page Support: Disabled
 NUMA Support: Disabled
 Compressed Oops: Enabled (32-bit)
 Heap Region Size: 1M
 Heap Min Capacity: 8M
 Heap Initial Capacity: 128M
 Heap Max Capacity: 2018M
 Pre-touch: Disabled
 Parallel Workers: 4
 Concurrent Workers: 1
 Concurrent Refinement Workers: 4
 Periodic GC: Disabled

Heap:
 garbage-first heap   total 133120K, used 48948K [0x0000000081e00000, 0x0000000100000000)
  region size 1024K, 1 young (1024K), 1 survivors (1024K)
 Metaspace       used 34231K, committed 34560K, reserved 1081344K
  class space    used 4445K, committed 4608K, reserved 1048576K

Heap Regions: E=young(eden), S=young(survivor), O=old, HS=humongous(starts), HC=humongous(continues), CS=collection set, F=free, OA=open archive, CA=closed archive, TAMS=top-at-mark-start (previous, next)
|   0|0x0000000081e00000, 0x0000000081f00000, 0x0000000081f00000|100%| O|  |TAMS 0x0000000081f00000, 0x0000000081e00000| Untracked 
|   1|0x0000000081f00000, 0x0000000082000000, 0x0000000082000000|100%| O|  |TAMS 0x0000000082000000, 0x0000000081f00000| Untracked 
|   2|0x0000000082000000, 0x0000000082100000, 0x0000000082100000|100%| O|  |TAMS 0x0000000082100000, 0x0000000082000000| Untracked 
|   3|0x0000000082100000, 0x0000000082200000, 0x0000000082200000|100%| O|  |TAMS 0x0000000082200000, 0x0000000082100000| Untracked 
|   4|0x0000000082200000, 0x0000000082300000, 0x0000000082300000|100%| O|  |TAMS 0x0000000082300000, 0x0000000082200000| Untracked 
|   5|0x0000000082300000, 0x0000000082400000, 0x0000000082400000|100%| O|  |TAMS 0x0000000082400000, 0x0000000082300000| Untracked 
|   6|0x0000000082400000, 0x0000000082500000, 0x0000000082500000|100%| O|  |TAMS 0x0000000082500000, 0x0000000082400000| Untracked 
|   7|0x0000000082500000, 0x0000000082600000, 0x0000000082600000|100%| O|  |TAMS 0x0000000082600000, 0x0000000082500000| Untracked 
|   8|0x0000000082600000, 0x0000000082700000, 0x0000000082700000|100%| O|  |TAMS 0x0000000082700000, 0x0000000082600000| Untracked 
|   9|0x0000000082700000, 0x0000000082800000, 0x0000000082800000|100%| O|  |TAMS 0x0000000082800000, 0x0000000082700000| Untracked 
|  10|0x0000000082800000, 0x0000000082900000, 0x0000000082900000|100%| O|  |TAMS 0x0000000082900000, 0x0000000082800000| Untracked 
|  11|0x0000000082900000, 0x0000000082a00000, 0x0000000082a00000|100%| O|  |TAMS 0x0000000082a00000, 0x0000000082900000| Untracked 
|  12|0x0000000082a00000, 0x0000000082a00000, 0x0000000082b00000|  0%| F|  |TAMS 0x0000000082a00000, 0x0000000082a00000| Untracked 
|  13|0x0000000082b00000, 0x0000000082c00000, 0x0000000082c00000|100%| O|  |TAMS 0x0000000082c00000, 0x0000000082b00000| Untracked 
|  14|0x0000000082c00000, 0x0000000082d00000, 0x0000000082d00000|100%| O|  |TAMS 0x0000000082d00000, 0x0000000082c00000| Untracked 
|  15|0x0000000082d00000, 0x0000000082e00000, 0x0000000082e00000|100%| O|  |TAMS 0x0000000082e00000, 0x0000000082d00000| Untracked 
|  16|0x0000000082e00000, 0x0000000082f00000, 0x0000000082f00000|100%| O|  |TAMS 0x0000000082f00000, 0x0000000082e00000| Untracked 
|  17|0x0000000082f00000, 0x0000000083000000, 0x0000000083000000|100%| O|  |TAMS 0x0000000083000000, 0x0000000082f00000| Untracked 
|  18|0x0000000083000000, 0x0000000083100000, 0x0000000083100000|100%| O|  |TAMS 0x0000000083100000, 0x0000000083000000| Untracked 
|  19|0x0000000083100000, 0x0000000083200000, 0x0000000083200000|100%| O|  |TAMS 0x0000000083200000, 0x0000000083100000| Untracked 
|  20|0x0000000083200000, 0x0000000083300000, 0x0000000083300000|100%| O|  |TAMS 0x0000000083300000, 0x0000000083200000| Untracked 
|  21|0x0000000083300000, 0x0000000083400000, 0x0000000083400000|100%| O|  |TAMS 0x0000000083400000, 0x0000000083300000| Untracked 
|  22|0x0000000083400000, 0x0000000083500000, 0x0000000083500000|100%| O|  |TAMS 0x0000000083500000, 0x0000000083400000| Untracked 
|  23|0x0000000083500000, 0x0000000083600000, 0x0000000083600000|100%| O|  |TAMS 0x0000000083600000, 0x0000000083500000| Untracked 
|  24|0x0000000083600000, 0x0000000083700000, 0x0000000083700000|100%| O|  |TAMS 0x0000000083700000, 0x0000000083600000| Untracked 
|  25|0x0000000083700000, 0x0000000083800000, 0x0000000083800000|100%| O|  |TAMS 0x0000000083800000, 0x0000000083700000| Untracked 
|  26|0x0000000083800000, 0x0000000083900000, 0x0000000083900000|100%| O|  |TAMS 0x0000000083900000, 0x0000000083800000| Untracked 
|  27|0x0000000083900000, 0x0000000083a00000, 0x0000000083a00000|100%| O|  |TAMS 0x0000000083a00000, 0x0000000083900000| Untracked 
|  28|0x0000000083a00000, 0x0000000083b00000, 0x0000000083b00000|100%| O|  |TAMS 0x0000000083b00000, 0x0000000083a00000| Untracked 
|  29|0x0000000083b00000, 0x0000000083c00000, 0x0000000083c00000|100%| O|  |TAMS 0x0000000083c00000, 0x0000000083b00000| Untracked 
|  30|0x0000000083c00000, 0x0000000083d00000, 0x0000000083d00000|100%| O|  |TAMS 0x0000000083d00000, 0x0000000083c00000| Untracked 
|  31|0x0000000083d00000, 0x0000000083e00000, 0x0000000083e00000|100%| O|  |TAMS 0x0000000083d00000, 0x0000000083d00000| Untracked 
|  32|0x0000000083e00000, 0x0000000083f00000, 0x0000000083f00000|100%| O|  |TAMS 0x0000000083f00000, 0x0000000083e00000| Untracked 
|  33|0x0000000083f00000, 0x0000000084000000, 0x0000000084000000|100%| O|  |TAMS 0x0000000084000000, 0x0000000083f00000| Untracked 
|  34|0x0000000084000000, 0x0000000084100000, 0x0000000084100000|100%| O|  |TAMS 0x0000000084100000, 0x0000000084000000| Untracked 
|  35|0x0000000084100000, 0x0000000084200000, 0x0000000084200000|100%| O|  |TAMS 0x0000000084200000, 0x0000000084100000| Untracked 
|  36|0x0000000084200000, 0x0000000084300000, 0x0000000084300000|100%| O|  |TAMS 0x0000000084300000, 0x0000000084200000| Untracked 
|  37|0x0000000084300000, 0x0000000084400000, 0x0000000084400000|100%| O|  |TAMS 0x0000000084400000, 0x0000000084300000| Untracked 
|  38|0x0000000084400000, 0x0000000084500000, 0x0000000084500000|100%| O|  |TAMS 0x0000000084500000, 0x0000000084400000| Untracked 
|  39|0x0000000084500000, 0x0000000084600000, 0x0000000084600000|100%| O|  |TAMS 0x0000000084591600, 0x0000000084500000| Untracked 
|  40|0x0000000084600000, 0x0000000084700000, 0x0000000084700000|100%| O|  |TAMS 0x0000000084600000, 0x0000000084600000| Untracked 
|  41|0x0000000084700000, 0x0000000084800000, 0x0000000084800000|100%| O|  |TAMS 0x0000000084700000, 0x0000000084700000| Untracked 
|  42|0x0000000084800000, 0x0000000084900000, 0x0000000084900000|100%| O|  |TAMS 0x0000000084800000, 0x0000000084800000| Untracked 
|  43|0x0000000084900000, 0x0000000084a00000, 0x0000000084a00000|100%| O|  |TAMS 0x0000000084900000, 0x0000000084900000| Untracked 
|  44|0x0000000084a00000, 0x0000000084b00000, 0x0000000084b00000|100%| O|  |TAMS 0x0000000084a00000, 0x0000000084a00000| Untracked 
|  45|0x0000000084b00000, 0x0000000084c00000, 0x0000000084c00000|100%| O|  |TAMS 0x0000000084b00000, 0x0000000084b00000| Untracked 
|  46|0x0000000084c00000, 0x0000000084d00000, 0x0000000084d00000|100%| O|  |TAMS 0x0000000084c00000, 0x0000000084c00000| Untracked 
|  47|0x0000000084d00000, 0x0000000084e00000, 0x0000000084e00000|100%| O|  |TAMS 0x0000000084d00000, 0x0000000084d00000| Untracked 
|  48|0x0000000084e00000, 0x0000000084e00000, 0x0000000084f00000|  0%| F|  |TAMS 0x0000000084e00000, 0x0000000084e00000| Untracked 
|  49|0x0000000084f00000, 0x0000000084f00000, 0x0000000085000000|  0%| F|  |TAMS 0x0000000084f00000, 0x0000000084f00000| Untracked 
|  50|0x0000000085000000, 0x0000000085000000, 0x0000000085100000|  0%| F|  |TAMS 0x0000000085000000, 0x0000000085000000| Untracked 
|  51|0x0000000085100000, 0x0000000085100000, 0x0000000085200000|  0%| F|  |TAMS 0x0000000085100000, 0x0000000085100000| Untracked 
|  52|0x0000000085200000, 0x0000000085200000, 0x0000000085300000|  0%| F|  |TAMS 0x0000000085200000, 0x0000000085200000| Untracked 
|  53|0x0000000085300000, 0x0000000085300000, 0x0000000085400000|  0%| F|  |TAMS 0x0000000085300000, 0x0000000085300000| Untracked 
|  54|0x0000000085400000, 0x0000000085400000, 0x0000000085500000|  0%| F|  |TAMS 0x0000000085400000, 0x0000000085400000| Untracked 
|  55|0x0000000085500000, 0x0000000085500000, 0x0000000085600000|  0%| F|  |TAMS 0x0000000085500000, 0x0000000085500000| Untracked 
|  56|0x0000000085600000, 0x0000000085600000, 0x0000000085700000|  0%| F|  |TAMS 0x0000000085600000, 0x0000000085600000| Untracked 
|  57|0x0000000085700000, 0x0000000085700000, 0x0000000085800000|  0%| F|  |TAMS 0x0000000085700000, 0x0000000085700000| Untracked 
|  58|0x0000000085800000, 0x0000000085800000, 0x0000000085900000|  0%| F|  |TAMS 0x0000000085800000, 0x0000000085800000| Untracked 
|  59|0x0000000085900000, 0x0000000085900000, 0x0000000085a00000|  0%| F|  |TAMS 0x0000000085900000, 0x0000000085900000| Untracked 
|  60|0x0000000085a00000, 0x0000000085a00000, 0x0000000085b00000|  0%| F|  |TAMS 0x0000000085a00000, 0x0000000085a00000| Untracked 
|  61|0x0000000085b00000, 0x0000000085b00000, 0x0000000085c00000|  0%| F|  |TAMS 0x0000000085b00000, 0x0000000085b00000| Untracked 
|  62|0x0000000085c00000, 0x0000000085c00000, 0x0000000085d00000|  0%| F|  |TAMS 0x0000000085c00000, 0x0000000085c00000| Untracked 
|  63|0x0000000085d00000, 0x0000000085d00000, 0x0000000085e00000|  0%| F|  |TAMS 0x0000000085d00000, 0x0000000085d00000| Untracked 
|  64|0x0000000085e00000, 0x0000000085e00000, 0x0000000085f00000|  0%| F|  |TAMS 0x0000000085e00000, 0x0000000085e00000| Untracked 
|  65|0x0000000085f00000, 0x0000000085f00000, 0x0000000086000000|  0%| F|  |TAMS 0x0000000085f00000, 0x0000000085f00000| Untracked 
|  66|0x0000000086000000, 0x0000000086000000, 0x0000000086100000|  0%| F|  |TAMS 0x0000000086000000, 0x0000000086000000| Untracked 
|  67|0x0000000086100000, 0x0000000086100000, 0x0000000086200000|  0%| F|  |TAMS 0x0000000086100000, 0x0000000086100000| Untracked 
|  68|0x0000000086200000, 0x0000000086200000, 0x0000000086300000|  0%| F|  |TAMS 0x0000000086200000, 0x0000000086200000| Untracked 
|  69|0x0000000086300000, 0x0000000086300000, 0x0000000086400000|  0%| F|  |TAMS 0x0000000086300000, 0x0000000086300000| Untracked 
|  70|0x0000000086400000, 0x0000000086400000, 0x0000000086500000|  0%| F|  |TAMS 0x0000000086400000, 0x0000000086400000| Untracked 
|  71|0x0000000086500000, 0x0000000086500000, 0x0000000086600000|  0%| F|  |TAMS 0x0000000086500000, 0x0000000086500000| Untracked 
|  72|0x0000000086600000, 0x0000000086600000, 0x0000000086700000|  0%| F|  |TAMS 0x0000000086600000, 0x0000000086600000| Untracked 
|  73|0x0000000086700000, 0x0000000086700000, 0x0000000086800000|  0%| F|  |TAMS 0x0000000086700000, 0x0000000086700000| Untracked 
|  74|0x0000000086800000, 0x0000000086800000, 0x0000000086900000|  0%| F|  |TAMS 0x0000000086800000, 0x0000000086800000| Untracked 
|  75|0x0000000086900000, 0x0000000086900000, 0x0000000086a00000|  0%| F|  |TAMS 0x0000000086900000, 0x0000000086900000| Untracked 
|  76|0x0000000086a00000, 0x0000000086a00000, 0x0000000086b00000|  0%| F|  |TAMS 0x0000000086a00000, 0x0000000086a00000| Untracked 
|  77|0x0000000086b00000, 0x0000000086b00000, 0x0000000086c00000|  0%| F|  |TAMS 0x0000000086b00000, 0x0000000086b00000| Untracked 
|  78|0x0000000086c00000, 0x0000000086c00000, 0x0000000086d00000|  0%| F|  |TAMS 0x0000000086c00000, 0x0000000086c00000| Untracked 
|  79|0x0000000086d00000, 0x0000000086d00000, 0x0000000086e00000|  0%| F|  |TAMS 0x0000000086d00000, 0x0000000086d00000| Untracked 
|  80|0x0000000086e00000, 0x0000000086e00000, 0x0000000086f00000|  0%| F|  |TAMS 0x0000000086e00000, 0x0000000086e00000| Untracked 
|  81|0x0000000086f00000, 0x0000000086f00000, 0x0000000087000000|  0%| F|  |TAMS 0x0000000086f00000, 0x0000000086f00000| Untracked 
|  82|0x0000000087000000, 0x0000000087000000, 0x0000000087100000|  0%| F|  |TAMS 0x0000000087000000, 0x0000000087000000| Untracked 
|  83|0x0000000087100000, 0x0000000087100000, 0x0000000087200000|  0%| F|  |TAMS 0x0000000087100000, 0x0000000087100000| Untracked 
|  84|0x0000000087200000, 0x0000000087200000, 0x0000000087300000|  0%| F|  |TAMS 0x0000000087200000, 0x0000000087200000| Untracked 
|  85|0x0000000087300000, 0x0000000087300000, 0x0000000087400000|  0%| F|  |TAMS 0x0000000087300000, 0x0000000087300000| Untracked 
|  86|0x0000000087400000, 0x0000000087400000, 0x0000000087500000|  0%| F|  |TAMS 0x0000000087400000, 0x0000000087400000| Untracked 
|  87|0x0000000087500000, 0x0000000087500000, 0x0000000087600000|  0%| F|  |TAMS 0x0000000087500000, 0x0000000087500000| Untracked 
|  88|0x0000000087600000, 0x0000000087600000, 0x0000000087700000|  0%| F|  |TAMS 0x0000000087600000, 0x0000000087600000| Untracked 
|  89|0x0000000087700000, 0x0000000087700000, 0x0000000087800000|  0%| F|  |TAMS 0x0000000087700000, 0x0000000087700000| Untracked 
|  90|0x0000000087800000, 0x0000000087800000, 0x0000000087900000|  0%| F|  |TAMS 0x0000000087800000, 0x0000000087800000| Untracked 
|  91|0x0000000087900000, 0x0000000087900000, 0x0000000087a00000|  0%| F|  |TAMS 0x0000000087900000, 0x0000000087900000| Untracked 
|  92|0x0000000087a00000, 0x0000000087a00000, 0x0000000087b00000|  0%| F|  |TAMS 0x0000000087a00000, 0x0000000087a00000| Untracked 
|  93|0x0000000087b00000, 0x0000000087b00000, 0x0000000087c00000|  0%| F|  |TAMS 0x0000000087b00000, 0x0000000087b00000| Untracked 
|  94|0x0000000087c00000, 0x0000000087c00000, 0x0000000087d00000|  0%| F|  |TAMS 0x0000000087c00000, 0x0000000087c00000| Untracked 
|  95|0x0000000087d00000, 0x0000000087d00000, 0x0000000087e00000|  0%| F|  |TAMS 0x0000000087d00000, 0x0000000087d00000| Untracked 
|  96|0x0000000087e00000, 0x0000000087e00000, 0x0000000087f00000|  0%| F|  |TAMS 0x0000000087e00000, 0x0000000087e00000| Untracked 
|  97|0x0000000087f00000, 0x0000000087f00000, 0x0000000088000000|  0%| F|  |TAMS 0x0000000087f00000, 0x0000000087f00000| Untracked 
|  98|0x0000000088000000, 0x0000000088000000, 0x0000000088100000|  0%| F|  |TAMS 0x0000000088000000, 0x0000000088000000| Untracked 
|  99|0x0000000088100000, 0x0000000088100000, 0x0000000088200000|  0%| F|  |TAMS 0x0000000088100000, 0x0000000088100000| Untracked 
| 100|0x0000000088200000, 0x0000000088200000, 0x0000000088300000|  0%| F|  |TAMS 0x0000000088200000, 0x0000000088200000| Untracked 
| 101|0x0000000088300000, 0x0000000088300000, 0x0000000088400000|  0%| F|  |TAMS 0x0000000088300000, 0x0000000088300000| Untracked 
| 102|0x0000000088400000, 0x0000000088400000, 0x0000000088500000|  0%| F|  |TAMS 0x0000000088400000, 0x0000000088400000| Untracked 
| 103|0x0000000088500000, 0x0000000088500000, 0x0000000088600000|  0%| F|  |TAMS 0x0000000088500000, 0x0000000088500000| Untracked 
| 104|0x0000000088600000, 0x0000000088600000, 0x0000000088700000|  0%| F|  |TAMS 0x0000000088600000, 0x0000000088600000| Untracked 
| 105|0x0000000088700000, 0x0000000088700000, 0x0000000088800000|  0%| F|  |TAMS 0x0000000088700000, 0x0000000088700000| Untracked 
| 106|0x0000000088800000, 0x0000000088800000, 0x0000000088900000|  0%| F|  |TAMS 0x0000000088800000, 0x0000000088800000| Untracked 
| 107|0x0000000088900000, 0x0000000088900000, 0x0000000088a00000|  0%| F|  |TAMS 0x0000000088900000, 0x0000000088900000| Untracked 
| 108|0x0000000088a00000, 0x0000000088a00000, 0x0000000088b00000|  0%| F|  |TAMS 0x0000000088a00000, 0x0000000088a00000| Untracked 
| 109|0x0000000088b00000, 0x0000000088b00000, 0x0000000088c00000|  0%| F|  |TAMS 0x0000000088b00000, 0x0000000088b00000| Untracked 
| 110|0x0000000088c00000, 0x0000000088c00000, 0x0000000088d00000|  0%| F|  |TAMS 0x0000000088c00000, 0x0000000088c00000| Untracked 
| 111|0x0000000088d00000, 0x0000000088d00000, 0x0000000088e00000|  0%| F|  |TAMS 0x0000000088d00000, 0x0000000088d00000| Untracked 
| 112|0x0000000088e00000, 0x0000000088e00000, 0x0000000088f00000|  0%| F|  |TAMS 0x0000000088e00000, 0x0000000088e00000| Untracked 
| 113|0x0000000088f00000, 0x0000000088f00000, 0x0000000089000000|  0%| F|  |TAMS 0x0000000088f00000, 0x0000000088f00000| Untracked 
| 114|0x0000000089000000, 0x0000000089000000, 0x0000000089100000|  0%| F|  |TAMS 0x0000000089000000, 0x0000000089000000| Untracked 
| 115|0x0000000089100000, 0x0000000089100000, 0x0000000089200000|  0%| F|  |TAMS 0x0000000089100000, 0x0000000089100000| Untracked 
| 116|0x0000000089200000, 0x0000000089200000, 0x0000000089300000|  0%| F|  |TAMS 0x0000000089200000, 0x0000000089200000| Untracked 
| 117|0x0000000089300000, 0x0000000089300000, 0x0000000089400000|  0%| F|  |TAMS 0x0000000089300000, 0x0000000089300000| Untracked 
| 118|0x0000000089400000, 0x0000000089400000, 0x0000000089500000|  0%| F|  |TAMS 0x0000000089400000, 0x0000000089400000| Untracked 
| 119|0x0000000089500000, 0x0000000089500000, 0x0000000089600000|  0%| F|  |TAMS 0x0000000089500000, 0x0000000089500000| Untracked 
| 120|0x0000000089600000, 0x0000000089600000, 0x0000000089700000|  0%| F|  |TAMS 0x0000000089600000, 0x0000000089600000| Untracked 
| 121|0x0000000089700000, 0x0000000089700000, 0x0000000089800000|  0%| F|  |TAMS 0x0000000089700000, 0x0000000089700000| Untracked 
| 122|0x0000000089800000, 0x0000000089800000, 0x0000000089900000|  0%| F|  |TAMS 0x0000000089800000, 0x0000000089800000| Untracked 
| 123|0x0000000089900000, 0x0000000089900000, 0x0000000089a00000|  0%| F|  |TAMS 0x0000000089900000, 0x0000000089900000| Untracked 
| 124|0x0000000089a00000, 0x0000000089a00000, 0x0000000089b00000|  0%| F|  |TAMS 0x0000000089a00000, 0x0000000089a00000| Untracked 
| 125|0x0000000089b00000, 0x0000000089b00000, 0x0000000089c00000|  0%| F|  |TAMS 0x0000000089b00000, 0x0000000089b00000| Untracked 
| 126|0x0000000089c00000, 0x0000000089c00000, 0x0000000089d00000|  0%| F|  |TAMS 0x0000000089c00000, 0x0000000089c00000| Untracked 
| 127|0x0000000089d00000, 0x0000000089d00000, 0x0000000089e00000|  0%| F|  |TAMS 0x0000000089d00000, 0x0000000089d00000| Untracked 
| 128|0x0000000089e00000, 0x0000000089ecd280, 0x0000000089f00000| 80%| S|CS|TAMS 0x0000000089e00000, 0x0000000089e00000| Complete 
| 129|0x0000000089f00000, 0x0000000089f00000, 0x000000008a000000|  0%| F|  |TAMS 0x0000000089f00000, 0x0000000089f00000| Untracked 

Card table byte_map: [0x00000179d4440000,0x00000179d4840000] _byte_map_base: 0x00000179d4031000

Marking Bits (Prev, Next): (CMBitMap*) 0x00000179ce4142c0, (CMBitMap*) 0x00000179ce414280
 Prev Bits: [0x00000179d6bd0000, 0x00000179d8b58000)
 Next Bits: [0x00000179d4c40000, 0x00000179d6bc8000)

Polling page: 0x00000179cc560000

Metaspace:

Usage:
  Non-class:     29.09 MB used.
      Class:      4.34 MB used.
       Both:     33.43 MB used.

Virtual space:
  Non-class space:       32.00 MB reserved,      29.25 MB ( 91%) committed,  4 nodes.
      Class space:        1.00 GB reserved,       4.50 MB ( <1%) committed,  1 nodes.
             Both:        1.03 GB reserved,      33.75 MB (  3%) committed. 

Chunk freelists:
   Non-Class:  2.06 MB
       Class:  3.52 MB
        Both:  5.58 MB

MaxMetaspaceSize: unlimited
CompressedClassSpaceSize: 1.00 GB
Initial GC threshold: 21.00 MB
Current GC threshold: 56.25 MB
CDS: off
MetaspaceReclaimPolicy: balanced
 - commit_granule_bytes: 65536.
 - commit_granule_words: 8192.
 - virtual_space_node_default_size: 1048576.
 - enlarge_chunks_in_place: 1.
 - new_chunks_are_fully_committed: 0.
 - uncommit_free_chunks: 1.
 - use_allocation_guard: 0.
 - handle_deallocations: 1.


Internal statistics:

num_allocs_failed_limit: 3.
num_arena_births: 330.
num_arena_deaths: 56.
num_vsnodes_births: 5.
num_vsnodes_deaths: 0.
num_space_committed: 540.
num_space_uncommitted: 0.
num_chunks_returned_to_freelist: 60.
num_chunks_taken_from_freelist: 1312.
num_chunk_merges: 20.
num_chunk_splits: 878.
num_chunks_enlarged: 691.
num_purges: 2.
num_inconsistent_stats: 0.

CodeCache: size=49152Kb used=7700Kb max_used=7942Kb free=41451Kb
 bounds [0x00000179d1040000, 0x00000179d1810000, 0x00000179d4040000]
 total_blobs=4078 nmethods=3558 adapters=446
 compilation: enabled
              stopped_count=0, restarted_count=0
 full_count=0

Compilation events (20 events):
Event: 47.802 Thread 0x00000179dc1de2d0 nmethod 3554 0x00000179d16bcb10 code [0x00000179d16bcd00, 0x00000179d16bd068]
Event: 47.802 Thread 0x00000179dc1de2d0 3555       1       nonapi.io.github.classgraph.fastzipfilereader.NestedJarHandler$RecyclableInflater::reset (8 bytes)
Event: 47.802 Thread 0x00000179dc1de2d0 nmethod 3555 0x00000179d16bc790 code [0x00000179d16bc920, 0x00000179d16bca08]
Event: 47.802 Thread 0x00000179db929a20 nmethod 3553 0x00000179d16bc110 code [0x00000179d16bc2e0, 0x00000179d16bc5b8]
Event: 47.802 Thread 0x00000179db929a20 3556       1       java.util.concurrent.ConcurrentLinkedQueue$Node::casItem (10 bytes)
Event: 47.802 Thread 0x00000179dc1de2d0 3557   !   1       nonapi.io.github.classgraph.fastzipfilereader.NestedJarHandler$8::read (225 bytes)
Event: 47.804 Thread 0x00000179db929a20 nmethod 3556 0x00000179d16bb890 code [0x00000179d16bba80, 0x00000179d16bbef8]
Event: 47.805 Thread 0x00000179db929a20 3558       1       io.github.classgraph.ClasspathElementZip$1::close (28 bytes)
Event: 47.805 Thread 0x00000179dc1de2d0 nmethod 3557 0x00000179d16ba710 code [0x00000179d16ba980, 0x00000179d16bb1c8]
Event: 47.806 Thread 0x00000179db929a20 nmethod 3558 0x00000179d16b9f90 code [0x00000179d16ba160, 0x00000179d16ba4d8]
Event: 47.853 Thread 0x00000179db929a20 3560   !   1       io.github.classgraph.ClasspathElementZip$1::open (79 bytes)
Event: 47.853 Thread 0x00000179dc1de2d0 3559       1       io.github.classgraph.ClasspathElementZip$1::openClassfile (13 bytes)
Event: 47.853 Thread 0x00000179dc1de2d0 nmethod 3559 0x00000179d16b9a10 code [0x00000179d16b9bc0, 0x00000179d16b9ec8]
Event: 47.854 Thread 0x00000179dc1de2d0 3561       1       nonapi.io.github.classgraph.fileslice.reader.ClassfileReader::<init> (29 bytes)
Event: 47.854 Thread 0x00000179dc1de2d0 nmethod 3561 0x00000179d16b9590 code [0x00000179d16b9720, 0x00000179d16b9998]
Event: 47.855 Thread 0x00000179db929a20 nmethod 3560 0x00000179d16b8510 code [0x00000179d16b8760, 0x00000179d16b9018]
Event: 47.910 Thread 0x00000179db929a20 3562       1       java.lang.Throwable::<init> (34 bytes)
Event: 47.910 Thread 0x00000179db929a20 nmethod 3562 0x00000179d16b8010 code [0x00000179d16b81c0, 0x00000179d16b8448]
Event: 48.339 Thread 0x00000179db929a20 3563       1       java.lang.Exception::<init> (6 bytes)
Event: 48.340 Thread 0x00000179db929a20 nmethod 3563 0x00000179d16b7b10 code [0x00000179d16b7cc0, 0x00000179d16b7f48]

GC Heap History (20 events):
Event: 45.184 GC heap after
{Heap after GC invocations=16 (full 0):
 garbage-first heap   total 50176K, used 32114K [0x0000000081e00000, 0x0000000100000000)
  region size 1024K, 2 young (2048K), 2 survivors (2048K)
 Metaspace       used 33477K, committed 33728K, reserved 1081344K
  class space    used 4321K, committed 4416K, reserved 1048576K
}
Event: 45.872 GC heap before
{Heap before GC invocations=17 (full 0):
 garbage-first heap   total 56320K, used 37234K [0x0000000081e00000, 0x0000000100000000)
  region size 1024K, 7 young (7168K), 2 survivors (2048K)
 Metaspace       used 33901K, committed 34304K, reserved 1081344K
  class space    used 4412K, committed 4608K, reserved 1048576K
}
Event: 45.880 GC heap after
{Heap after GC invocations=18 (full 0):
 garbage-first heap   total 56320K, used 33096K [0x0000000081e00000, 0x0000000100000000)
  region size 1024K, 1 young (1024K), 1 survivors (1024K)
 Metaspace       used 33901K, committed 34304K, reserved 1081344K
  class space    used 4412K, committed 4608K, reserved 1048576K
}
Event: 46.039 GC heap before
{Heap before GC invocations=18 (full 0):
 garbage-first heap   total 56320K, used 34120K [0x0000000081e00000, 0x0000000100000000)
  region size 1024K, 2 young (2048K), 1 survivors (1024K)
 Metaspace       used 33901K, committed 34304K, reserved 1081344K
  class space    used 4412K, committed 4608K, reserved 1048576K
}
Event: 46.046 GC heap after
{Heap after GC invocations=19 (full 0):
 garbage-first heap   total 56320K, used 32683K [0x0000000081e00000, 0x0000000100000000)
  region size 1024K, 1 young (1024K), 1 survivors (1024K)
 Metaspace       used 33901K, committed 34304K, reserved 1081344K
  class space    used 4412K, committed 4608K, reserved 1048576K
}
Event: 46.959 GC heap before
{Heap before GC invocations=19 (full 0):
 garbage-first heap   total 56320K, used 41899K [0x0000000081e00000, 0x0000000100000000)
  region size 1024K, 10 young (10240K), 1 survivors (1024K)
 Metaspace       used 33903K, committed 34304K, reserved 1081344K
  class space    used 4412K, committed 4608K, reserved 1048576K
}
Event: 46.964 GC heap after
{Heap after GC invocations=20 (full 0):
 garbage-first heap   total 56320K, used 33153K [0x0000000081e00000, 0x0000000100000000)
  region size 1024K, 1 young (1024K), 1 survivors (1024K)
 Metaspace       used 33903K, committed 34304K, reserved 1081344K
  class space    used 4412K, committed 4608K, reserved 1048576K
}
Event: 47.289 GC heap before
{Heap before GC invocations=21 (full 0):
 garbage-first heap   total 63488K, used 42369K [0x0000000081e00000, 0x0000000100000000)
  region size 1024K, 11 young (11264K), 1 survivors (1024K)
 Metaspace       used 33911K, committed 34304K, reserved 1081344K
  class space    used 4414K, committed 4608K, reserved 1048576K
}
Event: 47.306 GC heap after
{Heap after GC invocations=22 (full 0):
 garbage-first heap   total 63488K, used 39521K [0x0000000081e00000, 0x0000000100000000)
  region size 1024K, 2 young (2048K), 2 survivors (2048K)
 Metaspace       used 33911K, committed 34304K, reserved 1081344K
  class space    used 4414K, committed 4608K, reserved 1048576K
}
Event: 47.340 GC heap before
{Heap before GC invocations=22 (full 0):
 garbage-first heap   total 63488K, used 40545K [0x0000000081e00000, 0x0000000100000000)
  region size 1024K, 3 young (3072K), 2 survivors (2048K)
 Metaspace       used 33988K, committed 34368K, reserved 1081344K
  class space    used 4420K, committed 4608K, reserved 1048576K
}
Event: 47.356 GC heap after
{Heap after GC invocations=23 (full 0):
 garbage-first heap   total 120832K, used 40246K [0x0000000081e00000, 0x0000000100000000)
  region size 1024K, 1 young (1024K), 1 survivors (1024K)
 Metaspace       used 33988K, committed 34368K, reserved 1081344K
  class space    used 4420K, committed 4608K, reserved 1048576K
}
Event: 47.885 GC heap before
{Heap before GC invocations=23 (full 0):
 garbage-first heap   total 120832K, used 74038K [0x0000000081e00000, 0x0000000100000000)
  region size 1024K, 35 young (35840K), 1 survivors (1024K)
 Metaspace       used 34231K, committed 34560K, reserved 1081344K
  class space    used 4445K, committed 4608K, reserved 1048576K
}
Event: 47.893 GC heap after
{Heap after GC invocations=24 (full 0):
 garbage-first heap   total 120832K, used 42323K [0x0000000081e00000, 0x0000000100000000)
  region size 1024K, 3 young (3072K), 3 survivors (3072K)
 Metaspace       used 34231K, committed 34560K, reserved 1081344K
  class space    used 4445K, committed 4608K, reserved 1048576K
}
Event: 48.056 GC heap before
{Heap before GC invocations=24 (full 0):
 garbage-first heap   total 120832K, used 82259K [0x0000000081e00000, 0x0000000100000000)
  region size 1024K, 43 young (44032K), 3 survivors (3072K)
 Metaspace       used 34231K, committed 34560K, reserved 1081344K
  class space    used 4445K, committed 4608K, reserved 1048576K
}
Event: 48.063 GC heap after
{Heap after GC invocations=25 (full 0):
 garbage-first heap   total 120832K, used 44483K [0x0000000081e00000, 0x0000000100000000)
  region size 1024K, 5 young (5120K), 5 survivors (5120K)
 Metaspace       used 34231K, committed 34560K, reserved 1081344K
  class space    used 4445K, committed 4608K, reserved 1048576K
}
Event: 48.271 GC heap before
{Heap before GC invocations=25 (full 0):
 garbage-first heap   total 120832K, used 87491K [0x0000000081e00000, 0x0000000100000000)
  region size 1024K, 49 young (50176K), 5 survivors (5120K)
 Metaspace       used 34231K, committed 34560K, reserved 1081344K
  class space    used 4445K, committed 4608K, reserved 1048576K
}
Event: 48.278 GC heap after
{Heap after GC invocations=26 (full 0):
 garbage-first heap   total 120832K, used 46221K [0x0000000081e00000, 0x0000000100000000)
  region size 1024K, 4 young (4096K), 4 survivors (4096K)
 Metaspace       used 34231K, committed 34560K, reserved 1081344K
  class space    used 4445K, committed 4608K, reserved 1048576K
}
Event: 48.822 GC heap before
{Heap before GC invocations=27 (full 0):
 garbage-first heap   total 133120K, used 89229K [0x0000000081e00000, 0x0000000100000000)
  region size 1024K, 47 young (48128K), 4 survivors (4096K)
 Metaspace       used 34231K, committed 34560K, reserved 1081344K
  class space    used 4445K, committed 4608K, reserved 1048576K
}
Event: 48.831 GC heap after
{Heap after GC invocations=28 (full 0):
 garbage-first heap   total 133120K, used 48808K [0x0000000081e00000, 0x0000000100000000)
  region size 1024K, 5 young (5120K), 5 survivors (5120K)
 Metaspace       used 34231K, committed 34560K, reserved 1081344K
  class space    used 4445K, committed 4608K, reserved 1048576K
}
Event: 48.842 GC heap before
{Heap before GC invocations=28 (full 0):
 garbage-first heap   total 133120K, used 48808K [0x0000000081e00000, 0x0000000100000000)
  region size 1024K, 6 young (6144K), 5 survivors (5120K)
 Metaspace       used 34231K, committed 34560K, reserved 1081344K
  class space    used 4445K, committed 4608K, reserved 1048576K
}

Deoptimization events (16 events):
Event: 12.023 Thread 0x00000179ce3b7e40 DEOPT PACKING pc=0x00000179d13d9b75 sp=0x000000795bdfd8b0
Event: 12.023 Thread 0x00000179ce3b7e40 DEOPT UNPACKING pc=0x00000179d1092b43 sp=0x000000795bdfcd20 mode 3
Event: 19.187 Thread 0x00000179ce3b7e40 DEOPT PACKING pc=0x00000179d14f3d19 sp=0x000000795bdfd120
Event: 19.187 Thread 0x00000179ce3b7e40 DEOPT UNPACKING pc=0x00000179d1092b43 sp=0x000000795bdfc600 mode 3
Event: 23.819 Thread 0x00000179ce3b7e40 DEOPT PACKING pc=0x00000179d152a975 sp=0x000000795bdfcc90
Event: 23.819 Thread 0x00000179ce3b7e40 DEOPT UNPACKING pc=0x00000179d1092b43 sp=0x000000795bdfc100 mode 3
Event: 36.958 Thread 0x00000179ce3b7e40 DEOPT PACKING pc=0x00000179d156a719 sp=0x000000795bdfc610
Event: 36.958 Thread 0x00000179ce3b7e40 DEOPT UNPACKING pc=0x00000179d1092b43 sp=0x000000795bdfbaf8 mode 3
Event: 38.851 Thread 0x00000179dd2aa0a0 DEOPT PACKING pc=0x00000179d16419ab sp=0x000000795d0fea80
Event: 38.851 Thread 0x00000179dd2aa0a0 DEOPT UNPACKING pc=0x00000179d1092b43 sp=0x000000795d0fdfc8 mode 3
Event: 44.389 Thread 0x00000179dd379ee0 DEOPT PACKING pc=0x00000179d17ccab5 sp=0x000000795e1fd860
Event: 44.389 Thread 0x00000179dd379ee0 DEOPT UNPACKING pc=0x00000179d1092b43 sp=0x000000795e1fcd88 mode 3
Event: 44.660 Thread 0x00000179dd379a10 DEOPT PACKING pc=0x00000179d14f5501 sp=0x000000795ddff0b0
Event: 44.660 Thread 0x00000179dd379a10 DEOPT UNPACKING pc=0x00000179d1092b43 sp=0x000000795ddfe540 mode 3
Event: 46.575 Thread 0x00000179dd3b82a0 DEOPT PACKING pc=0x00000179d14ed317 sp=0x000000795dcff110
Event: 46.575 Thread 0x00000179dd3b82a0 DEOPT UNPACKING pc=0x00000179d1092b43 sp=0x000000795dcfe568 mode 3

Classes unloaded (20 events):
Event: 44.392 Thread 0x00000179daeea950 Unloading class 0x0000000100342000 'java/lang/invoke/LambdaForm$MH+0x0000000100342000'
Event: 44.392 Thread 0x00000179daeea950 Unloading class 0x0000000100341c00 'java/lang/invoke/LambdaForm$MH+0x0000000100341c00'
Event: 44.392 Thread 0x00000179daeea950 Unloading class 0x0000000100341800 'java/lang/invoke/LambdaForm$MH+0x0000000100341800'
Event: 44.392 Thread 0x00000179daeea950 Unloading class 0x0000000100341400 'java/lang/invoke/LambdaForm$MH+0x0000000100341400'
Event: 44.392 Thread 0x00000179daeea950 Unloading class 0x0000000100340c00 'java/lang/invoke/LambdaForm$DMH+0x0000000100340c00'
Event: 44.392 Thread 0x00000179daeea950 Unloading class 0x0000000100340400 'java/lang/invoke/LambdaForm$DMH+0x0000000100340400'
Event: 44.392 Thread 0x00000179daeea950 Unloading class 0x00000001001a3400 'java/lang/invoke/LambdaForm$MH+0x00000001001a3400'
Event: 44.392 Thread 0x00000179daeea950 Unloading class 0x00000001001a3000 'java/lang/invoke/LambdaForm$MH+0x00000001001a3000'
Event: 44.392 Thread 0x00000179daeea950 Unloading class 0x00000001001a2c00 'java/lang/invoke/LambdaForm$MH+0x00000001001a2c00'
Event: 44.392 Thread 0x00000179daeea950 Unloading class 0x00000001001a2800 'java/lang/invoke/LambdaForm$MH+0x00000001001a2800'
Event: 44.392 Thread 0x00000179daeea950 Unloading class 0x00000001001a2400 'java/lang/invoke/LambdaForm$MH+0x00000001001a2400'
Event: 44.392 Thread 0x00000179daeea950 Unloading class 0x00000001001a1c00 'java/lang/invoke/LambdaForm$MH+0x00000001001a1c00'
Event: 44.392 Thread 0x00000179daeea950 Unloading class 0x00000001000d6800 'java/lang/invoke/LambdaForm$MH+0x00000001000d6800'
Event: 44.392 Thread 0x00000179daeea950 Unloading class 0x00000001000d6000 'java/lang/invoke/LambdaForm$MH+0x00000001000d6000'
Event: 44.392 Thread 0x00000179daeea950 Unloading class 0x00000001000d5c00 'java/lang/invoke/LambdaForm$MH+0x00000001000d5c00'
Event: 44.392 Thread 0x00000179daeea950 Unloading class 0x00000001000d5800 'java/lang/invoke/LambdaForm$MH+0x00000001000d5800'
Event: 44.392 Thread 0x00000179daeea950 Unloading class 0x00000001000d5000 'java/lang/invoke/LambdaForm$MH+0x00000001000d5000'
Event: 44.392 Thread 0x00000179daeea950 Unloading class 0x00000001000d4c00 'java/lang/invoke/LambdaForm$MH+0x00000001000d4c00'
Event: 44.392 Thread 0x00000179daeea950 Unloading class 0x00000001000d4800 'java/lang/invoke/LambdaForm$MH+0x00000001000d4800'
Event: 44.392 Thread 0x00000179daeea950 Unloading class 0x00000001000d4000 'java/lang/invoke/LambdaForm$MH+0x00000001000d4000'

Classes redefined (0 events):
No events

Internal exceptions (20 events):
Event: 48.269 Thread 0x00000179dd615fc0 Exception <a 'sun/nio/fs/WindowsException'{0x0000000086ae19f8}> (0x0000000086ae19f8) 
thrown [e:\jenkins\tmp\workspace\build\src\src\hotspot\share\prims\jni.cpp, line 516]
Event: 48.269 Thread 0x00000179dd615fc0 Exception <a 'sun/nio/fs/WindowsException'{0x0000000086ae1e18}> (0x0000000086ae1e18) 
thrown [e:\jenkins\tmp\workspace\build\src\src\hotspot\share\prims\jni.cpp, line 516]
Event: 48.286 Thread 0x00000179dd3b82a0 Exception <a 'sun/nio/fs/WindowsException'{0x0000000089296700}> (0x0000000089296700) 
thrown [e:\jenkins\tmp\workspace\build\src\src\hotspot\share\prims\jni.cpp, line 516]
Event: 48.287 Thread 0x00000179dd3b82a0 Exception <a 'sun/nio/fs/WindowsException'{0x0000000089296b70}> (0x0000000089296b70) 
thrown [e:\jenkins\tmp\workspace\build\src\src\hotspot\share\prims\jni.cpp, line 516]
Event: 48.295 Thread 0x00000179dd615fc0 Exception <a 'sun/nio/fs/WindowsException'{0x0000000089190d18}> (0x0000000089190d18) 
thrown [e:\jenkins\tmp\workspace\build\src\src\hotspot\share\prims\jni.cpp, line 516]
Event: 48.295 Thread 0x00000179dd615fc0 Exception <a 'sun/nio/fs/WindowsException'{0x0000000089191168}> (0x0000000089191168) 
thrown [e:\jenkins\tmp\workspace\build\src\src\hotspot\share\prims\jni.cpp, line 516]
Event: 48.295 Thread 0x00000179dd615fc0 Exception <a 'sun/nio/fs/WindowsException'{0x00000000891a7df0}> (0x00000000891a7df0) 
thrown [e:\jenkins\tmp\workspace\build\src\src\hotspot\share\prims\jni.cpp, line 516]
Event: 48.296 Thread 0x00000179dd615fc0 Exception <a 'sun/nio/fs/WindowsException'{0x00000000891a8250}> (0x00000000891a8250) 
thrown [e:\jenkins\tmp\workspace\build\src\src\hotspot\share\prims\jni.cpp, line 516]
Event: 48.297 Thread 0x00000179dd615fc0 Exception <a 'sun/nio/fs/WindowsException'{0x00000000891be528}> (0x00000000891be528) 
thrown [e:\jenkins\tmp\workspace\build\src\src\hotspot\share\prims\jni.cpp, line 516]
Event: 48.297 Thread 0x00000179dd615fc0 Exception <a 'sun/nio/fs/WindowsException'{0x00000000891be960}> (0x00000000891be960) 
thrown [e:\jenkins\tmp\workspace\build\src\src\hotspot\share\prims\jni.cpp, line 516]
Event: 48.338 Thread 0x00000179dd379540 Exception <a 'sun/nio/fs/WindowsException'{0x00000000887394d0}> (0x00000000887394d0) 
thrown [e:\jenkins\tmp\workspace\build\src\src\hotspot\share\prims\jni.cpp, line 516]
Event: 48.339 Thread 0x00000179dd379540 Exception <a 'sun/nio/fs/WindowsException'{0x0000000088739980}> (0x0000000088739980) 
thrown [e:\jenkins\tmp\workspace\build\src\src\hotspot\share\prims\jni.cpp, line 516]
Event: 48.366 Thread 0x00000179dd3b7900 Exception <a 'sun/nio/fs/WindowsException'{0x00000000883bf5d8}> (0x00000000883bf5d8) 
thrown [e:\jenkins\tmp\workspace\build\src\src\hotspot\share\prims\jni.cpp, line 516]
Event: 48.367 Thread 0x00000179dd3b7900 Exception <a 'sun/nio/fs/WindowsException'{0x00000000882dfd98}> (0x00000000882dfd98) 
thrown [e:\jenkins\tmp\workspace\build\src\src\hotspot\share\prims\jni.cpp, line 516]
Event: 48.417 Thread 0x00000179dd3b7900 Exception <a 'sun/nio/fs/WindowsException'{0x00000000878206a8}> (0x00000000878206a8) 
thrown [e:\jenkins\tmp\workspace\build\src\src\hotspot\share\prims\jni.cpp, line 516]
Event: 48.417 Thread 0x00000179dd3b7900 Exception <a 'sun/nio/fs/WindowsException'{0x00000000877b9460}> (0x00000000877b9460) 
thrown [e:\jenkins\tmp\workspace\build\src\src\hotspot\share\prims\jni.cpp, line 516]
Event: 48.438 Thread 0x00000179dd3b7900 Exception <a 'sun/nio/fs/WindowsException'{0x0000000089ece828}> (0x0000000089ece828) 
thrown [e:\jenkins\tmp\workspace\build\src\src\hotspot\share\prims\jni.cpp, line 516]
Event: 48.438 Thread 0x00000179dd3b7900 Exception <a 'sun/nio/fs/WindowsException'{0x0000000089ececa8}> (0x0000000089ececa8) 
thrown [e:\jenkins\tmp\workspace\build\src\src\hotspot\share\prims\jni.cpp, line 516]
Event: 48.550 Thread 0x00000179dd37a880 Exception <a 'sun/nio/fs/WindowsException'{0x000000008986cd50}> (0x000000008986cd50) 
thrown [e:\jenkins\tmp\workspace\build\src\src\hotspot\share\prims\jni.cpp, line 516]
Event: 48.550 Thread 0x00000179dd37a880 Exception <a 'sun/nio/fs/WindowsException'{0x000000008986d190}> (0x000000008986d190) 
thrown [e:\jenkins\tmp\workspace\build\src\src\hotspot\share\prims\jni.cpp, line 516]

VM Operations (20 events):
Event: 47.762 Executing VM operation: HandshakeAllThreads done
Event: 47.764 Executing VM operation: HandshakeAllThreads
Event: 47.764 Executing VM operation: HandshakeAllThreads done
Event: 47.884 Executing VM operation: G1CollectForAllocation
Event: 47.893 Executing VM operation: G1CollectForAllocation done
Event: 48.056 Executing VM operation: G1CollectForAllocation
Event: 48.056 Executing VM operation: G1CollectForAllocation done
Event: 48.056 Executing VM operation: G1CollectForAllocation
Event: 48.064 Executing VM operation: G1CollectForAllocation done
Event: 48.270 Executing VM operation: G1CollectForAllocation
Event: 48.270 Executing VM operation: G1CollectForAllocation done
Event: 48.270 Executing VM operation: G1CollectForAllocation
Event: 48.278 Executing VM operation: G1CollectForAllocation done
Event: 48.425 Executing VM operation: G1Concurrent
Event: 48.430 Executing VM operation: G1Concurrent done
Event: 48.508 Executing VM operation: G1Concurrent
Event: 48.508 Executing VM operation: G1Concurrent done
Event: 48.822 Executing VM operation: G1CollectForAllocation
Event: 48.831 Executing VM operation: G1CollectForAllocation done
Event: 48.842 Executing VM operation: G1CollectForAllocation

Events (20 events):
Event: 44.541 Thread 0x00000179dd37b220 Thread added: 0x00000179dd37b220
Event: 44.616 Thread 0x00000179dd37b6f0 Thread added: 0x00000179dd37b6f0
Event: 44.660 loading class java/util/concurrent/locks/AbstractQueuedSynchronizer$ExclusiveNode
Event: 44.660 loading class java/util/concurrent/locks/AbstractQueuedSynchronizer$ExclusiveNode done
Event: 45.507 Thread 0x00000179dd37a3b0 Thread added: 0x00000179dd37a3b0
Event: 45.544 loading class java/util/concurrent/CompletionException
Event: 45.544 loading class java/util/concurrent/CompletionException done
Event: 45.561 loading class java/io/PrintWriter
Event: 45.562 loading class java/io/PrintWriter done
Event: 45.566 loading class sun/nio/cs/StringUTF16
Event: 45.566 loading class sun/nio/cs/StringUTF16 done
Event: 45.569 loading class java/util/WeakHashMap$EntrySet
Event: 45.569 loading class java/util/WeakHashMap$EntrySet done
Event: 45.569 loading class java/util/WeakHashMap$EntryIterator
Event: 45.569 loading class java/util/WeakHashMap$HashIterator
Event: 45.569 loading class java/util/WeakHashMap$HashIterator done
Event: 45.569 loading class java/util/WeakHashMap$EntryIterator done
Event: 46.759 Thread 0x00000179dd48f870 Thread exited: 0x00000179dd48f870
Event: 47.335 loading class sun/nio/fs/WindowsChannelFactory$2
Event: 47.335 loading class sun/nio/fs/WindowsChannelFactory$2 done


Dynamic libraries:
0x00007ff72ad00000 - 0x00007ff72ad0e000 	c:\Users\marco\.vscode\extensions\redhat.java-1.9.0-win32-x64\jre\17.0.3-win32-x86_64\bin\java.exe
0x00007ffa2cc70000 - 0x00007ffa2ce68000 	C:\Windows\SYSTEM32\ntdll.dll
0x00007ffa2b170000 - 0x00007ffa2b22d000 	C:\Windows\System32\KERNEL32.DLL
0x00007ffa2a3c0000 - 0x00007ffa2a68e000 	C:\Windows\System32\KERNELBASE.dll
0x00007ffa2a830000 - 0x00007ffa2a930000 	C:\Windows\System32\ucrtbase.dll
0x00007ffa26b40000 - 0x00007ffa26b58000 	c:\Users\marco\.vscode\extensions\redhat.java-1.9.0-win32-x64\jre\17.0.3-win32-x86_64\bin\jli.dll
0x00007ffa2ca90000 - 0x00007ffa2cc30000 	C:\Windows\System32\USER32.dll
0x00007ffa2ab90000 - 0x00007ffa2abb2000 	C:\Windows\System32\win32u.dll
0x00007ffa2ae80000 - 0x00007ffa2aeaa000 	C:\Windows\System32\GDI32.dll
0x00007ffa2a690000 - 0x00007ffa2a79b000 	C:\Windows\System32\gdi32full.dll
0x00007ffa2abc0000 - 0x00007ffa2ac5d000 	C:\Windows\System32\msvcp_win.dll
0x00007ffa25ec0000 - 0x00007ffa25ed9000 	c:\Users\marco\.vscode\extensions\redhat.java-1.9.0-win32-x64\jre\17.0.3-win32-x86_64\bin\VCRUNTIME140.dll
0x00007ffa19d90000 - 0x00007ffa1a02a000 	C:\Windows\WinSxS\amd64_microsoft.windows.common-controls_6595b64144ccf1df_6.0.19041.1110_none_60b5254171f9507e\COMCTL32.dll
0x00007ffa2aeb0000 - 0x00007ffa2af4e000 	C:\Windows\System32\msvcrt.dll
0x00007ffa2af50000 - 0x00007ffa2af80000 	C:\Windows\System32\IMM32.DLL
0x00007ffa26b30000 - 0x00007ffa26b3c000 	c:\Users\marco\.vscode\extensions\redhat.java-1.9.0-win32-x64\jre\17.0.3-win32-x86_64\bin\vcruntime140_1.dll
0x00007ff9f68d0000 - 0x00007ff9f6961000 	c:\Users\marco\.vscode\extensions\redhat.java-1.9.0-win32-x64\jre\17.0.3-win32-x86_64\bin\msvcp140.dll
0x00007ff973700000 - 0x00007ff974348000 	c:\Users\marco\.vscode\extensions\redhat.java-1.9.0-win32-x64\jre\17.0.3-win32-x86_64\bin\server\jvm.dll
0x00007ffa2afe0000 - 0x00007ffa2b08e000 	C:\Windows\System32\ADVAPI32.dll
0x00007ffa2b790000 - 0x00007ffa2b82c000 	C:\Windows\System32\sechost.dll
0x00007ffa2b500000 - 0x00007ffa2b625000 	C:\Windows\System32\RPCRT4.dll
0x00007ffa2ba90000 - 0x00007ffa2ba98000 	C:\Windows\System32\PSAPI.DLL
0x00007ffa19620000 - 0x00007ffa19629000 	C:\Windows\SYSTEM32\WSOCK32.dll
0x00007ffa2baa0000 - 0x00007ffa2bb0b000 	C:\Windows\System32\WS2_32.dll
0x00007ffa19bb0000 - 0x00007ffa19bd7000 	C:\Windows\SYSTEM32\WINMM.dll
0x00007ffa215b0000 - 0x00007ffa215ba000 	C:\Windows\SYSTEM32\VERSION.dll
0x00007ffa28c20000 - 0x00007ffa28c32000 	C:\Windows\SYSTEM32\kernel.appcore.dll
0x00007ffa25f00000 - 0x00007ffa25f0a000 	c:\Users\marco\.vscode\extensions\redhat.java-1.9.0-win32-x64\jre\17.0.3-win32-x86_64\bin\jimage.dll
0x00007ffa288e0000 - 0x00007ffa28ac4000 	C:\Windows\SYSTEM32\DBGHELP.DLL
0x00007ffa14f90000 - 0x00007ffa14fbc000 	C:\Windows\SYSTEM32\dbgcore.DLL
0x00007ffa2a7a0000 - 0x00007ffa2a822000 	C:\Windows\System32\bcryptPrimitives.dll
0x00007ffa189b0000 - 0x00007ffa189d5000 	c:\Users\marco\.vscode\extensions\redhat.java-1.9.0-win32-x64\jre\17.0.3-win32-x86_64\bin\java.dll
0x00007ffa25e90000 - 0x00007ffa25ea8000 	c:\Users\marco\.vscode\extensions\redhat.java-1.9.0-win32-x64\jre\17.0.3-win32-x86_64\bin\zip.dll
0x00007ffa2be70000 - 0x00007ffa2c5b4000 	C:\Windows\System32\SHELL32.dll
0x00007ffa28140000 - 0x00007ffa288d4000 	C:\Windows\SYSTEM32\windows.storage.dll
0x00007ffa2bb10000 - 0x00007ffa2be64000 	C:\Windows\System32\combase.dll
0x00007ffa29df0000 - 0x00007ffa29e20000 	C:\Windows\SYSTEM32\Wldp.dll
0x00007ffa2b380000 - 0x00007ffa2b42d000 	C:\Windows\System32\SHCORE.dll
0x00007ffa2ca30000 - 0x00007ffa2ca85000 	C:\Windows\System32\shlwapi.dll
0x00007ffa2a2d0000 - 0x00007ffa2a2ef000 	C:\Windows\SYSTEM32\profapi.dll
0x00007ffa25dc0000 - 0x00007ffa25dd9000 	C:\Users\marco\.vscode\extensions\redhat.java-1.9.0-win32-x64\jre\17.0.3-win32-x86_64\bin\net.dll
0x00007ffa1a640000 - 0x00007ffa1a74a000 	C:\Windows\SYSTEM32\WINHTTP.dll
0x00007ffa29b50000 - 0x00007ffa29bba000 	C:\Windows\system32\mswsock.dll
0x00007ffa24440000 - 0x00007ffa24455000 	C:\Users\marco\.vscode\extensions\redhat.java-1.9.0-win32-x64\jre\17.0.3-win32-x86_64\bin\nio.dll
0x00007ffa25e00000 - 0x00007ffa25e10000 	c:\Users\marco\.vscode\extensions\redhat.java-1.9.0-win32-x64\jre\17.0.3-win32-x86_64\bin\verify.dll
0x00007ffa19590000 - 0x00007ffa19599000 	C:\Users\marco\.vscode\extensions\redhat.java-1.9.0-win32-x64\jre\17.0.3-win32-x86_64\bin\management.dll
0x00007ffa18b20000 - 0x00007ffa18b2b000 	C:\Users\marco\.vscode\extensions\redhat.java-1.9.0-win32-x64\jre\17.0.3-win32-x86_64\bin\management_ext.dll
0x00007ffa14e30000 - 0x00007ffa14e47000 	C:\Windows\system32\napinsp.dll
0x00007ffa14de0000 - 0x00007ffa14dfb000 	C:\Windows\system32\pnrpnsp.dll
0x00007ffa248b0000 - 0x00007ffa248c5000 	C:\Windows\system32\wshbth.dll
0x00007ffa26eb0000 - 0x00007ffa26ecd000 	C:\Windows\system32\NLAapi.dll
0x00007ffa297f0000 - 0x00007ffa2982b000 	C:\Windows\SYSTEM32\IPHLPAPI.DLL
0x00007ffa29840000 - 0x00007ffa2990b000 	C:\Windows\SYSTEM32\DNSAPI.dll
0x00007ffa2b370000 - 0x00007ffa2b378000 	C:\Windows\System32\NSI.dll
0x00007ffa14dc0000 - 0x00007ffa14dd2000 	C:\Windows\System32\winrnr.dll
0x00007ffa1a580000 - 0x00007ffa1a58a000 	C:\Windows\System32\rasadhlp.dll
0x00007ffa1a5c0000 - 0x00007ffa1a640000 	C:\Windows\System32\fwpuclnt.dll
0x00007ffa2a390000 - 0x00007ffa2a3b7000 	C:\Windows\System32\bcrypt.dll
0x00007ffa29d40000 - 0x00007ffa29d58000 	C:\Windows\SYSTEM32\CRYPTSP.dll
0x00007ffa29460000 - 0x00007ffa29494000 	C:\Windows\system32\rsaenh.dll
0x00007ffa2a290000 - 0x00007ffa2a2be000 	C:\Windows\SYSTEM32\USERENV.dll
0x00007ffa29d60000 - 0x00007ffa29d6c000 	C:\Windows\SYSTEM32\CRYPTBASE.dll
0x00007ffa20df0000 - 0x00007ffa20e07000 	C:\Windows\SYSTEM32\dhcpcsvc6.DLL
0x00007ffa215c0000 - 0x00007ffa215dd000 	C:\Windows\SYSTEM32\dhcpcsvc.DLL

dbghelp: loaded successfully - version: 4.0.5 - missing functions: none
symbol engine: initialized successfully - sym options: 0x614 - pdb path: .;c:\Users\marco\.vscode\extensions\redhat.java-1.9.0-win32-x64\jre\17.0.3-win32-x86_64\bin;C:\Windows\SYSTEM32;C:\Windows\WinSxS\amd64_microsoft.windows.common-controls_6595b64144ccf1df_6.0.19041.1110_none_60b5254171f9507e;c:\Users\marco\.vscode\extensions\redhat.java-1.9.0-win32-x64\jre\17.0.3-win32-x86_64\bin\server

VM Arguments:
jvm_args: --add-modules=ALL-SYSTEM --add-exports=jdk.compiler/com.sun.tools.javac.file=ALL-UNNAMED --add-exports=jdk.compiler/com.sun.tools.javac.util=ALL-UNNAMED --add-exports=jdk.compiler/com.sun.tools.javac.comp=ALL-UNNAMED --add-exports=jdk.compiler/com.sun.tools.javac.main=ALL-UNNAMED --add-exports=jdk.compiler/com.sun.tools.javac.tree=ALL-UNNAMED --add-exports=jdk.compiler/com.sun.tools.javac.code=ALL-UNNAMED -Dsts.lsp.client=vscode -Dsts.log.file=/dev/null -XX:TieredStopAtLevel=1 -Dspring.config.location=file:c:\Users\marco\.vscode\extensions\pivotal.vscode-spring-boot-1.36.0\language-server\BOOT-INF\classes\application.properties 
java_command: org.springframework.ide.vscode.boot.app.BootLanguageServerBootApp
java_class_path (initial): c:\Users\marco\.vscode\extensions\pivotal.vscode-spring-boot-1.36.0\language-server\BOOT-INF\classes;c:\Users\marco\.vscode\extensions\pivotal.vscode-spring-boot-1.36.0\language-server\BOOT-INF\lib\annotations-23.0.0.jar;c:\Users\marco\.vscode\extensions\pivotal.vscode-spring-boot-1.36.0\language-server\BOOT-INF\lib\antlr-runtime-3.5.2.jar;c:\Users\marco\.vscode\extensions\pivotal.vscode-spring-boot-1.36.0\language-server\BOOT-INF\lib\antlr4-4.9.3.jar;c:\Users\marco\.vscode\extensions\pivotal.vscode-spring-boot-1.36.0\language-server\BOOT-INF\lib\antlr4-runtime-4.9.3.jar;c:\Users\marco\.vscode\extensions\pivotal.vscode-spring-boot-1.36.0\language-server\BOOT-INF\lib\asm-9.3.jar;c:\Users\marco\.vscode\extensions\pivotal.vscode-spring-boot-1.36.0\language-server\BOOT-INF\lib\asm-analysis-9.3.jar;c:\Users\marco\.vscode\extensions\pivotal.vscode-spring-boot-1.36.0\language-server\BOOT-INF\lib\asm-tree-9.3.jar;c:\Users\marco\.vscode\extensions\pivotal.vscode-spring-boot-1.36.0\language-server\BOOT-INF\lib\asm-util-9.3.jar;c:\Users\marco\.vscode\extensions\pivotal.vscode-spring-boot-1.36.0\language-server\BOOT-INF\lib\byte-buddy-1.10.18.jar;c:\Users\marco\.vscode\extensions\pivotal.vscode-spring-boot-1.36.0\language-server\BOOT-INF\lib\caffeine-2.8.6.jar;c:\Users\marco\.vscode\extensions\pivotal.vscode-spring-boot-1.36.0\language-server\BOOT-INF\lib\checker-qual-3.12.0.jar;c:\Users\marco\.vscode\extensions\pivotal.vscode-spring-boot-1.36.0\language-server\BOOT-INF\lib\classgraph-4.8.146.jar;c:\Users\marco\.vscode\extensions\pivotal.vscode-spring-boot-1.36.0\language-server\BOOT-INF\lib\commons-codec-1.14.jar;c:\Users\marco\.vscode\extensions\pivotal.vscode-spring-boot-1.36.0\language-server\BOOT-INF\lib\commons-compress-1.21.jar;c:\Users\marco\.vscode\extensions\pivotal.vscode-spring-boot-1.36.0\language-server\BOOT-INF\lib\commons-exec-1.3.jar;c:\Users\marco\.vscode\extensions\pivotal.vscode-spring-boot-1.36.0\language-server\BOOT-INF\lib\com
Launcher Type: SUN_STANDARD

[Global flags]
     intx CICompilerCount                          = 3                                         {product} {ergonomic}
     uint ConcGCThreads                            = 1                                         {product} {ergonomic}
     uint G1ConcRefinementThreads                  = 4                                         {product} {ergonomic}
   size_t G1HeapRegionSize                         = 1048576                                   {product} {ergonomic}
    uintx GCDrainStackTargetSize                   = 64                                        {product} {ergonomic}
   size_t InitialHeapSize                          = 134217728                                 {product} {ergonomic}
   size_t MarkStackSize                            = 4194304                                   {product} {ergonomic}
   size_t MaxHeapSize                              = 2116026368                                {product} {ergonomic}
   size_t MaxNewSize                               = 1268776960                                {product} {ergonomic}
   size_t MinHeapDeltaBytes                        = 1048576                                   {product} {ergonomic}
   size_t MinHeapSize                              = 8388608                                   {product} {ergonomic}
    uintx NonProfiledCodeHeapSize                  = 0                                      {pd product} {ergonomic}
     bool ProfileInterpreter                       = false                                  {pd product} {command line}
    uintx ProfiledCodeHeapSize                     = 0                                      {pd product} {ergonomic}
   size_t SoftMaxHeapSize                          = 2116026368                             {manageable} {ergonomic}
     intx TieredStopAtLevel                        = 1                                         {product} {command line}
     bool UseCompressedClassPointers               = true                           {product lp64_product} {ergonomic}
     bool UseCompressedOops                        = true                           {product lp64_product} {ergonomic}
     bool UseG1GC                                  = true                                      {product} {ergonomic}
     bool UseLargePagesIndividualAllocation        = false                                  {pd product} {ergonomic}

Logging:
Log output configuration:
 #0: stdout all=warning uptime,level,tags
 #1: stderr all=off uptime,level,tags

Environment Variables:
JAVA_HOME=C:\Program Files\Eclipse Foundation\jdk-8.0.302.8-hotspot\
PATH=C:\Program Files\Common Files\Oracle\Java\javapath;C:\Program Files\Eclipse Foundation\jdk-8.0.302.8-hotspot\bin;C:\Windows\system32;C:\Windows;C:\Windows\System32\Wbem;C:\Windows\System32\WindowsPowerShell\v1.0\;C:\Windows\System32\OpenSSH\;C:\Program Files\Git\cmd;C:\Program Files\dotnet\;C:\src\flutter\bin;C:\Program Files\nodejs\;C:\Program Files\Maven\apache-maven-3.8.6\bin;C:\Program Files\MySQL\MySQL Shell 8.0\bin\;C:\Users\marco\AppData\Local\Microsoft\WindowsApps;C:\Users\marco\AppData\Local\Programs\Microsoft VS Code\bin;C:\Users\marco\AppData\Local\GitHubDesktop\bin;C:\Users\marco\AppData\Roaming\npm
USERNAME=marco
OS=Windows_NT
PROCESSOR_IDENTIFIER=Intel64 Family 6 Model 142 Stepping 9, GenuineIntel



---------------  S Y S T E M  ---------------

OS:
 Windows 10 , 64 bit Build 19041 (10.0.19041.1806)
OS uptime: 0 days 23:17 hours

CPU: total 4 (initial active 4) (2 cores per cpu, 2 threads per core) family 6 model 142 stepping 9 microcode 0xca, cx8, cmov, fxsr, ht, mmx, 3dnowpref, sse, sse2, sse3, ssse3, sse4.1, sse4.2, popcnt, lzcnt, tsc, tscinvbit, avx, avx2, aes, erms, clmul, bmi1, bmi2, adx, fma, vzeroupper, clflush, clflushopt

Memory: 4k page, system-wide physical 8070M (352M free)
TotalPageFile size 32646M (AvailPageFile size 19M)
current process WorkingSet (physical memory assigned to process): 209M, peak: 209M
current process commit charge ("private bytes"): 250M, peak: 380M

vm_info: OpenJDK 64-Bit Server VM (17.0.3+7) for windows-amd64 JRE (17.0.3+7), built on Apr 19 2022 16:55:35 by "" with MS VC++ 16.7 (VS2019)

END.
