#
# There is insufficient memory for the Java Runtime Environment to continue.
# Native memory allocation (mmap) failed to map 59768832 bytes for G1 virtual space
# Possible reasons:
#   The system is out of physical RAM or swap space
#   The process is running with CompressedOops enabled, and the Java Heap may be blocking the growth of the native heap
# Possible solutions:
#   Reduce memory load on the system
#   Increase physical memory or swap space
#   Check if swap backing store is full
#   Decrease Java heap size (-Xmx/-Xms)
#   Decrease number of Java threads
#   Decrease Java thread stack sizes (-Xss)
#   Set larger code cache with -XX:ReservedCodeCacheSize=
#   JVM is running with Unscaled Compressed Oops mode in which the Java heap is
#     placed in the first 4GB address space. The Java Heap base address is the
#     maximum limit for the native heap growth. Please use -XX:HeapBaseMinAddress
#     to set the Java Heap base and to place the Java Heap above 4GB virtual address.
# This output file may be truncated or incomplete.
#
#  Out of Memory Error (os_windows.cpp:3535), pid=20816, tid=212
#
# JRE version: OpenJDK Runtime Environment Temurin-17.0.3+7 (17.0.3+7) (build 17.0.3+7)
# Java VM: OpenJDK 64-Bit Server VM Temurin-17.0.3+7 (17.0.3+7, mixed mode, emulated-client, tiered, compressed oops, compressed class ptrs, g1 gc, windows-amd64)
# No core dump will be written. Minidumps are not enabled by default on client versions of Windows
#

---------------  S U M M A R Y ------------

Command Line: --add-modules=ALL-SYSTEM --add-exports=jdk.compiler/com.sun.tools.javac.file=ALL-UNNAMED --add-exports=jdk.compiler/com.sun.tools.javac.util=ALL-UNNAMED --add-exports=jdk.compiler/com.sun.tools.javac.comp=ALL-UNNAMED --add-exports=jdk.compiler/com.sun.tools.javac.main=ALL-UNNAMED --add-exports=jdk.compiler/com.sun.tools.javac.tree=ALL-UNNAMED --add-exports=jdk.compiler/com.sun.tools.javac.code=ALL-UNNAMED -Dsts.lsp.client=vscode -Dsts.log.file=/dev/null -XX:TieredStopAtLevel=1 -Dspring.config.location=file:c:\Users\marco\.vscode\extensions\pivotal.vscode-spring-boot-1.36.0\language-server\BOOT-INF\classes\application.properties org.springframework.ide.vscode.boot.app.BootLanguageServerBootApp

Host: Intel(R) Core(TM) i7-7500U CPU @ 2.70GHz, 4 cores, 7G,  Windows 10 , 64 bit Build 19041 (10.0.19041.1806)
Time: Fri Jul 22 16:51:53 2022 Hora oficial do Brasil elapsed time: 19.385655 seconds (0d 0h 0m 19s)

---------------  T H R E A D  ---------------

Current thread (0x00000168fac86f70):  VMThread "VM Thread" [stack: 0x000000557b900000,0x000000557ba00000] [id=212]

Stack: [0x000000557b900000,0x000000557ba00000]
Native frames: (J=compiled Java code, j=interpreted, Vv=VM code, C=native code)
V  [jvm.dll+0x675efa]
V  [jvm.dll+0x830a24]
V  [jvm.dll+0x8321ce]
V  [jvm.dll+0x832833]
V  [jvm.dll+0x2454b5]
V  [jvm.dll+0x672de9]
V  [jvm.dll+0x667732]
V  [jvm.dll+0x3043ab]
V  [jvm.dll+0x30b8f6]
V  [jvm.dll+0x35b62e]
V  [jvm.dll+0x35b85f]
V  [jvm.dll+0x2db248]
V  [jvm.dll+0x2d94fc]
V  [jvm.dll+0x2d8acc]
V  [jvm.dll+0x31ca2b]
V  [jvm.dll+0x836cdb]
V  [jvm.dll+0x837a14]
V  [jvm.dll+0x837f2c]
V  [jvm.dll+0x838304]
V  [jvm.dll+0x8383d0]
V  [jvm.dll+0x7e0cfa]
V  [jvm.dll+0x674d85]
C  [ucrtbase.dll+0x21bb2]
C  [KERNEL32.DLL+0x17034]
C  [ntdll.dll+0x52651]

VM_Operation (0x000000557cffe770): G1CollectForAllocation, mode: safepoint, requested by thread 0x00000168fd38ca40


---------------  P R O C E S S  ---------------

Threads class SMR info:
_java_thread_list=0x00000168fd2deb80, length=28, elements={
0x00000168facad740, 0x00000168facae600, 0x00000168face2130, 0x00000168fb809600,
0x00000168fb80a180, 0x00000168fb80ba50, 0x00000168fb80c3c0, 0x00000168fb82f860,
0x00000168fac35850, 0x00000168fba4e380, 0x00000168ec0fb480, 0x00000168fcec5430,
0x00000168fb97e290, 0x00000168fd2e8040, 0x00000168ec0fa6c0, 0x00000168fb8e12c0,
0x00000168fd38c570, 0x00000168fd38ca40, 0x00000168fd030e80, 0x00000168fd031350,
0x00000168fd4c8530, 0x00000168fd4cba20, 0x00000168fd4c9870, 0x00000168fd4cb080,
0x00000168fd4c9d40, 0x00000168fd4ca210, 0x00000168fd4ca6e0, 0x00000168fd4c93a0
}

Java Threads: ( => current thread )
  0x00000168facad740 JavaThread "Reference Handler" daemon [_thread_blocked, id=3596, stack(0x000000557ba00000,0x000000557bb00000)]
  0x00000168facae600 JavaThread "Finalizer" daemon [_thread_blocked, id=11964, stack(0x000000557bb00000,0x000000557bc00000)]
  0x00000168face2130 JavaThread "Signal Dispatcher" daemon [_thread_blocked, id=9528, stack(0x000000557bc00000,0x000000557bd00000)]
  0x00000168fb809600 JavaThread "Attach Listener" daemon [_thread_blocked, id=5104, stack(0x000000557bd00000,0x000000557be00000)]
  0x00000168fb80a180 JavaThread "Service Thread" daemon [_thread_blocked, id=1740, stack(0x000000557be00000,0x000000557bf00000)]
  0x00000168fb80ba50 JavaThread "Monitor Deflation Thread" daemon [_thread_blocked, id=1016, stack(0x000000557bf00000,0x000000557c000000)]
  0x00000168fb80c3c0 JavaThread "C1 CompilerThread0" daemon [_thread_blocked, id=1572, stack(0x000000557c000000,0x000000557c100000)]
  0x00000168fb82f860 JavaThread "Sweeper thread" daemon [_thread_blocked, id=11584, stack(0x000000557c100000,0x000000557c200000)]
  0x00000168fac35850 JavaThread "Common-Cleaner" daemon [_thread_blocked, id=13264, stack(0x000000557c200000,0x000000557c300000)]
  0x00000168fba4e380 JavaThread "Notification Thread" daemon [_thread_blocked, id=9764, stack(0x000000557c300000,0x000000557c400000)]
  0x00000168ec0fb480 JavaThread "C1 CompilerThread1" daemon [_thread_blocked, id=6200, stack(0x000000557c500000,0x000000557c600000)]
  0x00000168fcec5430 JavaThread "ForkJoinPool.commonPool-worker-1" daemon [_thread_blocked, id=18224, stack(0x000000557ca00000,0x000000557cb00000)]
  0x00000168fb97e290 JavaThread "pool-7-thread-1" [_thread_blocked, id=8516, stack(0x000000557cb00000,0x000000557cc00000)]
  0x00000168fd2e8040 JavaThread "LanguageServerApp-lifecycle" [_thread_blocked, id=20216, stack(0x000000557cc00000,0x000000557cd00000)]
  0x00000168ec0fa6c0 JavaThread "DestroyJavaVM" [_thread_blocked, id=18364, stack(0x000000557b300000,0x000000557b400000)]
  0x00000168fb8e12c0 JavaThread "ClassGraph-worker-0" daemon [_thread_blocked, id=7576, stack(0x000000557cd00000,0x000000557ce00000)]
  0x00000168fd38c570 JavaThread "pool-8-thread-1" [_thread_in_native, id=15652, stack(0x000000557ce00000,0x000000557cf00000)]
  0x00000168fd38ca40 JavaThread "ClassGraph-worker-1" daemon [_thread_blocked, id=9508, stack(0x000000557cf00000,0x000000557d000000)]
  0x00000168fd030e80 JavaThread "ClassGraph-worker-2" daemon [_thread_blocked, id=21004, stack(0x000000557d000000,0x000000557d100000)]
  0x00000168fd031350 JavaThread "ClassGraph-worker-3" daemon [_thread_blocked, id=16188, stack(0x000000557d100000,0x000000557d200000)]
  0x00000168fd4c8530 JavaThread "ClassGraph-worker-4" daemon [_thread_blocked, id=9436, stack(0x000000557d200000,0x000000557d300000)]
  0x00000168fd4cba20 JavaThread "ClassGraph-worker-5" daemon [_thread_blocked, id=12732, stack(0x000000557d300000,0x000000557d400000)]
  0x00000168fd4c9870 JavaThread "ClassGraph-worker-6" daemon [_thread_blocked, id=19928, stack(0x000000557d400000,0x000000557d500000)]
  0x00000168fd4cb080 JavaThread "ClassGraph-worker-7" daemon [_thread_blocked, id=20100, stack(0x000000557d500000,0x000000557d600000)]
  0x00000168fd4c9d40 JavaThread "Simple-Language-Server main thread" daemon [_thread_blocked, id=21284, stack(0x000000557d600000,0x000000557d700000)]
  0x00000168fd4ca210 JavaThread "pool-5-thread-1" [_thread_blocked, id=20492, stack(0x000000557d700000,0x000000557d800000)]
  0x00000168fd4ca6e0 JavaThread "Reconciler-1" [_thread_blocked, id=7928, stack(0x000000557d800000,0x000000557d900000)]
  0x00000168fd4c93a0 JavaThread "parallel-1" daemon [_thread_blocked, id=11860, stack(0x000000557d900000,0x000000557da00000)]

Other Threads:
=>0x00000168fac86f70 VMThread "VM Thread" [stack: 0x000000557b900000,0x000000557ba00000] [id=212]
  0x00000168fba4e850 WatcherThread [stack: 0x000000557c400000,0x000000557c500000] [id=8980]
  0x00000168ee176d90 GCTaskThread "GC Thread#0" [stack: 0x000000557b400000,0x000000557b500000] [id=18516]
  0x00000168fc0dbcf0 GCTaskThread "GC Thread#1" [stack: 0x000000557c600000,0x000000557c700000] [id=7072]
  0x00000168fc0874c0 GCTaskThread "GC Thread#2" [stack: 0x000000557c700000,0x000000557c800000] [id=4304]
  0x00000168fc2fdee0 GCTaskThread "GC Thread#3" [stack: 0x000000557c800000,0x000000557c900000] [id=15808]
  0x00000168ee187820 ConcurrentGCThread "G1 Main Marker" [stack: 0x000000557b500000,0x000000557b600000] [id=2240]
  0x00000168ee188140 ConcurrentGCThread "G1 Conc#0" [stack: 0x000000557b600000,0x000000557b700000] [id=15040]
  0x00000168ee1eead0 ConcurrentGCThread "G1 Refine#0" [stack: 0x000000557b700000,0x000000557b800000] [id=8140]
  0x0000016880030cc0 ConcurrentGCThread "G1 Refine#1" [stack: 0x000000557c900000,0x000000557ca00000] [id=14924]
  0x00000168fab025f0 ConcurrentGCThread "G1 Service" [stack: 0x000000557b800000,0x000000557b900000] [id=7284]

Threads with active compile tasks:

VM state: at safepoint (normal execution)

VM Mutex/Monitor currently owned by a thread:  ([mutex/lock_event])
[0x00000168ec02b180] Threads_lock - owner thread: 0x00000168fac86f70
[0x00000168ee11a040] Heap_lock - owner thread: 0x00000168fd38ca40

Heap address: 0x0000000081e00000, size: 2018 MB, Compressed Oops mode: 32-bit

CDS archive(s) not mapped
Compressed class space mapped at: 0x0000000100000000-0x0000000140000000, reserved size: 1073741824
Narrow klass base: 0x0000000000000000, Narrow klass shift: 3, Narrow klass range: 0x140000000

GC Precious Log:
 CPUs: 4 total, 4 available
 Memory: 8070M
 Large Page Support: Disabled
 NUMA Support: Disabled
 Compressed Oops: Enabled (32-bit)
 Heap Region Size: 1M
 Heap Min Capacity: 8M
 Heap Initial Capacity: 128M
 Heap Max Capacity: 2018M
 Pre-touch: Disabled
 Parallel Workers: 4
 Concurrent Workers: 1
 Concurrent Refinement Workers: 4
 Periodic GC: Disabled

Heap:
 garbage-first heap   total 131072K, used 45322K [0x0000000081e00000, 0x0000000100000000)
  region size 1024K, 2 young (2048K), 2 survivors (2048K)
 Metaspace       used 34264K, committed 34560K, reserved 1081344K
  class space    used 4447K, committed 4608K, reserved 1048576K

Heap Regions: E=young(eden), S=young(survivor), O=old, HS=humongous(starts), HC=humongous(continues), CS=collection set, F=free, OA=open archive, CA=closed archive, TAMS=top-at-mark-start (previous, next)
|   0|0x0000000081e00000, 0x0000000081f00000, 0x0000000081f00000|100%| O|  |TAMS 0x0000000081f00000, 0x0000000081e00000| Untracked 
|   1|0x0000000081f00000, 0x0000000082000000, 0x0000000082000000|100%| O|  |TAMS 0x0000000082000000, 0x0000000081f00000| Untracked 
|   2|0x0000000082000000, 0x0000000082100000, 0x0000000082100000|100%| O|  |TAMS 0x0000000082100000, 0x0000000082000000| Untracked 
|   3|0x0000000082100000, 0x0000000082200000, 0x0000000082200000|100%| O|  |TAMS 0x0000000082200000, 0x0000000082100000| Untracked 
|   4|0x0000000082200000, 0x0000000082300000, 0x0000000082300000|100%| O|  |TAMS 0x0000000082300000, 0x0000000082200000| Untracked 
|   5|0x0000000082300000, 0x0000000082400000, 0x0000000082400000|100%| O|  |TAMS 0x0000000082400000, 0x0000000082300000| Untracked 
|   6|0x0000000082400000, 0x0000000082500000, 0x0000000082500000|100%| O|  |TAMS 0x0000000082500000, 0x0000000082400000| Untracked 
|   7|0x0000000082500000, 0x0000000082600000, 0x0000000082600000|100%| O|  |TAMS 0x0000000082600000, 0x0000000082500000| Untracked 
|   8|0x0000000082600000, 0x0000000082700000, 0x0000000082700000|100%| O|  |TAMS 0x0000000082700000, 0x0000000082600000| Untracked 
|   9|0x0000000082700000, 0x0000000082800000, 0x0000000082800000|100%| O|  |TAMS 0x0000000082800000, 0x0000000082700000| Untracked 
|  10|0x0000000082800000, 0x0000000082900000, 0x0000000082900000|100%| O|  |TAMS 0x0000000082900000, 0x0000000082800000| Untracked 
|  11|0x0000000082900000, 0x0000000082a00000, 0x0000000082a00000|100%| O|  |TAMS 0x0000000082a00000, 0x0000000082900000| Untracked 
|  12|0x0000000082a00000, 0x0000000082b00000, 0x0000000082b00000|100%| O|  |TAMS 0x0000000082b00000, 0x0000000082a00000| Untracked 
|  13|0x0000000082b00000, 0x0000000082c00000, 0x0000000082c00000|100%| O|  |TAMS 0x0000000082c00000, 0x0000000082b00000| Updating 
|  14|0x0000000082c00000, 0x0000000082d00000, 0x0000000082d00000|100%| O|  |TAMS 0x0000000082d00000, 0x0000000082c00000| Updating 
|  15|0x0000000082d00000, 0x0000000082e00000, 0x0000000082e00000|100%| O|  |TAMS 0x0000000082e00000, 0x0000000082d00000| Untracked 
|  16|0x0000000082e00000, 0x0000000082f00000, 0x0000000082f00000|100%| O|  |TAMS 0x0000000082f00000, 0x0000000082e00000| Untracked 
|  17|0x0000000082f00000, 0x0000000083000000, 0x0000000083000000|100%| O|  |TAMS 0x0000000083000000, 0x0000000082f00000| Untracked 
|  18|0x0000000083000000, 0x0000000083100000, 0x0000000083100000|100%| O|  |TAMS 0x0000000083100000, 0x0000000083000000| Untracked 
|  19|0x0000000083100000, 0x0000000083200000, 0x0000000083200000|100%| O|  |TAMS 0x0000000083200000, 0x0000000083100000| Untracked 
|  20|0x0000000083200000, 0x0000000083300000, 0x0000000083300000|100%| O|  |TAMS 0x0000000083300000, 0x0000000083200000| Updating 
|  21|0x0000000083300000, 0x0000000083400000, 0x0000000083400000|100%| O|  |TAMS 0x0000000083400000, 0x0000000083300000| Untracked 
|  22|0x0000000083400000, 0x0000000083500000, 0x0000000083500000|100%| O|  |TAMS 0x0000000083500000, 0x0000000083400000| Untracked 
|  23|0x0000000083500000, 0x0000000083600000, 0x0000000083600000|100%| O|  |TAMS 0x0000000083600000, 0x0000000083500000| Updating 
|  24|0x0000000083600000, 0x0000000083700000, 0x0000000083700000|100%| O|  |TAMS 0x0000000083700000, 0x0000000083600000| Untracked 
|  25|0x0000000083700000, 0x0000000083800000, 0x0000000083800000|100%| O|  |TAMS 0x0000000083800000, 0x0000000083700000| Untracked 
|  26|0x0000000083800000, 0x0000000083900000, 0x0000000083900000|100%| O|  |TAMS 0x0000000083900000, 0x0000000083800000| Untracked 
|  27|0x0000000083900000, 0x0000000083a00000, 0x0000000083a00000|100%| O|  |TAMS 0x0000000083a00000, 0x0000000083900000| Untracked 
|  28|0x0000000083a00000, 0x0000000083b00000, 0x0000000083b00000|100%| O|  |TAMS 0x0000000083b00000, 0x0000000083a00000| Updating 
|  29|0x0000000083b00000, 0x0000000083c00000, 0x0000000083c00000|100%| O|  |TAMS 0x0000000083c00000, 0x0000000083b00000| Untracked 
|  30|0x0000000083c00000, 0x0000000083d00000, 0x0000000083d00000|100%| O|  |TAMS 0x0000000083d00000, 0x0000000083c00000| Untracked 
|  31|0x0000000083d00000, 0x0000000083e00000, 0x0000000083e00000|100%| O|  |TAMS 0x0000000083e00000, 0x0000000083d00000| Updating 
|  32|0x0000000083e00000, 0x0000000083f00000, 0x0000000083f00000|100%| O|  |TAMS 0x0000000083f00000, 0x0000000083e00000| Untracked 
|  33|0x0000000083f00000, 0x0000000084000000, 0x0000000084000000|100%| O|  |TAMS 0x0000000084000000, 0x0000000083f00000| Untracked 
|  34|0x0000000084000000, 0x0000000084100000, 0x0000000084100000|100%| O|  |TAMS 0x0000000084100000, 0x0000000084000000| Updating 
|  35|0x0000000084100000, 0x0000000084200000, 0x0000000084200000|100%| O|  |TAMS 0x0000000084200000, 0x0000000084100000| Untracked 
|  36|0x0000000084200000, 0x0000000084300000, 0x0000000084300000|100%| O|  |TAMS 0x0000000084300000, 0x0000000084200000| Untracked 
|  37|0x0000000084300000, 0x0000000084400000, 0x0000000084400000|100%| O|  |TAMS 0x0000000084400000, 0x0000000084300000| Updating 
|  38|0x0000000084400000, 0x0000000084500000, 0x0000000084500000|100%| O|  |TAMS 0x0000000084500000, 0x0000000084400000| Untracked 
|  39|0x0000000084500000, 0x0000000084600000, 0x0000000084600000|100%| O|  |TAMS 0x00000000845cee00, 0x0000000084500000| Untracked 
|  40|0x0000000084600000, 0x0000000084700000, 0x0000000084700000|100%| O|  |TAMS 0x0000000084600000, 0x0000000084600000| Untracked 
|  41|0x0000000084700000, 0x0000000084800000, 0x0000000084800000|100%| O|  |TAMS 0x0000000084700000, 0x0000000084700000| Updating 
|  42|0x0000000084800000, 0x0000000084878800, 0x0000000084900000| 47%| O|  |TAMS 0x0000000084800000, 0x0000000084800000| Untracked 
|  43|0x0000000084900000, 0x0000000084900000, 0x0000000084a00000|  0%| F|  |TAMS 0x0000000084900000, 0x0000000084900000| Untracked 
|  44|0x0000000084a00000, 0x0000000084a00000, 0x0000000084b00000|  0%| F|  |TAMS 0x0000000084a00000, 0x0000000084a00000| Untracked 
|  45|0x0000000084b00000, 0x0000000084b00000, 0x0000000084c00000|  0%| F|  |TAMS 0x0000000084b00000, 0x0000000084b00000| Untracked 
|  46|0x0000000084c00000, 0x0000000084c00000, 0x0000000084d00000|  0%| F|  |TAMS 0x0000000084c00000, 0x0000000084c00000| Untracked 
|  47|0x0000000084d00000, 0x0000000084d00000, 0x0000000084e00000|  0%| F|  |TAMS 0x0000000084d00000, 0x0000000084d00000| Untracked 
|  48|0x0000000084e00000, 0x0000000084e00000, 0x0000000084f00000|  0%| F|  |TAMS 0x0000000084e00000, 0x0000000084e00000| Untracked 
|  49|0x0000000084f00000, 0x0000000084f00000, 0x0000000085000000|  0%| F|  |TAMS 0x0000000084f00000, 0x0000000084f00000| Untracked 
|  50|0x0000000085000000, 0x0000000085000000, 0x0000000085100000|  0%| F|  |TAMS 0x0000000085000000, 0x0000000085000000| Untracked 
|  51|0x0000000085100000, 0x0000000085100000, 0x0000000085200000|  0%| F|  |TAMS 0x0000000085100000, 0x0000000085100000| Untracked 
|  52|0x0000000085200000, 0x0000000085200000, 0x0000000085300000|  0%| F|  |TAMS 0x0000000085200000, 0x0000000085200000| Untracked 
|  53|0x0000000085300000, 0x0000000085300000, 0x0000000085400000|  0%| F|  |TAMS 0x0000000085300000, 0x0000000085300000| Untracked 
|  54|0x0000000085400000, 0x0000000085400000, 0x0000000085500000|  0%| F|  |TAMS 0x0000000085400000, 0x0000000085400000| Untracked 
|  55|0x0000000085500000, 0x0000000085500000, 0x0000000085600000|  0%| F|  |TAMS 0x0000000085500000, 0x0000000085500000| Untracked 
|  56|0x0000000085600000, 0x0000000085600000, 0x0000000085700000|  0%| F|  |TAMS 0x0000000085600000, 0x0000000085600000| Untracked 
|  57|0x0000000085700000, 0x0000000085700000, 0x0000000085800000|  0%| F|  |TAMS 0x0000000085700000, 0x0000000085700000| Untracked 
|  58|0x0000000085800000, 0x0000000085800000, 0x0000000085900000|  0%| F|  |TAMS 0x0000000085800000, 0x0000000085800000| Untracked 
|  59|0x0000000085900000, 0x0000000085900000, 0x0000000085a00000|  0%| F|  |TAMS 0x0000000085900000, 0x0000000085900000| Untracked 
|  60|0x0000000085a00000, 0x0000000085a00000, 0x0000000085b00000|  0%| F|  |TAMS 0x0000000085a00000, 0x0000000085a00000| Untracked 
|  61|0x0000000085b00000, 0x0000000085b00000, 0x0000000085c00000|  0%| F|  |TAMS 0x0000000085b00000, 0x0000000085b00000| Untracked 
|  62|0x0000000085c00000, 0x0000000085c00000, 0x0000000085d00000|  0%| F|  |TAMS 0x0000000085c00000, 0x0000000085c00000| Untracked 
|  63|0x0000000085d00000, 0x0000000085d00000, 0x0000000085e00000|  0%| F|  |TAMS 0x0000000085d00000, 0x0000000085d00000| Untracked 
|  64|0x0000000085e00000, 0x0000000085e00000, 0x0000000085f00000|  0%| F|  |TAMS 0x0000000085e00000, 0x0000000085e00000| Untracked 
|  65|0x0000000085f00000, 0x0000000085f00000, 0x0000000086000000|  0%| F|  |TAMS 0x0000000085f00000, 0x0000000085f00000| Untracked 
|  66|0x0000000086000000, 0x0000000086000000, 0x0000000086100000|  0%| F|  |TAMS 0x0000000086000000, 0x0000000086000000| Untracked 
|  67|0x0000000086100000, 0x0000000086100000, 0x0000000086200000|  0%| F|  |TAMS 0x0000000086100000, 0x0000000086100000| Untracked 
|  68|0x0000000086200000, 0x0000000086200000, 0x0000000086300000|  0%| F|  |TAMS 0x0000000086200000, 0x0000000086200000| Untracked 
|  69|0x0000000086300000, 0x0000000086300000, 0x0000000086400000|  0%| F|  |TAMS 0x0000000086300000, 0x0000000086300000| Untracked 
|  70|0x0000000086400000, 0x0000000086400000, 0x0000000086500000|  0%| F|  |TAMS 0x0000000086400000, 0x0000000086400000| Untracked 
|  71|0x0000000086500000, 0x0000000086500000, 0x0000000086600000|  0%| F|  |TAMS 0x0000000086500000, 0x0000000086500000| Untracked 
|  72|0x0000000086600000, 0x0000000086600000, 0x0000000086700000|  0%| F|  |TAMS 0x0000000086600000, 0x0000000086600000| Untracked 
|  73|0x0000000086700000, 0x0000000086700000, 0x0000000086800000|  0%| F|  |TAMS 0x0000000086700000, 0x0000000086700000| Untracked 
|  74|0x0000000086800000, 0x0000000086800000, 0x0000000086900000|  0%| F|  |TAMS 0x0000000086800000, 0x0000000086800000| Untracked 
|  75|0x0000000086900000, 0x0000000086900000, 0x0000000086a00000|  0%| F|  |TAMS 0x0000000086900000, 0x0000000086900000| Untracked 
|  76|0x0000000086a00000, 0x0000000086a00000, 0x0000000086b00000|  0%| F|  |TAMS 0x0000000086a00000, 0x0000000086a00000| Untracked 
|  77|0x0000000086b00000, 0x0000000086b00000, 0x0000000086c00000|  0%| F|  |TAMS 0x0000000086b00000, 0x0000000086b00000| Untracked 
|  78|0x0000000086c00000, 0x0000000086c00000, 0x0000000086d00000|  0%| F|  |TAMS 0x0000000086c00000, 0x0000000086c00000| Untracked 
|  79|0x0000000086d00000, 0x0000000086d00000, 0x0000000086e00000|  0%| F|  |TAMS 0x0000000086d00000, 0x0000000086d00000| Untracked 
|  80|0x0000000086e00000, 0x0000000086e00000, 0x0000000086f00000|  0%| F|  |TAMS 0x0000000086e00000, 0x0000000086e00000| Untracked 
|  81|0x0000000086f00000, 0x0000000086f00000, 0x0000000087000000|  0%| F|  |TAMS 0x0000000086f00000, 0x0000000086f00000| Untracked 
|  82|0x0000000087000000, 0x0000000087000000, 0x0000000087100000|  0%| F|  |TAMS 0x0000000087000000, 0x0000000087000000| Untracked 
|  83|0x0000000087100000, 0x00000000871ca070, 0x0000000087200000| 78%| S|CS|TAMS 0x0000000087100000, 0x0000000087100000| Complete 
|  84|0x0000000087200000, 0x0000000087300000, 0x0000000087300000|100%| S|CS|TAMS 0x0000000087200000, 0x0000000087200000| Complete 
|  85|0x0000000087300000, 0x0000000087300000, 0x0000000087400000|  0%| F|  |TAMS 0x0000000087300000, 0x0000000087300000| Untracked 
|  86|0x0000000087400000, 0x0000000087400000, 0x0000000087500000|  0%| F|  |TAMS 0x0000000087400000, 0x0000000087400000| Untracked 
|  87|0x0000000087500000, 0x0000000087500000, 0x0000000087600000|  0%| F|  |TAMS 0x0000000087500000, 0x0000000087500000| Untracked 
|  88|0x0000000087600000, 0x0000000087600000, 0x0000000087700000|  0%| F|  |TAMS 0x0000000087600000, 0x0000000087600000| Untracked 
|  89|0x0000000087700000, 0x0000000087700000, 0x0000000087800000|  0%| F|  |TAMS 0x0000000087700000, 0x0000000087700000| Untracked 
|  90|0x0000000087800000, 0x0000000087800000, 0x0000000087900000|  0%| F|  |TAMS 0x0000000087800000, 0x0000000087800000| Untracked 
|  91|0x0000000087900000, 0x0000000087900000, 0x0000000087a00000|  0%| F|  |TAMS 0x0000000087900000, 0x0000000087900000| Untracked 
|  92|0x0000000087a00000, 0x0000000087a00000, 0x0000000087b00000|  0%| F|  |TAMS 0x0000000087a00000, 0x0000000087a00000| Untracked 
|  93|0x0000000087b00000, 0x0000000087b00000, 0x0000000087c00000|  0%| F|  |TAMS 0x0000000087b00000, 0x0000000087b00000| Untracked 
|  94|0x0000000087c00000, 0x0000000087c00000, 0x0000000087d00000|  0%| F|  |TAMS 0x0000000087c00000, 0x0000000087c00000| Untracked 
|  95|0x0000000087d00000, 0x0000000087d00000, 0x0000000087e00000|  0%| F|  |TAMS 0x0000000087d00000, 0x0000000087d00000| Untracked 
|  96|0x0000000087e00000, 0x0000000087e00000, 0x0000000087f00000|  0%| F|  |TAMS 0x0000000087e00000, 0x0000000087e00000| Untracked 
|  97|0x0000000087f00000, 0x0000000087f00000, 0x0000000088000000|  0%| F|  |TAMS 0x0000000087f00000, 0x0000000087f00000| Untracked 
|  98|0x0000000088000000, 0x0000000088000000, 0x0000000088100000|  0%| F|  |TAMS 0x0000000088000000, 0x0000000088000000| Untracked 
|  99|0x0000000088100000, 0x0000000088100000, 0x0000000088200000|  0%| F|  |TAMS 0x0000000088100000, 0x0000000088100000| Untracked 
| 100|0x0000000088200000, 0x0000000088200000, 0x0000000088300000|  0%| F|  |TAMS 0x0000000088200000, 0x0000000088200000| Untracked 
| 101|0x0000000088300000, 0x0000000088300000, 0x0000000088400000|  0%| F|  |TAMS 0x0000000088300000, 0x0000000088300000| Untracked 
| 102|0x0000000088400000, 0x0000000088400000, 0x0000000088500000|  0%| F|  |TAMS 0x0000000088400000, 0x0000000088400000| Untracked 
| 103|0x0000000088500000, 0x0000000088500000, 0x0000000088600000|  0%| F|  |TAMS 0x0000000088500000, 0x0000000088500000| Untracked 
| 104|0x0000000088600000, 0x0000000088600000, 0x0000000088700000|  0%| F|  |TAMS 0x0000000088600000, 0x0000000088600000| Untracked 
| 105|0x0000000088700000, 0x0000000088700000, 0x0000000088800000|  0%| F|  |TAMS 0x0000000088700000, 0x0000000088700000| Untracked 
| 106|0x0000000088800000, 0x0000000088800000, 0x0000000088900000|  0%| F|  |TAMS 0x0000000088800000, 0x0000000088800000| Untracked 
| 107|0x0000000088900000, 0x0000000088900000, 0x0000000088a00000|  0%| F|  |TAMS 0x0000000088900000, 0x0000000088900000| Untracked 
| 108|0x0000000088a00000, 0x0000000088a00000, 0x0000000088b00000|  0%| F|  |TAMS 0x0000000088a00000, 0x0000000088a00000| Untracked 
| 109|0x0000000088b00000, 0x0000000088b00000, 0x0000000088c00000|  0%| F|  |TAMS 0x0000000088b00000, 0x0000000088b00000| Untracked 
| 110|0x0000000088c00000, 0x0000000088c00000, 0x0000000088d00000|  0%| F|  |TAMS 0x0000000088c00000, 0x0000000088c00000| Untracked 
| 111|0x0000000088d00000, 0x0000000088d00000, 0x0000000088e00000|  0%| F|  |TAMS 0x0000000088d00000, 0x0000000088d00000| Untracked 
| 112|0x0000000088e00000, 0x0000000088e00000, 0x0000000088f00000|  0%| F|  |TAMS 0x0000000088e00000, 0x0000000088e00000| Untracked 
| 113|0x0000000088f00000, 0x0000000088f00000, 0x0000000089000000|  0%| F|  |TAMS 0x0000000088f00000, 0x0000000088f00000| Untracked 
| 114|0x0000000089000000, 0x0000000089000000, 0x0000000089100000|  0%| F|  |TAMS 0x0000000089000000, 0x0000000089000000| Untracked 
| 115|0x0000000089100000, 0x0000000089100000, 0x0000000089200000|  0%| F|  |TAMS 0x0000000089100000, 0x0000000089100000| Untracked 
| 116|0x0000000089200000, 0x0000000089200000, 0x0000000089300000|  0%| F|  |TAMS 0x0000000089200000, 0x0000000089200000| Untracked 
| 117|0x0000000089300000, 0x0000000089300000, 0x0000000089400000|  0%| F|  |TAMS 0x0000000089300000, 0x0000000089300000| Untracked 
| 118|0x0000000089400000, 0x0000000089400000, 0x0000000089500000|  0%| F|  |TAMS 0x0000000089400000, 0x0000000089400000| Untracked 
| 119|0x0000000089500000, 0x0000000089500000, 0x0000000089600000|  0%| F|  |TAMS 0x0000000089500000, 0x0000000089500000| Untracked 
| 120|0x0000000089600000, 0x0000000089600000, 0x0000000089700000|  0%| F|  |TAMS 0x0000000089600000, 0x0000000089600000| Untracked 
| 121|0x0000000089700000, 0x0000000089700000, 0x0000000089800000|  0%| F|  |TAMS 0x0000000089700000, 0x0000000089700000| Untracked 
| 122|0x0000000089800000, 0x0000000089800000, 0x0000000089900000|  0%| F|  |TAMS 0x0000000089800000, 0x0000000089800000| Untracked 
| 123|0x0000000089900000, 0x0000000089900000, 0x0000000089a00000|  0%| F|  |TAMS 0x0000000089900000, 0x0000000089900000| Untracked 
| 124|0x0000000089a00000, 0x0000000089a00000, 0x0000000089b00000|  0%| F|  |TAMS 0x0000000089a00000, 0x0000000089a00000| Untracked 
| 125|0x0000000089b00000, 0x0000000089b00000, 0x0000000089c00000|  0%| F|  |TAMS 0x0000000089b00000, 0x0000000089b00000| Untracked 
| 126|0x0000000089c00000, 0x0000000089c00000, 0x0000000089d00000|  0%| F|  |TAMS 0x0000000089c00000, 0x0000000089c00000| Untracked 
| 127|0x0000000089d00000, 0x0000000089d00000, 0x0000000089e00000|  0%| F|  |TAMS 0x0000000089d00000, 0x0000000089d00000| Untracked 

Card table byte_map: [0x00000168f41a0000,0x00000168f45a0000] _byte_map_base: 0x00000168f3d91000

Marking Bits (Prev, Next): (CMBitMap*) 0x00000168ee1772b0, (CMBitMap*) 0x00000168ee1772f0
 Prev Bits: [0x00000168f49a0000, 0x00000168f6928000)
 Next Bits: [0x00000168f6930000, 0x00000168f88b8000)

Polling page: 0x00000168ed8f0000

Metaspace:

Usage:
  Non-class:     29.12 MB used.
      Class:      4.34 MB used.
       Both:     33.46 MB used.

Virtual space:
  Non-class space:       32.00 MB reserved,      29.25 MB ( 91%) committed,  4 nodes.
      Class space:        1.00 GB reserved,       4.50 MB ( <1%) committed,  1 nodes.
             Both:        1.03 GB reserved,      33.75 MB (  3%) committed. 

Chunk freelists:
   Non-Class:  2.02 MB
       Class:  3.52 MB
        Both:  5.53 MB

MaxMetaspaceSize: unlimited
CompressedClassSpaceSize: 1.00 GB
Initial GC threshold: 21.00 MB
Current GC threshold: 56.25 MB
CDS: off
MetaspaceReclaimPolicy: balanced
 - commit_granule_bytes: 65536.
 - commit_granule_words: 8192.
 - virtual_space_node_default_size: 1048576.
 - enlarge_chunks_in_place: 1.
 - new_chunks_are_fully_committed: 0.
 - uncommit_free_chunks: 1.
 - use_allocation_guard: 0.
 - handle_deallocations: 1.


Internal statistics:

num_allocs_failed_limit: 5.
num_arena_births: 306.
num_arena_deaths: 0.
num_vsnodes_births: 5.
num_vsnodes_deaths: 0.
num_space_committed: 540.
num_space_uncommitted: 0.
num_chunks_returned_to_freelist: 5.
num_chunks_taken_from_freelist: 1268.
num_chunk_merges: 5.
num_chunk_splits: 870.
num_chunks_enlarged: 684.
num_purges: 0.
num_inconsistent_stats: 0.

CodeCache: size=49152Kb used=7725Kb max_used=7974Kb free=41426Kb
 bounds [0x00000168f0da0000, 0x00000168f1570000, 0x00000168f3da0000]
 total_blobs=4100 nmethods=3580 adapters=446
 compilation: enabled
              stopped_count=0, restarted_count=0
 full_count=0

Compilation events (20 events):
Event: 19.105 Thread 0x00000168ec0fb480 nmethod 3570 0x00000168f10ab810 code [0x00000168f10ab9e0, 0x00000168f10abcb8]
Event: 19.107 Thread 0x00000168ec0fb480 3573       1       io.github.classgraph.ClasspathElementZip$1::close (28 bytes)
Event: 19.107 Thread 0x00000168fb80c3c0 nmethod 3572 0x00000168f10aa690 code [0x00000168f10aa900, 0x00000168f10ab148]
Event: 19.108 Thread 0x00000168fb80c3c0 3574   !   1       io.github.classgraph.Resource::close (24 bytes)
Event: 19.108 Thread 0x00000168ec0fb480 nmethod 3573 0x00000168f10a9f10 code [0x00000168f10aa0e0, 0x00000168f10aa458]
Event: 19.108 Thread 0x00000168fb80c3c0 nmethod 3574 0x00000168f10a9b90 code [0x00000168f10a9d20, 0x00000168f10a9e68]
Event: 19.128 Thread 0x00000168ec0fb480 3575       1       nonapi.io.github.classgraph.fastzipfilereader.NestedJarHandler$8::<init> (63 bytes)
Event: 19.128 Thread 0x00000168fb80c3c0 3576       1       nonapi.io.github.classgraph.recycler.Recycler::acquire (53 bytes)
Event: 19.129 Thread 0x00000168ec0fb480 nmethod 3575 0x00000168f10a9410 code [0x00000168f10a95e0, 0x00000168f10a9a28]
Event: 19.129 Thread 0x00000168fb80c3c0 nmethod 3576 0x00000168f10a8e90 code [0x00000168f10a9040, 0x00000168f10a92c8]
Event: 19.130 Thread 0x00000168ec0fb480 3577       1       nonapi.io.github.classgraph.recycler.Recycler::recycle (67 bytes)
Event: 19.130 Thread 0x00000168fb80c3c0 3578       1       io.github.classgraph.ClasspathElementZip$1::openClassfile (13 bytes)
Event: 19.130 Thread 0x00000168ec0fb480 nmethod 3577 0x00000168f10a8790 code [0x00000168f10a8980, 0x00000168f10a8ce8]
Event: 19.130 Thread 0x00000168ec0fb480 3579   !   1       io.github.classgraph.ClasspathElementZip$1::open (79 bytes)
Event: 19.131 Thread 0x00000168fb80c3c0 nmethod 3578 0x00000168f10a8210 code [0x00000168f10a83c0, 0x00000168f10a86c8]
Event: 19.131 Thread 0x00000168fb80c3c0 3580       1       nonapi.io.github.classgraph.fileslice.reader.ClassfileReader::<init> (29 bytes)
Event: 19.131 Thread 0x00000168fb80c3c0 nmethod 3580 0x00000168f10a7d90 code [0x00000168f10a7f20, 0x00000168f10a8198]
Event: 19.133 Thread 0x00000168ec0fb480 nmethod 3579 0x00000168f10a6d10 code [0x00000168f10a6f60, 0x00000168f10a7818]
Event: 19.184 Thread 0x00000168ec0fb480 3581       1       java.lang.Throwable::<init> (34 bytes)
Event: 19.185 Thread 0x00000168ec0fb480 nmethod 3581 0x00000168f10a6810 code [0x00000168f10a69c0, 0x00000168f10a6c48]

GC Heap History (20 events):
Event: 15.089 GC heap after
{Heap after GC invocations=12 (full 0):
 garbage-first heap   total 55296K, used 23552K [0x0000000081e00000, 0x0000000100000000)
  region size 1024K, 2 young (2048K), 2 survivors (2048K)
 Metaspace       used 32735K, committed 33024K, reserved 1081344K
  class space    used 4164K, committed 4288K, reserved 1048576K
}
Event: 15.602 GC heap before
{Heap before GC invocations=12 (full 0):
 garbage-first heap   total 55296K, used 39936K [0x0000000081e00000, 0x0000000100000000)
  region size 1024K, 18 young (18432K), 2 survivors (2048K)
 Metaspace       used 33199K, committed 33472K, reserved 1081344K
  class space    used 4240K, committed 4352K, reserved 1048576K
}
Event: 15.614 GC heap after
{Heap after GC invocations=13 (full 0):
 garbage-first heap   total 55296K, used 27648K [0x0000000081e00000, 0x0000000100000000)
  region size 1024K, 3 young (3072K), 3 survivors (3072K)
 Metaspace       used 33199K, committed 33472K, reserved 1081344K
  class space    used 4240K, committed 4352K, reserved 1048576K
}
Event: 16.781 GC heap before
{Heap before GC invocations=13 (full 0):
 garbage-first heap   total 55296K, used 40960K [0x0000000081e00000, 0x0000000100000000)
  region size 1024K, 16 young (16384K), 3 survivors (3072K)
 Metaspace       used 33984K, committed 34304K, reserved 1081344K
  class space    used 4415K, committed 4608K, reserved 1048576K
}
Event: 16.800 GC heap after
{Heap after GC invocations=14 (full 0):
 garbage-first heap   total 55296K, used 31889K [0x0000000081e00000, 0x0000000100000000)
  region size 1024K, 2 young (2048K), 2 survivors (2048K)
 Metaspace       used 33984K, committed 34304K, reserved 1081344K
  class space    used 4415K, committed 4608K, reserved 1048576K
}
Event: 18.097 GC heap before
{Heap before GC invocations=14 (full 0):
 garbage-first heap   total 55296K, used 40081K [0x0000000081e00000, 0x0000000100000000)
  region size 1024K, 11 young (11264K), 2 survivors (2048K)
 Metaspace       used 33987K, committed 34304K, reserved 1081344K
  class space    used 4415K, committed 4608K, reserved 1048576K
}
Event: 18.105 GC heap after
{Heap after GC invocations=15 (full 0):
 garbage-first heap   total 55296K, used 32635K [0x0000000081e00000, 0x0000000100000000)
  region size 1024K, 1 young (1024K), 1 survivors (1024K)
 Metaspace       used 33987K, committed 34304K, reserved 1081344K
  class space    used 4415K, committed 4608K, reserved 1048576K
}
Event: 18.482 GC heap before
{Heap before GC invocations=16 (full 0):
 garbage-first heap   total 60416K, used 40827K [0x0000000081e00000, 0x0000000100000000)
  region size 1024K, 10 young (10240K), 1 survivors (1024K)
 Metaspace       used 33987K, committed 34304K, reserved 1081344K
  class space    used 4415K, committed 4608K, reserved 1048576K
}
Event: 18.491 GC heap after
{Heap after GC invocations=17 (full 0):
 garbage-first heap   total 60416K, used 37256K [0x0000000081e00000, 0x0000000100000000)
  region size 1024K, 2 young (2048K), 2 survivors (2048K)
 Metaspace       used 33987K, committed 34304K, reserved 1081344K
  class space    used 4415K, committed 4608K, reserved 1048576K
}
Event: 18.653 GC heap before
{Heap before GC invocations=17 (full 0):
 garbage-first heap   total 60416K, used 45448K [0x0000000081e00000, 0x0000000100000000)
  region size 1024K, 10 young (10240K), 2 survivors (2048K)
 Metaspace       used 34035K, committed 34368K, reserved 1081344K
  class space    used 4424K, committed 4608K, reserved 1048576K
}
Event: 18.673 GC heap after
{Heap after GC invocations=18 (full 0):
 garbage-first heap   total 80896K, used 40630K [0x0000000081e00000, 0x0000000100000000)
  region size 1024K, 2 young (2048K), 2 survivors (2048K)
 Metaspace       used 34035K, committed 34368K, reserved 1081344K
  class space    used 4424K, committed 4608K, reserved 1048576K
}
Event: 19.090 GC heap before
{Heap before GC invocations=19 (full 0):
 garbage-first heap   total 80896K, used 54966K [0x0000000081e00000, 0x0000000100000000)
  region size 1024K, 17 young (17408K), 2 survivors (2048K)
 Metaspace       used 34245K, committed 34560K, reserved 1081344K
  class space    used 4445K, committed 4608K, reserved 1048576K
}
Event: 19.100 GC heap after
{Heap after GC invocations=20 (full 0):
 garbage-first heap   total 80896K, used 42050K [0x0000000081e00000, 0x0000000100000000)
  region size 1024K, 2 young (2048K), 2 survivors (2048K)
 Metaspace       used 34245K, committed 34560K, reserved 1081344K
  class space    used 4445K, committed 4608K, reserved 1048576K
}
Event: 19.158 GC heap before
{Heap before GC invocations=20 (full 0):
 garbage-first heap   total 80896K, used 56386K [0x0000000081e00000, 0x0000000100000000)
  region size 1024K, 17 young (17408K), 2 survivors (2048K)
 Metaspace       used 34264K, committed 34560K, reserved 1081344K
  class space    used 4447K, committed 4608K, reserved 1048576K
}
Event: 19.163 GC heap after
{Heap after GC invocations=21 (full 0):
 garbage-first heap   total 80896K, used 42683K [0x0000000081e00000, 0x0000000100000000)
  region size 1024K, 2 young (2048K), 2 survivors (2048K)
 Metaspace       used 34264K, committed 34560K, reserved 1081344K
  class space    used 4447K, committed 4608K, reserved 1048576K
}
Event: 19.234 GC heap before
{Heap before GC invocations=21 (full 0):
 garbage-first heap   total 80896K, used 59067K [0x0000000081e00000, 0x0000000100000000)
  region size 1024K, 19 young (19456K), 2 survivors (2048K)
 Metaspace       used 34264K, committed 34560K, reserved 1081344K
  class space    used 4447K, committed 4608K, reserved 1048576K
}
Event: 19.238 GC heap after
{Heap after GC invocations=22 (full 0):
 garbage-first heap   total 80896K, used 43658K [0x0000000081e00000, 0x0000000100000000)
  region size 1024K, 2 young (2048K), 2 survivors (2048K)
 Metaspace       used 34264K, committed 34560K, reserved 1081344K
  class space    used 4447K, committed 4608K, reserved 1048576K
}
Event: 19.313 GC heap before
{Heap before GC invocations=22 (full 0):
 garbage-first heap   total 80896K, used 60042K [0x0000000081e00000, 0x0000000100000000)
  region size 1024K, 20 young (20480K), 2 survivors (2048K)
 Metaspace       used 34264K, committed 34560K, reserved 1081344K
  class space    used 4447K, committed 4608K, reserved 1048576K
}
Event: 19.317 GC heap after
{Heap after GC invocations=23 (full 0):
 garbage-first heap   total 80896K, used 44776K [0x0000000081e00000, 0x0000000100000000)
  region size 1024K, 3 young (3072K), 3 survivors (3072K)
 Metaspace       used 34264K, committed 34560K, reserved 1081344K
  class space    used 4447K, committed 4608K, reserved 1048576K
}
Event: 19.373 GC heap before
{Heap before GC invocations=23 (full 0):
 garbage-first heap   total 97280K, used 61160K [0x0000000081e00000, 0x0000000100000000)
  region size 1024K, 20 young (20480K), 3 survivors (3072K)
 Metaspace       used 34264K, committed 34560K, reserved 1081344K
  class space    used 4447K, committed 4608K, reserved 1048576K
}

Deoptimization events (16 events):
Event: 4.370 Thread 0x00000168ec0fa6c0 DEOPT PACKING pc=0x00000168f113b8f5 sp=0x000000557b3fdc80
Event: 4.370 Thread 0x00000168ec0fa6c0 DEOPT UNPACKING pc=0x00000168f0df2b43 sp=0x000000557b3fd0f0 mode 3
Event: 8.012 Thread 0x00000168ec0fa6c0 DEOPT PACKING pc=0x00000168f1253699 sp=0x000000557b3fd4f0
Event: 8.012 Thread 0x00000168ec0fa6c0 DEOPT UNPACKING pc=0x00000168f0df2b43 sp=0x000000557b3fc9d0 mode 3
Event: 9.647 Thread 0x00000168ec0fa6c0 DEOPT PACKING pc=0x00000168f13230f5 sp=0x000000557b3fd1c0
Event: 9.647 Thread 0x00000168ec0fa6c0 DEOPT UNPACKING pc=0x00000168f0df2b43 sp=0x000000557b3fc630 mode 3
Event: 13.132 Thread 0x00000168ec0fa6c0 DEOPT PACKING pc=0x00000168f13c9919 sp=0x000000557b3fc9f0
Event: 13.132 Thread 0x00000168ec0fa6c0 DEOPT UNPACKING pc=0x00000168f0df2b43 sp=0x000000557b3fbed0 mode 3
Event: 13.529 Thread 0x00000168fcec5430 DEOPT PACKING pc=0x00000168f141f3ab sp=0x000000557cafe390
Event: 13.529 Thread 0x00000168fcec5430 DEOPT UNPACKING pc=0x00000168f0df2b43 sp=0x000000557cafd8d8 mode 3
Event: 15.344 Thread 0x00000168fd4c9d40 DEOPT PACKING pc=0x00000168f152c835 sp=0x000000557d6fde30
Event: 15.344 Thread 0x00000168fd4c9d40 DEOPT UNPACKING pc=0x00000168f0df2b43 sp=0x000000557d6fd358 mode 3
Event: 15.518 Thread 0x00000168fd4c8530 DEOPT PACKING pc=0x00000168f1256281 sp=0x000000557d2fef00
Event: 15.518 Thread 0x00000168fd4c8530 DEOPT UNPACKING pc=0x00000168f0df2b43 sp=0x000000557d2fe390 mode 3
Event: 17.768 Thread 0x00000168fd4cb080 DEOPT PACKING pc=0x00000168f124f317 sp=0x000000557d5feec0
Event: 17.768 Thread 0x00000168fd4cb080 DEOPT UNPACKING pc=0x00000168f0df2b43 sp=0x000000557d5fe318 mode 3

Classes unloaded (0 events):
No events

Classes redefined (0 events):
No events

Internal exceptions (20 events):
Event: 19.184 Thread 0x00000168fb8e12c0 Exception <a 'sun/nio/fs/WindowsException'{0x00000000867b75c8}> (0x00000000867b75c8) 
thrown [e:\jenkins\tmp\workspace\build\src\src\hotspot\share\prims\jni.cpp, line 516]
Event: 19.184 Thread 0x00000168fb8e12c0 Exception <a 'sun/nio/fs/WindowsException'{0x00000000867b79e8}> (0x00000000867b79e8) 
thrown [e:\jenkins\tmp\workspace\build\src\src\hotspot\share\prims\jni.cpp, line 516]
Event: 19.186 Thread 0x00000168fd38ca40 Exception <a 'sun/nio/fs/WindowsException'{0x00000000866dc3e0}> (0x00000000866dc3e0) 
thrown [e:\jenkins\tmp\workspace\build\src\src\hotspot\share\prims\jni.cpp, line 516]
Event: 19.186 Thread 0x00000168fd38ca40 Exception <a 'sun/nio/fs/WindowsException'{0x00000000866dc820}> (0x00000000866dc820) 
thrown [e:\jenkins\tmp\workspace\build\src\src\hotspot\share\prims\jni.cpp, line 516]
Event: 19.199 Thread 0x00000168fd4cba20 Exception <a 'sun/nio/fs/WindowsException'{0x00000000862747f0}> (0x00000000862747f0) 
thrown [e:\jenkins\tmp\workspace\build\src\src\hotspot\share\prims\jni.cpp, line 516]
Event: 19.199 Thread 0x00000168fd4cba20 Exception <a 'sun/nio/fs/WindowsException'{0x0000000086274c58}> (0x0000000086274c58) 
thrown [e:\jenkins\tmp\workspace\build\src\src\hotspot\share\prims\jni.cpp, line 516]
Event: 19.226 Thread 0x00000168fd4cba20 Exception <a 'sun/nio/fs/WindowsException'{0x0000000085d0f1f8}> (0x0000000085d0f1f8) 
thrown [e:\jenkins\tmp\workspace\build\src\src\hotspot\share\prims\jni.cpp, line 516]
Event: 19.226 Thread 0x00000168fd4cba20 Exception <a 'sun/nio/fs/WindowsException'{0x0000000085d0f640}> (0x0000000085d0f640) 
thrown [e:\jenkins\tmp\workspace\build\src\src\hotspot\share\prims\jni.cpp, line 516]
Event: 19.266 Thread 0x00000168fd4cba20 Exception <a 'sun/nio/fs/WindowsException'{0x00000000866f7478}> (0x00000000866f7478) 
thrown [e:\jenkins\tmp\workspace\build\src\src\hotspot\share\prims\jni.cpp, line 516]
Event: 19.266 Thread 0x00000168fd4cba20 Exception <a 'sun/nio/fs/WindowsException'{0x00000000866f7898}> (0x00000000866f7898) 
thrown [e:\jenkins\tmp\workspace\build\src\src\hotspot\share\prims\jni.cpp, line 516]
Event: 19.286 Thread 0x00000168fb8e12c0 Exception <a 'sun/nio/fs/WindowsException'{0x000000008628da50}> (0x000000008628da50) 
thrown [e:\jenkins\tmp\workspace\build\src\src\hotspot\share\prims\jni.cpp, line 516]
Event: 19.286 Thread 0x00000168fb8e12c0 Exception <a 'sun/nio/fs/WindowsException'{0x000000008628de68}> (0x000000008628de68) 
thrown [e:\jenkins\tmp\workspace\build\src\src\hotspot\share\prims\jni.cpp, line 516]
Event: 19.286 Thread 0x00000168fb8e12c0 Exception <a 'sun/nio/fs/WindowsException'{0x000000008628ea28}> (0x000000008628ea28) 
thrown [e:\jenkins\tmp\workspace\build\src\src\hotspot\share\prims\jni.cpp, line 516]
Event: 19.286 Thread 0x00000168fb8e12c0 Exception <a 'sun/nio/fs/WindowsException'{0x000000008628ee58}> (0x000000008628ee58) 
thrown [e:\jenkins\tmp\workspace\build\src\src\hotspot\share\prims\jni.cpp, line 516]
Event: 19.288 Thread 0x00000168fd031350 Exception <a 'sun/nio/fs/WindowsException'{0x0000000086241868}> (0x0000000086241868) 
thrown [e:\jenkins\tmp\workspace\build\src\src\hotspot\share\prims\jni.cpp, line 516]
Event: 19.288 Thread 0x00000168fd031350 Exception <a 'sun/nio/fs/WindowsException'{0x0000000086241d08}> (0x0000000086241d08) 
thrown [e:\jenkins\tmp\workspace\build\src\src\hotspot\share\prims\jni.cpp, line 516]
Event: 19.337 Thread 0x00000168fb8e12c0 Exception <a 'sun/nio/fs/WindowsException'{0x00000000864591e0}> (0x00000000864591e0) 
thrown [e:\jenkins\tmp\workspace\build\src\src\hotspot\share\prims\jni.cpp, line 516]
Event: 19.337 Thread 0x00000168fb8e12c0 Exception <a 'sun/nio/fs/WindowsException'{0x0000000086459640}> (0x0000000086459640) 
thrown [e:\jenkins\tmp\workspace\build\src\src\hotspot\share\prims\jni.cpp, line 516]
Event: 19.357 Thread 0x00000168fd030e80 Exception <a 'sun/nio/fs/WindowsException'{0x00000000877becc8}> (0x00000000877becc8) 
thrown [e:\jenkins\tmp\workspace\build\src\src\hotspot\share\prims\jni.cpp, line 516]
Event: 19.357 Thread 0x00000168fd030e80 Exception <a 'sun/nio/fs/WindowsException'{0x00000000877bf140}> (0x00000000877bf140) 
thrown [e:\jenkins\tmp\workspace\build\src\src\hotspot\share\prims\jni.cpp, line 516]

VM Operations (20 events):
Event: 19.049 Executing VM operation: ICBufferFull done
Event: 19.055 Executing VM operation: HandshakeAllThreads
Event: 19.055 Executing VM operation: HandshakeAllThreads done
Event: 19.056 Executing VM operation: HandshakeAllThreads
Event: 19.056 Executing VM operation: HandshakeAllThreads done
Event: 19.078 Executing VM operation: G1CollectForAllocation
Event: 19.102 Executing VM operation: G1CollectForAllocation done
Event: 19.158 Executing VM operation: G1CollectForAllocation
Event: 19.163 Executing VM operation: G1CollectForAllocation done
Event: 19.234 Executing VM operation: G1CollectForAllocation
Event: 19.238 Executing VM operation: G1CollectForAllocation done
Event: 19.301 Executing VM operation: G1CollectForAllocation
Event: 19.301 Executing VM operation: G1CollectForAllocation done
Event: 19.313 Executing VM operation: G1CollectForAllocation
Event: 19.317 Executing VM operation: G1CollectForAllocation done
Event: 19.347 Executing VM operation: G1Concurrent
Event: 19.352 Executing VM operation: G1Concurrent done
Event: 19.372 Executing VM operation: G1CollectForAllocation
Event: 19.373 Executing VM operation: G1CollectForAllocation done
Event: 19.373 Executing VM operation: G1CollectForAllocation

Events (20 events):
Event: 15.624 loading class java/util/ServiceConfigurationError
Event: 15.624 loading class java/util/ServiceConfigurationError done
Event: 15.656 Thread 0x00000168fd4ca210 Thread added: 0x00000168fd4ca210
Event: 15.889 Thread 0x00000168fd4ca6e0 Thread added: 0x00000168fd4ca6e0
Event: 16.432 Thread 0x00000168fd4c93a0 Thread added: 0x00000168fd4c93a0
Event: 16.484 loading class java/util/concurrent/CompletionException
Event: 16.484 loading class java/util/concurrent/CompletionException done
Event: 16.498 loading class java/io/PrintWriter
Event: 16.499 loading class java/io/PrintWriter done
Event: 16.503 loading class sun/nio/cs/StringUTF16
Event: 16.503 loading class sun/nio/cs/StringUTF16 done
Event: 16.506 loading class java/util/WeakHashMap$EntrySet
Event: 16.506 loading class java/util/WeakHashMap$EntrySet done
Event: 16.506 loading class java/util/WeakHashMap$EntryIterator
Event: 16.506 loading class java/util/WeakHashMap$HashIterator
Event: 16.506 loading class java/util/WeakHashMap$HashIterator done
Event: 16.506 loading class java/util/WeakHashMap$EntryIterator done
Event: 17.980 Thread 0x00000168fba49360 Thread exited: 0x00000168fba49360
Event: 18.586 loading class sun/nio/fs/WindowsChannelFactory$2
Event: 18.586 loading class sun/nio/fs/WindowsChannelFactory$2 done


Dynamic libraries:
0x00007ff72ad00000 - 0x00007ff72ad0e000 	c:\Users\marco\.vscode\extensions\redhat.java-1.9.0-win32-x64\jre\17.0.3-win32-x86_64\bin\java.exe
0x00007ffa2cc70000 - 0x00007ffa2ce68000 	C:\Windows\SYSTEM32\ntdll.dll
0x00007ffa2b170000 - 0x00007ffa2b22d000 	C:\Windows\System32\KERNEL32.DLL
0x00007ffa2a3c0000 - 0x00007ffa2a68e000 	C:\Windows\System32\KERNELBASE.dll
0x00007ffa2a830000 - 0x00007ffa2a930000 	C:\Windows\System32\ucrtbase.dll
0x00007ffa25ec0000 - 0x00007ffa25ed9000 	c:\Users\marco\.vscode\extensions\redhat.java-1.9.0-win32-x64\jre\17.0.3-win32-x86_64\bin\VCRUNTIME140.dll
0x00007ffa26b40000 - 0x00007ffa26b58000 	c:\Users\marco\.vscode\extensions\redhat.java-1.9.0-win32-x64\jre\17.0.3-win32-x86_64\bin\jli.dll
0x00007ffa2ca90000 - 0x00007ffa2cc30000 	C:\Windows\System32\USER32.dll
0x00007ffa2ab90000 - 0x00007ffa2abb2000 	C:\Windows\System32\win32u.dll
0x00007ffa19d90000 - 0x00007ffa1a02a000 	C:\Windows\WinSxS\amd64_microsoft.windows.common-controls_6595b64144ccf1df_6.0.19041.1110_none_60b5254171f9507e\COMCTL32.dll
0x00007ffa2ae80000 - 0x00007ffa2aeaa000 	C:\Windows\System32\GDI32.dll
0x00007ffa2aeb0000 - 0x00007ffa2af4e000 	C:\Windows\System32\msvcrt.dll
0x00007ffa2a690000 - 0x00007ffa2a79b000 	C:\Windows\System32\gdi32full.dll
0x00007ffa2abc0000 - 0x00007ffa2ac5d000 	C:\Windows\System32\msvcp_win.dll
0x00007ffa2af50000 - 0x00007ffa2af80000 	C:\Windows\System32\IMM32.DLL
0x00007ffa26b30000 - 0x00007ffa26b3c000 	c:\Users\marco\.vscode\extensions\redhat.java-1.9.0-win32-x64\jre\17.0.3-win32-x86_64\bin\vcruntime140_1.dll
0x00007ff9f68d0000 - 0x00007ff9f6961000 	c:\Users\marco\.vscode\extensions\redhat.java-1.9.0-win32-x64\jre\17.0.3-win32-x86_64\bin\msvcp140.dll
0x00007ff973700000 - 0x00007ff974348000 	c:\Users\marco\.vscode\extensions\redhat.java-1.9.0-win32-x64\jre\17.0.3-win32-x86_64\bin\server\jvm.dll
0x00007ffa2afe0000 - 0x00007ffa2b08e000 	C:\Windows\System32\ADVAPI32.dll
0x00007ffa2b790000 - 0x00007ffa2b82c000 	C:\Windows\System32\sechost.dll
0x00007ffa2b500000 - 0x00007ffa2b625000 	C:\Windows\System32\RPCRT4.dll
0x00007ffa2ba90000 - 0x00007ffa2ba98000 	C:\Windows\System32\PSAPI.DLL
0x00007ffa19620000 - 0x00007ffa19629000 	C:\Windows\SYSTEM32\WSOCK32.dll
0x00007ffa2baa0000 - 0x00007ffa2bb0b000 	C:\Windows\System32\WS2_32.dll
0x00007ffa19bb0000 - 0x00007ffa19bd7000 	C:\Windows\SYSTEM32\WINMM.dll
0x00007ffa215b0000 - 0x00007ffa215ba000 	C:\Windows\SYSTEM32\VERSION.dll
0x00007ffa28c20000 - 0x00007ffa28c32000 	C:\Windows\SYSTEM32\kernel.appcore.dll
0x00007ffa25f00000 - 0x00007ffa25f0a000 	c:\Users\marco\.vscode\extensions\redhat.java-1.9.0-win32-x64\jre\17.0.3-win32-x86_64\bin\jimage.dll
0x00007ffa288e0000 - 0x00007ffa28ac4000 	C:\Windows\SYSTEM32\DBGHELP.DLL
0x00007ffa14f90000 - 0x00007ffa14fbc000 	C:\Windows\SYSTEM32\dbgcore.DLL
0x00007ffa2a7a0000 - 0x00007ffa2a822000 	C:\Windows\System32\bcryptPrimitives.dll
0x00007ffa189b0000 - 0x00007ffa189d5000 	c:\Users\marco\.vscode\extensions\redhat.java-1.9.0-win32-x64\jre\17.0.3-win32-x86_64\bin\java.dll
0x00007ffa25e90000 - 0x00007ffa25ea8000 	c:\Users\marco\.vscode\extensions\redhat.java-1.9.0-win32-x64\jre\17.0.3-win32-x86_64\bin\zip.dll
0x00007ffa2be70000 - 0x00007ffa2c5b4000 	C:\Windows\System32\SHELL32.dll
0x00007ffa28140000 - 0x00007ffa288d4000 	C:\Windows\SYSTEM32\windows.storage.dll
0x00007ffa2bb10000 - 0x00007ffa2be64000 	C:\Windows\System32\combase.dll
0x00007ffa29df0000 - 0x00007ffa29e20000 	C:\Windows\SYSTEM32\Wldp.dll
0x00007ffa2b380000 - 0x00007ffa2b42d000 	C:\Windows\System32\SHCORE.dll
0x00007ffa2ca30000 - 0x00007ffa2ca85000 	C:\Windows\System32\shlwapi.dll
0x00007ffa2a2d0000 - 0x00007ffa2a2ef000 	C:\Windows\SYSTEM32\profapi.dll
0x00007ffa25dc0000 - 0x00007ffa25dd9000 	C:\Users\marco\.vscode\extensions\redhat.java-1.9.0-win32-x64\jre\17.0.3-win32-x86_64\bin\net.dll
0x00007ffa1a640000 - 0x00007ffa1a74a000 	C:\Windows\SYSTEM32\WINHTTP.dll
0x00007ffa29b50000 - 0x00007ffa29bba000 	C:\Windows\system32\mswsock.dll
0x00007ffa24440000 - 0x00007ffa24455000 	C:\Users\marco\.vscode\extensions\redhat.java-1.9.0-win32-x64\jre\17.0.3-win32-x86_64\bin\nio.dll
0x00007ffa25e00000 - 0x00007ffa25e10000 	c:\Users\marco\.vscode\extensions\redhat.java-1.9.0-win32-x64\jre\17.0.3-win32-x86_64\bin\verify.dll
0x00007ffa23ea0000 - 0x00007ffa23ea9000 	C:\Users\marco\.vscode\extensions\redhat.java-1.9.0-win32-x64\jre\17.0.3-win32-x86_64\bin\management.dll
0x00007ffa19590000 - 0x00007ffa1959b000 	C:\Users\marco\.vscode\extensions\redhat.java-1.9.0-win32-x64\jre\17.0.3-win32-x86_64\bin\management_ext.dll
0x00007ffa14e30000 - 0x00007ffa14e47000 	C:\Windows\system32\napinsp.dll
0x00007ffa14de0000 - 0x00007ffa14dfb000 	C:\Windows\system32\pnrpnsp.dll
0x00007ffa248b0000 - 0x00007ffa248c5000 	C:\Windows\system32\wshbth.dll
0x00007ffa26eb0000 - 0x00007ffa26ecd000 	C:\Windows\system32\NLAapi.dll
0x00007ffa297f0000 - 0x00007ffa2982b000 	C:\Windows\SYSTEM32\IPHLPAPI.DLL
0x00007ffa29840000 - 0x00007ffa2990b000 	C:\Windows\SYSTEM32\DNSAPI.dll
0x00007ffa2b370000 - 0x00007ffa2b378000 	C:\Windows\System32\NSI.dll
0x00007ffa14dc0000 - 0x00007ffa14dd2000 	C:\Windows\System32\winrnr.dll
0x00007ffa1a580000 - 0x00007ffa1a58a000 	C:\Windows\System32\rasadhlp.dll
0x00007ffa1a5c0000 - 0x00007ffa1a640000 	C:\Windows\System32\fwpuclnt.dll
0x00007ffa2a390000 - 0x00007ffa2a3b7000 	C:\Windows\System32\bcrypt.dll
0x00007ffa29d40000 - 0x00007ffa29d58000 	C:\Windows\SYSTEM32\CRYPTSP.dll
0x00007ffa29460000 - 0x00007ffa29494000 	C:\Windows\system32\rsaenh.dll
0x00007ffa2a290000 - 0x00007ffa2a2be000 	C:\Windows\SYSTEM32\USERENV.dll
0x00007ffa29d60000 - 0x00007ffa29d6c000 	C:\Windows\SYSTEM32\CRYPTBASE.dll
0x00007ffa20df0000 - 0x00007ffa20e07000 	C:\Windows\SYSTEM32\dhcpcsvc6.DLL
0x00007ffa215c0000 - 0x00007ffa215dd000 	C:\Windows\SYSTEM32\dhcpcsvc.DLL

dbghelp: loaded successfully - version: 4.0.5 - missing functions: none
symbol engine: initialized successfully - sym options: 0x614 - pdb path: .;c:\Users\marco\.vscode\extensions\redhat.java-1.9.0-win32-x64\jre\17.0.3-win32-x86_64\bin;C:\Windows\SYSTEM32;C:\Windows\WinSxS\amd64_microsoft.windows.common-controls_6595b64144ccf1df_6.0.19041.1110_none_60b5254171f9507e;c:\Users\marco\.vscode\extensions\redhat.java-1.9.0-win32-x64\jre\17.0.3-win32-x86_64\bin\server

VM Arguments:
jvm_args: --add-modules=ALL-SYSTEM --add-exports=jdk.compiler/com.sun.tools.javac.file=ALL-UNNAMED --add-exports=jdk.compiler/com.sun.tools.javac.util=ALL-UNNAMED --add-exports=jdk.compiler/com.sun.tools.javac.comp=ALL-UNNAMED --add-exports=jdk.compiler/com.sun.tools.javac.main=ALL-UNNAMED --add-exports=jdk.compiler/com.sun.tools.javac.tree=ALL-UNNAMED --add-exports=jdk.compiler/com.sun.tools.javac.code=ALL-UNNAMED -Dsts.lsp.client=vscode -Dsts.log.file=/dev/null -XX:TieredStopAtLevel=1 -Dspring.config.location=file:c:\Users\marco\.vscode\extensions\pivotal.vscode-spring-boot-1.36.0\language-server\BOOT-INF\classes\application.properties 
java_command: org.springframework.ide.vscode.boot.app.BootLanguageServerBootApp
java_class_path (initial): c:\Users\marco\.vscode\extensions\pivotal.vscode-spring-boot-1.36.0\language-server\BOOT-INF\classes;c:\Users\marco\.vscode\extensions\pivotal.vscode-spring-boot-1.36.0\language-server\BOOT-INF\lib\annotations-23.0.0.jar;c:\Users\marco\.vscode\extensions\pivotal.vscode-spring-boot-1.36.0\language-server\BOOT-INF\lib\antlr-runtime-3.5.2.jar;c:\Users\marco\.vscode\extensions\pivotal.vscode-spring-boot-1.36.0\language-server\BOOT-INF\lib\antlr4-4.9.3.jar;c:\Users\marco\.vscode\extensions\pivotal.vscode-spring-boot-1.36.0\language-server\BOOT-INF\lib\antlr4-runtime-4.9.3.jar;c:\Users\marco\.vscode\extensions\pivotal.vscode-spring-boot-1.36.0\language-server\BOOT-INF\lib\asm-9.3.jar;c:\Users\marco\.vscode\extensions\pivotal.vscode-spring-boot-1.36.0\language-server\BOOT-INF\lib\asm-analysis-9.3.jar;c:\Users\marco\.vscode\extensions\pivotal.vscode-spring-boot-1.36.0\language-server\BOOT-INF\lib\asm-tree-9.3.jar;c:\Users\marco\.vscode\extensions\pivotal.vscode-spring-boot-1.36.0\language-server\BOOT-INF\lib\asm-util-9.3.jar;c:\Users\marco\.vscode\extensions\pivotal.vscode-spring-boot-1.36.0\language-server\BOOT-INF\lib\byte-buddy-1.10.18.jar;c:\Users\marco\.vscode\extensions\pivotal.vscode-spring-boot-1.36.0\language-server\BOOT-INF\lib\caffeine-2.8.6.jar;c:\Users\marco\.vscode\extensions\pivotal.vscode-spring-boot-1.36.0\language-server\BOOT-INF\lib\checker-qual-3.12.0.jar;c:\Users\marco\.vscode\extensions\pivotal.vscode-spring-boot-1.36.0\language-server\BOOT-INF\lib\classgraph-4.8.146.jar;c:\Users\marco\.vscode\extensions\pivotal.vscode-spring-boot-1.36.0\language-server\BOOT-INF\lib\commons-codec-1.14.jar;c:\Users\marco\.vscode\extensions\pivotal.vscode-spring-boot-1.36.0\language-server\BOOT-INF\lib\commons-compress-1.21.jar;c:\Users\marco\.vscode\extensions\pivotal.vscode-spring-boot-1.36.0\language-server\BOOT-INF\lib\commons-exec-1.3.jar;c:\Users\marco\.vscode\extensions\pivotal.vscode-spring-boot-1.36.0\language-server\BOOT-INF\lib\com
Launcher Type: SUN_STANDARD

[Global flags]
     intx CICompilerCount                          = 3                                         {product} {ergonomic}
     uint ConcGCThreads                            = 1                                         {product} {ergonomic}
     uint G1ConcRefinementThreads                  = 4                                         {product} {ergonomic}
   size_t G1HeapRegionSize                         = 1048576                                   {product} {ergonomic}
    uintx GCDrainStackTargetSize                   = 64                                        {product} {ergonomic}
   size_t InitialHeapSize                          = 134217728                                 {product} {ergonomic}
   size_t MarkStackSize                            = 4194304                                   {product} {ergonomic}
   size_t MaxHeapSize                              = 2116026368                                {product} {ergonomic}
   size_t MaxNewSize                               = 1268776960                                {product} {ergonomic}
   size_t MinHeapDeltaBytes                        = 1048576                                   {product} {ergonomic}
   size_t MinHeapSize                              = 8388608                                   {product} {ergonomic}
    uintx NonProfiledCodeHeapSize                  = 0                                      {pd product} {ergonomic}
     bool ProfileInterpreter                       = false                                  {pd product} {command line}
    uintx ProfiledCodeHeapSize                     = 0                                      {pd product} {ergonomic}
   size_t SoftMaxHeapSize                          = 2116026368                             {manageable} {ergonomic}
     intx TieredStopAtLevel                        = 1                                         {product} {command line}
     bool UseCompressedClassPointers               = true                           {product lp64_product} {ergonomic}
     bool UseCompressedOops                        = true                           {product lp64_product} {ergonomic}
     bool UseG1GC                                  = true                                      {product} {ergonomic}
     bool UseLargePagesIndividualAllocation        = false                                  {pd product} {ergonomic}

Logging:
Log output configuration:
 #0: stdout all=warning uptime,level,tags
 #1: stderr all=off uptime,level,tags

Environment Variables:
JAVA_HOME=C:\Program Files\Eclipse Foundation\jdk-8.0.302.8-hotspot\
PATH=C:\Program Files\Common Files\Oracle\Java\javapath;C:\Program Files\Eclipse Foundation\jdk-8.0.302.8-hotspot\bin;C:\Windows\system32;C:\Windows;C:\Windows\System32\Wbem;C:\Windows\System32\WindowsPowerShell\v1.0\;C:\Windows\System32\OpenSSH\;C:\Program Files\Git\cmd;C:\Program Files\dotnet\;C:\src\flutter\bin;C:\Program Files\nodejs\;C:\Program Files\Maven\apache-maven-3.8.6\bin;C:\Program Files\MySQL\MySQL Shell 8.0\bin\;C:\Users\marco\AppData\Local\Microsoft\WindowsApps;C:\Users\marco\AppData\Local\Programs\Microsoft VS Code\bin;C:\Users\marco\AppData\Local\GitHubDesktop\bin;C:\Users\marco\AppData\Roaming\npm
USERNAME=marco
OS=Windows_NT
PROCESSOR_IDENTIFIER=Intel64 Family 6 Model 142 Stepping 9, GenuineIntel



---------------  S Y S T E M  ---------------

OS:
 Windows 10 , 64 bit Build 19041 (10.0.19041.1806)
OS uptime: 0 days 23:18 hours

CPU: total 4 (initial active 4) (2 cores per cpu, 2 threads per core) family 6 model 142 stepping 9 microcode 0xca, cx8, cmov, fxsr, ht, mmx, 3dnowpref, sse, sse2, sse3, ssse3, sse4.1, sse4.2, popcnt, lzcnt, tsc, tscinvbit, avx, avx2, aes, erms, clmul, bmi1, bmi2, adx, fma, vzeroupper, clflush, clflushopt

Memory: 4k page, system-wide physical 8070M (282M free)
TotalPageFile size 32646M (AvailPageFile size 30M)
current process WorkingSet (physical memory assigned to process): 172M, peak: 172M
current process commit charge ("private bytes"): 250M, peak: 307M

vm_info: OpenJDK 64-Bit Server VM (17.0.3+7) for windows-amd64 JRE (17.0.3+7), built on Apr 19 2022 16:55:35 by "" with MS VC++ 16.7 (VS2019)

END.
