#
# There is insufficient memory for the Java Runtime Environment to continue.
# Native memory allocation (mmap) failed to map 128974848 bytes for G1 virtual space
# Possible reasons:
#   The system is out of physical RAM or swap space
#   The process is running with CompressedOops enabled, and the Java Heap may be blocking the growth of the native heap
# Possible solutions:
#   Reduce memory load on the system
#   Increase physical memory or swap space
#   Check if swap backing store is full
#   Decrease Java heap size (-Xmx/-Xms)
#   Decrease number of Java threads
#   Decrease Java thread stack sizes (-Xss)
#   Set larger code cache with -XX:ReservedCodeCacheSize=
#   JVM is running with Unscaled Compressed Oops mode in which the Java heap is
#     placed in the first 4GB address space. The Java Heap base address is the
#     maximum limit for the native heap growth. Please use -XX:HeapBaseMinAddress
#     to set the Java Heap base and to place the Java Heap above 4GB virtual address.
# This output file may be truncated or incomplete.
#
#  Out of Memory Error (os_windows.cpp:3535), pid=2368, tid=6540
#
# JRE version: OpenJDK Runtime Environment Temurin-17.0.3+7 (17.0.3+7) (build 17.0.3+7)
# Java VM: OpenJDK 64-Bit Server VM Temurin-17.0.3+7 (17.0.3+7, mixed mode, emulated-client, tiered, compressed oops, compressed class ptrs, g1 gc, windows-amd64)
# No core dump will be written. Minidumps are not enabled by default on client versions of Windows
#

---------------  S U M M A R Y ------------

Command Line: --add-modules=ALL-SYSTEM --add-exports=jdk.compiler/com.sun.tools.javac.file=ALL-UNNAMED --add-exports=jdk.compiler/com.sun.tools.javac.util=ALL-UNNAMED --add-exports=jdk.compiler/com.sun.tools.javac.comp=ALL-UNNAMED --add-exports=jdk.compiler/com.sun.tools.javac.main=ALL-UNNAMED --add-exports=jdk.compiler/com.sun.tools.javac.tree=ALL-UNNAMED --add-exports=jdk.compiler/com.sun.tools.javac.code=ALL-UNNAMED -Dsts.lsp.client=vscode -Dsts.log.file=/dev/null -XX:TieredStopAtLevel=1 -Dspring.config.location=file:c:\Users\marco\.vscode\extensions\pivotal.vscode-spring-boot-1.36.0\language-server\BOOT-INF\classes\application.properties org.springframework.ide.vscode.boot.app.BootLanguageServerBootApp

Host: Intel(R) Core(TM) i7-7500U CPU @ 2.70GHz, 4 cores, 7G,  Windows 10 , 64 bit Build 19041 (10.0.19041.1806)
Time: Fri Jul 22 16:51:33 2022 Hora oficial do Brasil elapsed time: 30.346144 seconds (0d 0h 0m 30s)

---------------  T H R E A D  ---------------

Current thread (0x000001eaedc85e90):  VMThread "VM Thread" [stack: 0x000000bfbc900000,0x000000bfbca00000] [id=6540]

Stack: [0x000000bfbc900000,0x000000bfbca00000]
Native frames: (J=compiled Java code, j=interpreted, Vv=VM code, C=native code)
V  [jvm.dll+0x675efa]
V  [jvm.dll+0x830a24]
V  [jvm.dll+0x8321ce]
V  [jvm.dll+0x832833]
V  [jvm.dll+0x2454b5]
V  [jvm.dll+0x672de9]
V  [jvm.dll+0x667732]
V  [jvm.dll+0x3043ab]
V  [jvm.dll+0x30b8f6]
V  [jvm.dll+0x35b62e]
V  [jvm.dll+0x35b85f]
V  [jvm.dll+0x2db248]
V  [jvm.dll+0x2d94fc]
V  [jvm.dll+0x2d8acc]
V  [jvm.dll+0x31ca2b]
V  [jvm.dll+0x836cdb]
V  [jvm.dll+0x837a14]
V  [jvm.dll+0x837f2c]
V  [jvm.dll+0x838304]
V  [jvm.dll+0x8383d0]
V  [jvm.dll+0x7e0cfa]
V  [jvm.dll+0x674d85]
C  [ucrtbase.dll+0x21bb2]
C  [KERNEL32.DLL+0x17034]
C  [ntdll.dll+0x52651]

VM_Operation (0x000000bfbdefee10): G1CollectForAllocation, mode: safepoint, requested by thread 0x000001eaef878510


---------------  P R O C E S S  ---------------

Threads class SMR info:
_java_thread_list=0x000001eaef8433b0, length=23, elements={
0x000001eaedca9740, 0x000001eaedcaa5b0, 0x000001eaedce0010, 0x000001eaee80a8b0,
0x000001eaee80b170, 0x000001eaee80ba30, 0x000001eaee80c2f0, 0x000001eaedceea30,
0x000001eaedc30e70, 0x000001eaeea51fc0, 0x000001eaeea0e640, 0x000001eaef1c1450,
0x000001eaeef14020, 0x000001eae1126070, 0x000001eaefa21450, 0x000001eaefa21920,
0x000001eaef878040, 0x000001eaef878510, 0x000001eaef7eb960, 0x000001eaef7ebe30,
0x000001eaef820040, 0x000001eaef58c730, 0x000001eaef58a0b0
}

Java Threads: ( => current thread )
  0x000001eaedca9740 JavaThread "Reference Handler" daemon [_thread_blocked, id=7268, stack(0x000000bfbca00000,0x000000bfbcb00000)]
  0x000001eaedcaa5b0 JavaThread "Finalizer" daemon [_thread_blocked, id=12728, stack(0x000000bfbcb00000,0x000000bfbcc00000)]
  0x000001eaedce0010 JavaThread "Signal Dispatcher" daemon [_thread_blocked, id=16580, stack(0x000000bfbcc00000,0x000000bfbcd00000)]
  0x000001eaee80a8b0 JavaThread "Attach Listener" daemon [_thread_blocked, id=19132, stack(0x000000bfbcd00000,0x000000bfbce00000)]
  0x000001eaee80b170 JavaThread "Service Thread" daemon [_thread_blocked, id=20408, stack(0x000000bfbce00000,0x000000bfbcf00000)]
  0x000001eaee80ba30 JavaThread "Monitor Deflation Thread" daemon [_thread_blocked, id=2328, stack(0x000000bfbcf00000,0x000000bfbd000000)]
  0x000001eaee80c2f0 JavaThread "C1 CompilerThread0" daemon [_thread_blocked, id=17412, stack(0x000000bfbd000000,0x000000bfbd100000)]
  0x000001eaedceea30 JavaThread "Sweeper thread" daemon [_thread_blocked, id=18344, stack(0x000000bfbd100000,0x000000bfbd200000)]
  0x000001eaedc30e70 JavaThread "Common-Cleaner" daemon [_thread_blocked, id=17980, stack(0x000000bfbd200000,0x000000bfbd300000)]
  0x000001eaeea51fc0 JavaThread "Notification Thread" daemon [_thread_blocked, id=10328, stack(0x000000bfbd500000,0x000000bfbd600000)]
  0x000001eaeea0e640 JavaThread "ForkJoinPool.commonPool-worker-1" daemon [_thread_blocked, id=10720, stack(0x000000bfbd300000,0x000000bfbd400000)]
  0x000001eaef1c1450 JavaThread "pool-7-thread-1" [_thread_blocked, id=19032, stack(0x000000bfbd400000,0x000000bfbd500000)]
  0x000001eaeef14020 JavaThread "LanguageServerApp-lifecycle" [_thread_blocked, id=15080, stack(0x000000bfbda00000,0x000000bfbdb00000)]
  0x000001eae1126070 JavaThread "DestroyJavaVM" [_thread_blocked, id=832, stack(0x000000bfbc300000,0x000000bfbc400000)]
  0x000001eaefa21450 JavaThread "ClassGraph-worker-0" daemon [_thread_blocked, id=6752, stack(0x000000bfbdb00000,0x000000bfbdc00000)]
  0x000001eaefa21920 JavaThread "ClassGraph-worker-1" daemon [_thread_blocked, id=10908, stack(0x000000bfbdc00000,0x000000bfbdd00000)]
  0x000001eaef878040 JavaThread "ClassGraph-worker-2" daemon [_thread_blocked, id=15484, stack(0x000000bfbdd00000,0x000000bfbde00000)]
  0x000001eaef878510 JavaThread "ClassGraph-worker-3" daemon [_thread_blocked, id=5704, stack(0x000000bfbde00000,0x000000bfbdf00000)]
  0x000001eaef7eb960 JavaThread "ClassGraph-worker-4" daemon [_thread_blocked, id=14216, stack(0x000000bfbdf00000,0x000000bfbe000000)]
  0x000001eaef7ebe30 JavaThread "ClassGraph-worker-5" daemon [_thread_blocked, id=18008, stack(0x000000bfbe000000,0x000000bfbe100000)]
  0x000001eaef820040 JavaThread "ClassGraph-worker-6" daemon [_thread_blocked, id=18676, stack(0x000000bfbe100000,0x000000bfbe200000)]
  0x000001eaef58c730 JavaThread "ClassGraph-worker-7" daemon [_thread_blocked, id=7580, stack(0x000000bfbe200000,0x000000bfbe300000)]
  0x000001eaef58a0b0 JavaThread "pool-8-thread-1" [_thread_in_native, id=21020, stack(0x000000bfbe300000,0x000000bfbe400000)]

Other Threads:
=>0x000001eaedc85e90 VMThread "VM Thread" [stack: 0x000000bfbc900000,0x000000bfbca00000] [id=6540]
  0x000001eaeea52490 WatcherThread [stack: 0x000000bfbd600000,0x000000bfbd700000] [id=12324]
  0x000001eae11843a0 GCTaskThread "GC Thread#0" [stack: 0x000000bfbc400000,0x000000bfbc500000] [id=13568]
  0x000001eaef1248c0 GCTaskThread "GC Thread#1" [stack: 0x000000bfbd700000,0x000000bfbd800000] [id=11008]
  0x000001eaef124b70 GCTaskThread "GC Thread#2" [stack: 0x000000bfbd800000,0x000000bfbd900000] [id=11444]
  0x000001eaef1819d0 GCTaskThread "GC Thread#3" [stack: 0x000000bfbd900000,0x000000bfbda00000] [id=5364]
  0x000001eae1194f20 ConcurrentGCThread "G1 Main Marker" [stack: 0x000000bfbc500000,0x000000bfbc600000] [id=17884]
  0x000001eae1195930 ConcurrentGCThread "G1 Conc#0" [stack: 0x000000bfbc600000,0x000000bfbc700000] [id=16820]
  0x000001eaedb00090 ConcurrentGCThread "G1 Refine#0" [stack: 0x000000bfbc700000,0x000000bfbc800000] [id=15752]
  0x000001eaef1c1920 ConcurrentGCThread "G1 Refine#1" [stack: 0x000000bfbe400000,0x000000bfbe500000] [id=18340]
  0x000001eaedb00ab0 ConcurrentGCThread "G1 Service" [stack: 0x000000bfbc800000,0x000000bfbc900000] [id=5036]

Threads with active compile tasks:

VM state: at safepoint (normal execution)

VM Mutex/Monitor currently owned by a thread:  ([mutex/lock_event])
[0x000001eadefb9740] Threads_lock - owner thread: 0x000001eaedc85e90
[0x000001eae1123070] Heap_lock - owner thread: 0x000001eaef878510

Heap address: 0x0000000081e00000, size: 2018 MB, Compressed Oops mode: 32-bit

CDS archive(s) not mapped
Compressed class space mapped at: 0x0000000100000000-0x0000000140000000, reserved size: 1073741824
Narrow klass base: 0x0000000000000000, Narrow klass shift: 3, Narrow klass range: 0x140000000

GC Precious Log:
 CPUs: 4 total, 4 available
 Memory: 8070M
 Large Page Support: Disabled
 NUMA Support: Disabled
 Compressed Oops: Enabled (32-bit)
 Heap Region Size: 1M
 Heap Min Capacity: 8M
 Heap Initial Capacity: 128M
 Heap Max Capacity: 2018M
 Pre-touch: Disabled
 Parallel Workers: 4
 Concurrent Workers: 1
 Concurrent Refinement Workers: 4
 Periodic GC: Disabled

Heap:
 garbage-first heap   total 131072K, used 44797K [0x0000000081e00000, 0x0000000100000000)
  region size 1024K, 2 young (2048K), 2 survivors (2048K)
 Metaspace       used 33030K, committed 33344K, reserved 1081344K
  class space    used 4204K, committed 4352K, reserved 1048576K

Heap Regions: E=young(eden), S=young(survivor), O=old, HS=humongous(starts), HC=humongous(continues), CS=collection set, F=free, OA=open archive, CA=closed archive, TAMS=top-at-mark-start (previous, next)
|   0|0x0000000081e00000, 0x0000000081f00000, 0x0000000081f00000|100%| O|  |TAMS 0x0000000081f00000, 0x0000000081e00000| Untracked 
|   1|0x0000000081f00000, 0x0000000082000000, 0x0000000082000000|100%| O|  |TAMS 0x0000000082000000, 0x0000000081f00000| Untracked 
|   2|0x0000000082000000, 0x0000000082100000, 0x0000000082100000|100%| O|  |TAMS 0x0000000082100000, 0x0000000082000000| Updating 
|   3|0x0000000082100000, 0x0000000082200000, 0x0000000082200000|100%| O|  |TAMS 0x0000000082200000, 0x0000000082100000| Untracked 
|   4|0x0000000082200000, 0x0000000082300000, 0x0000000082300000|100%| O|  |TAMS 0x0000000082300000, 0x0000000082200000| Untracked 
|   5|0x0000000082300000, 0x0000000082400000, 0x0000000082400000|100%| O|  |TAMS 0x0000000082400000, 0x0000000082300000| Untracked 
|   6|0x0000000082400000, 0x0000000082500000, 0x0000000082500000|100%| O|  |TAMS 0x0000000082500000, 0x0000000082400000| Untracked 
|   7|0x0000000082500000, 0x0000000082600000, 0x0000000082600000|100%| O|  |TAMS 0x0000000082600000, 0x0000000082500000| Untracked 
|   8|0x0000000082600000, 0x0000000082700000, 0x0000000082700000|100%| O|  |TAMS 0x0000000082700000, 0x0000000082600000| Updating 
|   9|0x0000000082700000, 0x0000000082800000, 0x0000000082800000|100%| O|  |TAMS 0x0000000082800000, 0x0000000082700000| Updating 
|  10|0x0000000082800000, 0x0000000082900000, 0x0000000082900000|100%| O|  |TAMS 0x0000000082900000, 0x0000000082800000| Untracked 
|  11|0x0000000082900000, 0x0000000082a00000, 0x0000000082a00000|100%| O|  |TAMS 0x0000000082a00000, 0x0000000082900000| Updating 
|  12|0x0000000082a00000, 0x0000000082b00000, 0x0000000082b00000|100%| O|  |TAMS 0x0000000082b00000, 0x0000000082a00000| Untracked 
|  13|0x0000000082b00000, 0x0000000082c00000, 0x0000000082c00000|100%| O|  |TAMS 0x0000000082c00000, 0x0000000082b00000| Untracked 
|  14|0x0000000082c00000, 0x0000000082d00000, 0x0000000082d00000|100%| O|  |TAMS 0x0000000082d00000, 0x0000000082c00000| Updating 
|  15|0x0000000082d00000, 0x0000000082e00000, 0x0000000082e00000|100%| O|  |TAMS 0x0000000082e00000, 0x0000000082d00000| Updating 
|  16|0x0000000082e00000, 0x0000000082f00000, 0x0000000082f00000|100%| O|  |TAMS 0x0000000082f00000, 0x0000000082e00000| Updating 
|  17|0x0000000082f00000, 0x0000000083000000, 0x0000000083000000|100%| O|  |TAMS 0x0000000083000000, 0x0000000082f00000| Untracked 
|  18|0x0000000083000000, 0x0000000083100000, 0x0000000083100000|100%| O|  |TAMS 0x0000000083100000, 0x0000000083000000| Untracked 
|  19|0x0000000083100000, 0x0000000083200000, 0x0000000083200000|100%| O|  |TAMS 0x0000000083200000, 0x0000000083100000| Untracked 
|  20|0x0000000083200000, 0x0000000083300000, 0x0000000083300000|100%| O|  |TAMS 0x0000000083300000, 0x0000000083200000| Updating 
|  21|0x0000000083300000, 0x0000000083400000, 0x0000000083400000|100%| O|  |TAMS 0x0000000083400000, 0x0000000083300000| Untracked 
|  22|0x0000000083400000, 0x0000000083500000, 0x0000000083500000|100%| O|  |TAMS 0x0000000083500000, 0x0000000083400000| Updating 
|  23|0x0000000083500000, 0x0000000083600000, 0x0000000083600000|100%| O|  |TAMS 0x0000000083600000, 0x0000000083500000| Untracked 
|  24|0x0000000083600000, 0x0000000083700000, 0x0000000083700000|100%| O|  |TAMS 0x0000000083700000, 0x0000000083600000| Updating 
|  25|0x0000000083700000, 0x0000000083800000, 0x0000000083800000|100%| O|  |TAMS 0x0000000083800000, 0x0000000083700000| Untracked 
|  26|0x0000000083800000, 0x0000000083900000, 0x0000000083900000|100%| O|  |TAMS 0x0000000083900000, 0x0000000083800000| Updating 
|  27|0x0000000083900000, 0x0000000083900000, 0x0000000083a00000|  0%| F|  |TAMS 0x0000000083900000, 0x0000000083900000| Untracked 
|  28|0x0000000083a00000, 0x0000000083b00000, 0x0000000083b00000|100%| O|  |TAMS 0x0000000083b00000, 0x0000000083a00000| Untracked 
|  29|0x0000000083b00000, 0x0000000083c00000, 0x0000000083c00000|100%| O|  |TAMS 0x0000000083c00000, 0x0000000083b00000| Untracked 
|  30|0x0000000083c00000, 0x0000000083d00000, 0x0000000083d00000|100%| O|  |TAMS 0x0000000083d00000, 0x0000000083c00000| Untracked 
|  31|0x0000000083d00000, 0x0000000083e00000, 0x0000000083e00000|100%| O|  |TAMS 0x0000000083e00000, 0x0000000083d00000| Untracked 
|  32|0x0000000083e00000, 0x0000000083f00000, 0x0000000083f00000|100%| O|  |TAMS 0x0000000083f00000, 0x0000000083e00000| Untracked 
|  33|0x0000000083f00000, 0x0000000084000000, 0x0000000084000000|100%| O|  |TAMS 0x0000000084000000, 0x0000000083f00000| Untracked 
|  34|0x0000000084000000, 0x0000000084100000, 0x0000000084100000|100%| O|  |TAMS 0x0000000084100000, 0x0000000084000000| Updating 
|  35|0x0000000084100000, 0x0000000084200000, 0x0000000084200000|100%| O|  |TAMS 0x0000000084200000, 0x0000000084100000| Untracked 
|  36|0x0000000084200000, 0x0000000084300000, 0x0000000084300000|100%| O|  |TAMS 0x0000000084300000, 0x0000000084200000| Untracked 
|  37|0x0000000084300000, 0x0000000084400000, 0x0000000084400000|100%| O|  |TAMS 0x0000000084400000, 0x0000000084300000| Updating 
|  38|0x0000000084400000, 0x0000000084500000, 0x0000000084500000|100%| O|  |TAMS 0x0000000084500000, 0x0000000084400000| Untracked 
|  39|0x0000000084500000, 0x0000000084600000, 0x0000000084600000|100%| O|  |TAMS 0x0000000084600000, 0x0000000084500000| Untracked 
|  40|0x0000000084600000, 0x0000000084700000, 0x0000000084700000|100%| O|  |TAMS 0x0000000084700000, 0x0000000084600000| Updating 
|  41|0x0000000084700000, 0x0000000084800000, 0x0000000084800000|100%| O|  |TAMS 0x0000000084800000, 0x0000000084700000| Updating 
|  42|0x0000000084800000, 0x00000000848fe200, 0x0000000084900000| 99%| O|  |TAMS 0x00000000848fe200, 0x0000000084800000| Updating 
|  43|0x0000000084900000, 0x0000000084900000, 0x0000000084a00000|  0%| F|  |TAMS 0x0000000084900000, 0x0000000084900000| Untracked 
|  44|0x0000000084a00000, 0x0000000084a00000, 0x0000000084b00000|  0%| F|  |TAMS 0x0000000084a00000, 0x0000000084a00000| Untracked 
|  45|0x0000000084b00000, 0x0000000084b00000, 0x0000000084c00000|  0%| F|  |TAMS 0x0000000084b00000, 0x0000000084b00000| Untracked 
|  46|0x0000000084c00000, 0x0000000084c00000, 0x0000000084d00000|  0%| F|  |TAMS 0x0000000084c00000, 0x0000000084c00000| Untracked 
|  47|0x0000000084d00000, 0x0000000084d00000, 0x0000000084e00000|  0%| F|  |TAMS 0x0000000084d00000, 0x0000000084d00000| Untracked 
|  48|0x0000000084e00000, 0x0000000084e00000, 0x0000000084f00000|  0%| F|  |TAMS 0x0000000084e00000, 0x0000000084e00000| Untracked 
|  49|0x0000000084f00000, 0x0000000084f00000, 0x0000000085000000|  0%| F|  |TAMS 0x0000000084f00000, 0x0000000084f00000| Untracked 
|  50|0x0000000085000000, 0x0000000085000000, 0x0000000085100000|  0%| F|  |TAMS 0x0000000085000000, 0x0000000085000000| Untracked 
|  51|0x0000000085100000, 0x0000000085100000, 0x0000000085200000|  0%| F|  |TAMS 0x0000000085100000, 0x0000000085100000| Untracked 
|  52|0x0000000085200000, 0x0000000085200000, 0x0000000085300000|  0%| F|  |TAMS 0x0000000085200000, 0x0000000085200000| Untracked 
|  53|0x0000000085300000, 0x0000000085300000, 0x0000000085400000|  0%| F|  |TAMS 0x0000000085300000, 0x0000000085300000| Untracked 
|  54|0x0000000085400000, 0x0000000085400000, 0x0000000085500000|  0%| F|  |TAMS 0x0000000085400000, 0x0000000085400000| Untracked 
|  55|0x0000000085500000, 0x0000000085500000, 0x0000000085600000|  0%| F|  |TAMS 0x0000000085500000, 0x0000000085500000| Untracked 
|  56|0x0000000085600000, 0x0000000085600000, 0x0000000085700000|  0%| F|  |TAMS 0x0000000085600000, 0x0000000085600000| Untracked 
|  57|0x0000000085700000, 0x0000000085700000, 0x0000000085800000|  0%| F|  |TAMS 0x0000000085700000, 0x0000000085700000| Untracked 
|  58|0x0000000085800000, 0x0000000085800000, 0x0000000085900000|  0%| F|  |TAMS 0x0000000085800000, 0x0000000085800000| Untracked 
|  59|0x0000000085900000, 0x0000000085900000, 0x0000000085a00000|  0%| F|  |TAMS 0x0000000085900000, 0x0000000085900000| Untracked 
|  60|0x0000000085a00000, 0x0000000085a00000, 0x0000000085b00000|  0%| F|  |TAMS 0x0000000085a00000, 0x0000000085a00000| Untracked 
|  61|0x0000000085b00000, 0x0000000085b00000, 0x0000000085c00000|  0%| F|  |TAMS 0x0000000085b00000, 0x0000000085b00000| Untracked 
|  62|0x0000000085c00000, 0x0000000085c00000, 0x0000000085d00000|  0%| F|  |TAMS 0x0000000085c00000, 0x0000000085c00000| Untracked 
|  63|0x0000000085d00000, 0x0000000085d00000, 0x0000000085e00000|  0%| F|  |TAMS 0x0000000085d00000, 0x0000000085d00000| Untracked 
|  64|0x0000000085e00000, 0x0000000085e00000, 0x0000000085f00000|  0%| F|  |TAMS 0x0000000085e00000, 0x0000000085e00000| Untracked 
|  65|0x0000000085f00000, 0x0000000085f00000, 0x0000000086000000|  0%| F|  |TAMS 0x0000000085f00000, 0x0000000085f00000| Untracked 
|  66|0x0000000086000000, 0x0000000086000000, 0x0000000086100000|  0%| F|  |TAMS 0x0000000086000000, 0x0000000086000000| Untracked 
|  67|0x0000000086100000, 0x0000000086100000, 0x0000000086200000|  0%| F|  |TAMS 0x0000000086100000, 0x0000000086100000| Untracked 
|  68|0x0000000086200000, 0x0000000086200000, 0x0000000086300000|  0%| F|  |TAMS 0x0000000086200000, 0x0000000086200000| Untracked 
|  69|0x0000000086300000, 0x0000000086300000, 0x0000000086400000|  0%| F|  |TAMS 0x0000000086300000, 0x0000000086300000| Untracked 
|  70|0x0000000086400000, 0x0000000086400000, 0x0000000086500000|  0%| F|  |TAMS 0x0000000086400000, 0x0000000086400000| Untracked 
|  71|0x0000000086500000, 0x0000000086500000, 0x0000000086600000|  0%| F|  |TAMS 0x0000000086500000, 0x0000000086500000| Untracked 
|  72|0x0000000086600000, 0x0000000086600000, 0x0000000086700000|  0%| F|  |TAMS 0x0000000086600000, 0x0000000086600000| Untracked 
|  73|0x0000000086700000, 0x0000000086700000, 0x0000000086800000|  0%| F|  |TAMS 0x0000000086700000, 0x0000000086700000| Untracked 
|  74|0x0000000086800000, 0x0000000086800000, 0x0000000086900000|  0%| F|  |TAMS 0x0000000086800000, 0x0000000086800000| Untracked 
|  75|0x0000000086900000, 0x0000000086900000, 0x0000000086a00000|  0%| F|  |TAMS 0x0000000086900000, 0x0000000086900000| Untracked 
|  76|0x0000000086a00000, 0x0000000086a00000, 0x0000000086b00000|  0%| F|  |TAMS 0x0000000086a00000, 0x0000000086a00000| Untracked 
|  77|0x0000000086b00000, 0x0000000086b00000, 0x0000000086c00000|  0%| F|  |TAMS 0x0000000086b00000, 0x0000000086b00000| Untracked 
|  78|0x0000000086c00000, 0x0000000086c00000, 0x0000000086d00000|  0%| F|  |TAMS 0x0000000086c00000, 0x0000000086c00000| Untracked 
|  79|0x0000000086d00000, 0x0000000086d00000, 0x0000000086e00000|  0%| F|  |TAMS 0x0000000086d00000, 0x0000000086d00000| Untracked 
|  80|0x0000000086e00000, 0x0000000086e00000, 0x0000000086f00000|  0%| F|  |TAMS 0x0000000086e00000, 0x0000000086e00000| Untracked 
|  81|0x0000000086f00000, 0x0000000086f00000, 0x0000000087000000|  0%| F|  |TAMS 0x0000000086f00000, 0x0000000086f00000| Untracked 
|  82|0x0000000087000000, 0x0000000087000000, 0x0000000087100000|  0%| F|  |TAMS 0x0000000087000000, 0x0000000087000000| Untracked 
|  83|0x0000000087100000, 0x0000000087100000, 0x0000000087200000|  0%| F|  |TAMS 0x0000000087100000, 0x0000000087100000| Untracked 
|  84|0x0000000087200000, 0x0000000087200000, 0x0000000087300000|  0%| F|  |TAMS 0x0000000087200000, 0x0000000087200000| Untracked 
|  85|0x0000000087300000, 0x0000000087300000, 0x0000000087400000|  0%| F|  |TAMS 0x0000000087300000, 0x0000000087300000| Untracked 
|  86|0x0000000087400000, 0x0000000087400000, 0x0000000087500000|  0%| F|  |TAMS 0x0000000087400000, 0x0000000087400000| Untracked 
|  87|0x0000000087500000, 0x0000000087500000, 0x0000000087600000|  0%| F|  |TAMS 0x0000000087500000, 0x0000000087500000| Untracked 
|  88|0x0000000087600000, 0x0000000087600000, 0x0000000087700000|  0%| F|  |TAMS 0x0000000087600000, 0x0000000087600000| Untracked 
|  89|0x0000000087700000, 0x0000000087700000, 0x0000000087800000|  0%| F|  |TAMS 0x0000000087700000, 0x0000000087700000| Untracked 
|  90|0x0000000087800000, 0x0000000087800000, 0x0000000087900000|  0%| F|  |TAMS 0x0000000087800000, 0x0000000087800000| Untracked 
|  91|0x0000000087900000, 0x0000000087900000, 0x0000000087a00000|  0%| F|  |TAMS 0x0000000087900000, 0x0000000087900000| Untracked 
|  92|0x0000000087a00000, 0x0000000087ac1358, 0x0000000087b00000| 75%| S|CS|TAMS 0x0000000087a00000, 0x0000000087a00000| Complete 
|  93|0x0000000087b00000, 0x0000000087c00000, 0x0000000087c00000|100%| S|CS|TAMS 0x0000000087b00000, 0x0000000087b00000| Complete 
|  94|0x0000000087c00000, 0x0000000087c00000, 0x0000000087d00000|  0%| F|  |TAMS 0x0000000087c00000, 0x0000000087c00000| Untracked 
|  95|0x0000000087d00000, 0x0000000087d00000, 0x0000000087e00000|  0%| F|  |TAMS 0x0000000087d00000, 0x0000000087d00000| Untracked 
|  96|0x0000000087e00000, 0x0000000087e00000, 0x0000000087f00000|  0%| F|  |TAMS 0x0000000087e00000, 0x0000000087e00000| Untracked 
|  97|0x0000000087f00000, 0x0000000087f00000, 0x0000000088000000|  0%| F|  |TAMS 0x0000000087f00000, 0x0000000087f00000| Untracked 
|  98|0x0000000088000000, 0x0000000088000000, 0x0000000088100000|  0%| F|  |TAMS 0x0000000088000000, 0x0000000088000000| Untracked 
|  99|0x0000000088100000, 0x0000000088100000, 0x0000000088200000|  0%| F|  |TAMS 0x0000000088100000, 0x0000000088100000| Untracked 
| 100|0x0000000088200000, 0x0000000088200000, 0x0000000088300000|  0%| F|  |TAMS 0x0000000088200000, 0x0000000088200000| Untracked 
| 101|0x0000000088300000, 0x0000000088300000, 0x0000000088400000|  0%| F|  |TAMS 0x0000000088300000, 0x0000000088300000| Untracked 
| 102|0x0000000088400000, 0x0000000088400000, 0x0000000088500000|  0%| F|  |TAMS 0x0000000088400000, 0x0000000088400000| Untracked 
| 103|0x0000000088500000, 0x0000000088500000, 0x0000000088600000|  0%| F|  |TAMS 0x0000000088500000, 0x0000000088500000| Untracked 
| 104|0x0000000088600000, 0x0000000088600000, 0x0000000088700000|  0%| F|  |TAMS 0x0000000088600000, 0x0000000088600000| Untracked 
| 105|0x0000000088700000, 0x0000000088700000, 0x0000000088800000|  0%| F|  |TAMS 0x0000000088700000, 0x0000000088700000| Untracked 
| 106|0x0000000088800000, 0x0000000088800000, 0x0000000088900000|  0%| F|  |TAMS 0x0000000088800000, 0x0000000088800000| Untracked 
| 107|0x0000000088900000, 0x0000000088900000, 0x0000000088a00000|  0%| F|  |TAMS 0x0000000088900000, 0x0000000088900000| Untracked 
| 108|0x0000000088a00000, 0x0000000088a00000, 0x0000000088b00000|  0%| F|  |TAMS 0x0000000088a00000, 0x0000000088a00000| Untracked 
| 109|0x0000000088b00000, 0x0000000088b00000, 0x0000000088c00000|  0%| F|  |TAMS 0x0000000088b00000, 0x0000000088b00000| Untracked 
| 110|0x0000000088c00000, 0x0000000088c00000, 0x0000000088d00000|  0%| F|  |TAMS 0x0000000088c00000, 0x0000000088c00000| Untracked 
| 111|0x0000000088d00000, 0x0000000088d00000, 0x0000000088e00000|  0%| F|  |TAMS 0x0000000088d00000, 0x0000000088d00000| Untracked 
| 112|0x0000000088e00000, 0x0000000088e00000, 0x0000000088f00000|  0%| F|  |TAMS 0x0000000088e00000, 0x0000000088e00000| Untracked 
| 113|0x0000000088f00000, 0x0000000088f00000, 0x0000000089000000|  0%| F|  |TAMS 0x0000000088f00000, 0x0000000088f00000| Untracked 
| 114|0x0000000089000000, 0x0000000089000000, 0x0000000089100000|  0%| F|  |TAMS 0x0000000089000000, 0x0000000089000000| Untracked 
| 115|0x0000000089100000, 0x0000000089100000, 0x0000000089200000|  0%| F|  |TAMS 0x0000000089100000, 0x0000000089100000| Untracked 
| 116|0x0000000089200000, 0x0000000089200000, 0x0000000089300000|  0%| F|  |TAMS 0x0000000089200000, 0x0000000089200000| Untracked 
| 117|0x0000000089300000, 0x0000000089300000, 0x0000000089400000|  0%| F|  |TAMS 0x0000000089300000, 0x0000000089300000| Untracked 
| 118|0x0000000089400000, 0x0000000089400000, 0x0000000089500000|  0%| F|  |TAMS 0x0000000089400000, 0x0000000089400000| Untracked 
| 119|0x0000000089500000, 0x0000000089500000, 0x0000000089600000|  0%| F|  |TAMS 0x0000000089500000, 0x0000000089500000| Untracked 
| 120|0x0000000089600000, 0x0000000089600000, 0x0000000089700000|  0%| F|  |TAMS 0x0000000089600000, 0x0000000089600000| Untracked 
| 121|0x0000000089700000, 0x0000000089700000, 0x0000000089800000|  0%| F|  |TAMS 0x0000000089700000, 0x0000000089700000| Untracked 
| 122|0x0000000089800000, 0x0000000089800000, 0x0000000089900000|  0%| F|  |TAMS 0x0000000089800000, 0x0000000089800000| Untracked 
| 123|0x0000000089900000, 0x0000000089900000, 0x0000000089a00000|  0%| F|  |TAMS 0x0000000089900000, 0x0000000089900000| Untracked 
| 124|0x0000000089a00000, 0x0000000089a00000, 0x0000000089b00000|  0%| F|  |TAMS 0x0000000089a00000, 0x0000000089a00000| Untracked 
| 125|0x0000000089b00000, 0x0000000089b00000, 0x0000000089c00000|  0%| F|  |TAMS 0x0000000089b00000, 0x0000000089b00000| Untracked 
| 126|0x0000000089c00000, 0x0000000089c00000, 0x0000000089d00000|  0%| F|  |TAMS 0x0000000089c00000, 0x0000000089c00000| Untracked 
| 127|0x0000000089d00000, 0x0000000089d00000, 0x0000000089e00000|  0%| F|  |TAMS 0x0000000089d00000, 0x0000000089d00000| Untracked 

Card table byte_map: [0x000001eae71b0000,0x000001eae75b0000] _byte_map_base: 0x000001eae6da1000

Marking Bits (Prev, Next): (CMBitMap*) 0x000001eae11849f0, (CMBitMap*) 0x000001eae11849b0
 Prev Bits: [0x000001eae9940000, 0x000001eaeb8c8000)
 Next Bits: [0x000001eae79b0000, 0x000001eae9938000)

Polling page: 0x000001eadef70000

Metaspace:

Usage:
  Non-class:     28.15 MB used.
      Class:      4.11 MB used.
       Both:     32.26 MB used.

Virtual space:
  Non-class space:       32.00 MB reserved,      28.31 MB ( 88%) committed,  4 nodes.
      Class space:        1.00 GB reserved,       4.25 MB ( <1%) committed,  1 nodes.
             Both:        1.03 GB reserved,      32.56 MB (  3%) committed. 

Chunk freelists:
   Non-Class:  2.94 MB
       Class:  3.77 MB
        Both:  6.70 MB

MaxMetaspaceSize: unlimited
CompressedClassSpaceSize: 1.00 GB
Initial GC threshold: 21.00 MB
Current GC threshold: 54.31 MB
CDS: off
MetaspaceReclaimPolicy: balanced
 - commit_granule_bytes: 65536.
 - commit_granule_words: 8192.
 - virtual_space_node_default_size: 1048576.
 - enlarge_chunks_in_place: 1.
 - new_chunks_are_fully_committed: 0.
 - uncommit_free_chunks: 1.
 - use_allocation_guard: 0.
 - handle_deallocations: 1.


Internal statistics:

num_allocs_failed_limit: 5.
num_arena_births: 288.
num_arena_deaths: 10.
num_vsnodes_births: 5.
num_vsnodes_deaths: 0.
num_space_committed: 521.
num_space_uncommitted: 0.
num_chunks_returned_to_freelist: 15.
num_chunks_taken_from_freelist: 1212.
num_chunk_merges: 9.
num_chunk_splits: 827.
num_chunks_enlarged: 643.
num_purges: 2.
num_inconsistent_stats: 0.

CodeCache: size=49152Kb used=4367Kb max_used=5471Kb free=44785Kb
 bounds [0x000001eae3db0000, 0x000001eae4310000, 0x000001eae6db0000]
 total_blobs=2643 nmethods=2130 adapters=440
 compilation: disabled (not enough contiguous free space left)
              stopped_count=1, restarted_count=0
 full_count=1

Compilation events (20 events):
Event: 11.923 Thread 0x000001eaeea0e750 nmethod 2102 0x000001eae42fcc90 code [0x000001eae42fce40, 0x000001eae42fd048]
Event: 11.923 Thread 0x000001eaee80c2f0 2104       1       org.springframework.core.annotation.RepeatableContainers::findRepeatedAnnotations (18 bytes)
Event: 11.923 Thread 0x000001eaee80c2f0 nmethod 2104 0x000001eae42fd110 code [0x000001eae42fd2c0, 0x000001eae42fd3e8]
Event: 11.924 Thread 0x000001eaeea0e240 nmethod 2103 0x000001eae42fd490 code [0x000001eae42fd620, 0x000001eae42fd7e8]
Event: 11.924 Thread 0x000001eaee80c2f0 2105       1       org.springframework.core.annotation.TypeMappedAnnotations$MergedAnnotationFinder::doWithAnnotations (10 bytes)
Event: 11.924 Thread 0x000001eaeea0e750 2106       1       org.springframework.core.annotation.TypeMappedAnnotations$MergedAnnotationFinder::doWithAnnotations (75 bytes)
Event: 11.924 Thread 0x000001eaee80c2f0 nmethod 2105 0x000001eae42fd890 code [0x000001eae42fda20, 0x000001eae42fdb08]
Event: 11.924 Thread 0x000001eaeea0e750 nmethod 2106 0x000001eae42fdb90 code [0x000001eae42fdd40, 0x000001eae42fdf38]
Event: 11.952 Thread 0x000001eaeea0e240 2107   !   1       jdk.proxy2.$Proxy21::annotationType (29 bytes)
Event: 11.952 Thread 0x000001eaeea0e240 nmethod 2107 0x000001eae42fe110 code [0x000001eae42fe2c0, 0x000001eae42fe4d8]
Event: 11.952 Thread 0x000001eaeea0e750 2108       1       org.springframework.core.annotation.TypeMappedAnnotation::<init> (15 bytes)
Event: 11.952 Thread 0x000001eaeea0e750 nmethod 2108 0x000001eae42fe610 code [0x000001eae42fe7a0, 0x000001eae42fe888]
Event: 11.953 Thread 0x000001eaee80c2f0 2109       1       org.springframework.core.annotation.TypeMappedAnnotation::<init> (112 bytes)
Event: 11.953 Thread 0x000001eaee80c2f0 nmethod 2109 0x000001eae42fe910 code [0x000001eae42feb00, 0x000001eae42ff048]
Event: 11.959 Thread 0x000001eaeea0e750 2110       1       org.springframework.core.annotation.TypeMappedAnnotations::scan (62 bytes)
Event: 11.959 Thread 0x000001eaee80c2f0 2111       1       org.springframework.core.annotation.AnnotationsScanner::scan (18 bytes)
Event: 11.959 Thread 0x000001eaeea0e240 2112       1       org.springframework.core.annotation.AnnotationsScanner::process (43 bytes)
Event: 11.959 Thread 0x000001eaeea0e750 nmethod 2110 0x000001eae42ff310 code [0x000001eae42ff4e0, 0x000001eae42ff6d8]
Event: 11.959 Thread 0x000001eaee80c2f0 nmethod 2111 0x000001eae42ff810 code [0x000001eae42ff9c0, 0x000001eae42ffab8]
Event: 12.114 Thread 0x000001eaeea0e240 


GC Heap History (20 events):
Event: 24.169 GC heap after
{Heap after GC invocations=11 (full 0):
 garbage-first heap   total 45056K, used 24740K [0x0000000081e00000, 0x0000000100000000)
  region size 1024K, 2 young (2048K), 2 survivors (2048K)
 Metaspace       used 32515K, committed 32832K, reserved 1081344K
  class space    used 4136K, committed 4288K, reserved 1048576K
}
Event: 24.691 GC heap before
{Heap before GC invocations=12 (full 0):
 garbage-first heap   total 48128K, used 32932K [0x0000000081e00000, 0x0000000100000000)
  region size 1024K, 10 young (10240K), 2 survivors (2048K)
 Metaspace       used 32674K, committed 33024K, reserved 1081344K
  class space    used 4167K, committed 4352K, reserved 1048576K
}
Event: 24.699 GC heap after
{Heap after GC invocations=13 (full 0):
 garbage-first heap   total 48128K, used 26531K [0x0000000081e00000, 0x0000000100000000)
  region size 1024K, 2 young (2048K), 2 survivors (2048K)
 Metaspace       used 32674K, committed 33024K, reserved 1081344K
  class space    used 4167K, committed 4352K, reserved 1048576K
}
Event: 24.720 GC heap before
{Heap before GC invocations=13 (full 0):
 garbage-first heap   total 48128K, used 27555K [0x0000000081e00000, 0x0000000100000000)
  region size 1024K, 3 young (3072K), 2 survivors (2048K)
 Metaspace       used 32687K, committed 33024K, reserved 1081344K
  class space    used 4170K, committed 4352K, reserved 1048576K
}
Event: 24.724 GC heap after
{Heap after GC invocations=14 (full 0):
 garbage-first heap   total 48128K, used 26288K [0x0000000081e00000, 0x0000000100000000)
  region size 1024K, 1 young (1024K), 1 survivors (1024K)
 Metaspace       used 32687K, committed 33024K, reserved 1081344K
  class space    used 4170K, committed 4352K, reserved 1048576K
}
Event: 25.136 GC heap before
{Heap before GC invocations=14 (full 0):
 garbage-first heap   total 48128K, used 34480K [0x0000000081e00000, 0x0000000100000000)
  region size 1024K, 10 young (10240K), 1 survivors (1024K)
 Metaspace       used 32702K, committed 33088K, reserved 1081344K
  class space    used 4173K, committed 4352K, reserved 1048576K
}
Event: 25.142 GC heap after
{Heap after GC invocations=15 (full 0):
 garbage-first heap   total 73728K, used 28776K [0x0000000081e00000, 0x0000000100000000)
  region size 1024K, 2 young (2048K), 2 survivors (2048K)
 Metaspace       used 32702K, committed 33088K, reserved 1081344K
  class space    used 4173K, committed 4352K, reserved 1048576K
}
Event: 29.068 GC heap before
{Heap before GC invocations=16 (full 0):
 garbage-first heap   total 73728K, used 50280K [0x0000000081e00000, 0x0000000100000000)
  region size 1024K, 24 young (24576K), 2 survivors (2048K)
 Metaspace       used 32704K, committed 33088K, reserved 1081344K
  class space    used 4173K, committed 4352K, reserved 1048576K
}
Event: 29.085 GC heap after
{Heap after GC invocations=17 (full 0):
 garbage-first heap   total 73728K, used 34393K [0x0000000081e00000, 0x0000000100000000)
  region size 1024K, 3 young (3072K), 3 survivors (3072K)
 Metaspace       used 32704K, committed 33088K, reserved 1081344K
  class space    used 4173K, committed 4352K, reserved 1048576K
}
Event: 29.112 GC heap before
{Heap before GC invocations=17 (full 0):
 garbage-first heap   total 73728K, used 35417K [0x0000000081e00000, 0x0000000100000000)
  region size 1024K, 4 young (4096K), 3 survivors (3072K)
 Metaspace       used 32704K, committed 33088K, reserved 1081344K
  class space    used 4173K, committed 4352K, reserved 1048576K
}
Event: 29.123 GC heap after
{Heap after GC invocations=18 (full 0):
 garbage-first heap   total 73728K, used 35257K [0x0000000081e00000, 0x0000000100000000)
  region size 1024K, 1 young (1024K), 1 survivors (1024K)
 Metaspace       used 32704K, committed 33088K, reserved 1081344K
  class space    used 4173K, committed 4352K, reserved 1048576K
}
Event: 29.683 GC heap before
{Heap before GC invocations=18 (full 0):
 garbage-first heap   total 73728K, used 51641K [0x0000000081e00000, 0x0000000100000000)
  region size 1024K, 18 young (18432K), 1 survivors (1024K)
 Metaspace       used 32791K, committed 33152K, reserved 1081344K
  class space    used 4182K, committed 4352K, reserved 1048576K
}
Event: 29.701 GC heap after
{Heap after GC invocations=19 (full 0):
 garbage-first heap   total 73728K, used 41869K [0x0000000081e00000, 0x0000000100000000)
  region size 1024K, 3 young (3072K), 3 survivors (3072K)
 Metaspace       used 32791K, committed 33152K, reserved 1081344K
  class space    used 4182K, committed 4352K, reserved 1048576K
}
Event: 29.976 GC heap before
{Heap before GC invocations=20 (full 0):
 garbage-first heap   total 80896K, used 54157K [0x0000000081e00000, 0x0000000100000000)
  region size 1024K, 16 young (16384K), 3 survivors (3072K)
 Metaspace       used 33019K, committed 33344K, reserved 1081344K
  class space    used 4202K, committed 4352K, reserved 1048576K
}
Event: 29.984 GC heap after
{Heap after GC invocations=21 (full 0):
 garbage-first heap   total 80896K, used 43508K [0x0000000081e00000, 0x0000000100000000)
  region size 1024K, 2 young (2048K), 2 survivors (2048K)
 Metaspace       used 33019K, committed 33344K, reserved 1081344K
  class space    used 4202K, committed 4352K, reserved 1048576K
}
Event: 29.992 GC heap before
{Heap before GC invocations=21 (full 0):
 garbage-first heap   total 80896K, used 43508K [0x0000000081e00000, 0x0000000100000000)
  region size 1024K, 3 young (3072K), 2 survivors (2048K)
 Metaspace       used 33019K, committed 33344K, reserved 1081344K
  class space    used 4202K, committed 4352K, reserved 1048576K
}
Event: 29.996 GC heap after
{Heap after GC invocations=22 (full 0):
 garbage-first heap   total 80896K, used 43234K [0x0000000081e00000, 0x0000000100000000)
  region size 1024K, 1 young (1024K), 1 survivors (1024K)
 Metaspace       used 33019K, committed 33344K, reserved 1081344K
  class space    used 4202K, committed 4352K, reserved 1048576K
}
Event: 30.163 GC heap before
{Heap before GC invocations=22 (full 0):
 garbage-first heap   total 80896K, used 58594K [0x0000000081e00000, 0x0000000100000000)
  region size 1024K, 17 young (17408K), 1 survivors (1024K)
 Metaspace       used 33029K, committed 33344K, reserved 1081344K
  class space    used 4204K, committed 4352K, reserved 1048576K
}
Event: 30.166 GC heap after
{Heap after GC invocations=23 (full 0):
 garbage-first heap   total 80896K, used 43939K [0x0000000081e00000, 0x0000000100000000)
  region size 1024K, 1 young (1024K), 1 survivors (1024K)
 Metaspace       used 33029K, committed 33344K, reserved 1081344K
  class space    used 4204K, committed 4352K, reserved 1048576K
}
Event: 30.335 GC heap before
{Heap before GC invocations=23 (full 0):
 garbage-first heap   total 102400K, used 61347K [0x0000000081e00000, 0x0000000100000000)
  region size 1024K, 19 young (19456K), 1 survivors (1024K)
 Metaspace       used 33030K, committed 33344K, reserved 1081344K
  class space    used 4204K, committed 4352K, reserved 1048576K
}

Deoptimization events (8 events):
Event: 4.481 Thread 0x000001eae1126070 DEOPT PACKING pc=0x000001eae414bef5 sp=0x000000bfbc3fd7c0
Event: 4.481 Thread 0x000001eae1126070 DEOPT UNPACKING pc=0x000001eae3e02b43 sp=0x000000bfbc3fcc30 mode 3
Event: 10.858 Thread 0x000001eae1126070 DEOPT PACKING pc=0x000001eae426ae99 sp=0x000000bfbc3fd030
Event: 10.858 Thread 0x000001eae1126070 DEOPT UNPACKING pc=0x000001eae3e02b43 sp=0x000000bfbc3fc510 mode 3
Event: 25.103 Thread 0x000001eaef878510 DEOPT PACKING pc=0x000001eae426bf01 sp=0x000000bfbdeff0c0
Event: 25.103 Thread 0x000001eaef878510 DEOPT UNPACKING pc=0x000001eae3e02b43 sp=0x000000bfbdefe550 mode 3
Event: 28.661 Thread 0x000001eaef7ebe30 DEOPT PACKING pc=0x000001eae4265697 sp=0x000000bfbe0fee80
Event: 28.662 Thread 0x000001eaef7ebe30 DEOPT UNPACKING pc=0x000001eae3e02b43 sp=0x000000bfbe0fe2d8 mode 3

Classes unloaded (5 events):
Event: 24.285 Thread 0x000001eaedc85e90 Unloading class 0x00000001001a3400 'java/lang/invoke/LambdaForm$MH+0x00000001001a3400'
Event: 24.285 Thread 0x000001eaedc85e90 Unloading class 0x00000001001a3000 'java/lang/invoke/LambdaForm$MH+0x00000001001a3000'
Event: 24.285 Thread 0x000001eaedc85e90 Unloading class 0x00000001001a2c00 'java/lang/invoke/LambdaForm$MH+0x00000001001a2c00'
Event: 24.285 Thread 0x000001eaedc85e90 Unloading class 0x00000001001a2800 'java/lang/invoke/LambdaForm$MH+0x00000001001a2800'
Event: 24.285 Thread 0x000001eaedc85e90 Unloading class 0x00000001001a2400 'java/lang/invoke/LambdaForm$MH+0x00000001001a2400'

Classes redefined (0 events):
No events

Internal exceptions (20 events):
Event: 29.987 Thread 0x000001eaef878040 Exception <a 'sun/nio/fs/WindowsException'{0x0000000089d541e0}> (0x0000000089d541e0) 
thrown [e:\jenkins\tmp\workspace\build\src\src\hotspot\share\prims\jni.cpp, line 516]
Event: 29.987 Thread 0x000001eaef878040 Exception <a 'sun/nio/fs/WindowsException'{0x0000000089d54630}> (0x0000000089d54630) 
thrown [e:\jenkins\tmp\workspace\build\src\src\hotspot\share\prims\jni.cpp, line 516]
Event: 30.018 Thread 0x000001eaef878510 Exception <a 'sun/nio/fs/WindowsException'{0x000000008814e5c0}> (0x000000008814e5c0) 
thrown [e:\jenkins\tmp\workspace\build\src\src\hotspot\share\prims\jni.cpp, line 516]
Event: 30.019 Thread 0x000001eaef878510 Exception <a 'sun/nio/fs/WindowsException'{0x000000008814e990}> (0x000000008814e990) 
thrown [e:\jenkins\tmp\workspace\build\src\src\hotspot\share\prims\jni.cpp, line 516]
Event: 30.057 Thread 0x000001eaefa21920 Exception <a 'sun/nio/fs/WindowsException'{0x00000000867647b8}> (0x00000000867647b8) 
thrown [e:\jenkins\tmp\workspace\build\src\src\hotspot\share\prims\jni.cpp, line 516]
Event: 30.058 Thread 0x000001eaefa21920 Exception <a 'sun/nio/fs/WindowsException'{0x0000000086764bd0}> (0x0000000086764bd0) 
thrown [e:\jenkins\tmp\workspace\build\src\src\hotspot\share\prims\jni.cpp, line 516]
Event: 30.060 Thread 0x000001eaef820040 Exception <a 'sun/nio/fs/WindowsException'{0x00000000867c86b8}> (0x00000000867c86b8) 
thrown [e:\jenkins\tmp\workspace\build\src\src\hotspot\share\prims\jni.cpp, line 516]
Event: 30.060 Thread 0x000001eaef820040 Exception <a 'sun/nio/fs/WindowsException'{0x00000000867c8af8}> (0x00000000867c8af8) 
thrown [e:\jenkins\tmp\workspace\build\src\src\hotspot\share\prims\jni.cpp, line 516]
Event: 30.112 Thread 0x000001eaef878510 Exception <a 'sun/nio/fs/WindowsException'{0x0000000085fe4028}> (0x0000000085fe4028) 
thrown [e:\jenkins\tmp\workspace\build\src\src\hotspot\share\prims\jni.cpp, line 516]
Event: 30.113 Thread 0x000001eaef878510 Exception <a 'sun/nio/fs/WindowsException'{0x0000000085fe4490}> (0x0000000085fe4490) 
thrown [e:\jenkins\tmp\workspace\build\src\src\hotspot\share\prims\jni.cpp, line 516]
Event: 30.144 Thread 0x000001eaef878040 Exception <a 'sun/nio/fs/WindowsException'{0x0000000085e38778}> (0x0000000085e38778) 
thrown [e:\jenkins\tmp\workspace\build\src\src\hotspot\share\prims\jni.cpp, line 516]
Event: 30.144 Thread 0x000001eaef878040 Exception <a 'sun/nio/fs/WindowsException'{0x0000000085e38bf8}> (0x0000000085e38bf8) 
thrown [e:\jenkins\tmp\workspace\build\src\src\hotspot\share\prims\jni.cpp, line 516]
Event: 30.172 Thread 0x000001eaef58c730 Exception <a 'sun/nio/fs/WindowsException'{0x0000000089daacd0}> (0x0000000089daacd0) 
thrown [e:\jenkins\tmp\workspace\build\src\src\hotspot\share\prims\jni.cpp, line 516]
Event: 30.172 Thread 0x000001eaef58c730 Exception <a 'sun/nio/fs/WindowsException'{0x0000000089dab0f0}> (0x0000000089dab0f0) 
thrown [e:\jenkins\tmp\workspace\build\src\src\hotspot\share\prims\jni.cpp, line 516]
Event: 30.174 Thread 0x000001eaef820040 Exception <a 'sun/nio/fs/WindowsException'{0x0000000089dfe6d0}> (0x0000000089dfe6d0) 
thrown [e:\jenkins\tmp\workspace\build\src\src\hotspot\share\prims\jni.cpp, line 516]
Event: 30.174 Thread 0x000001eaef820040 Exception <a 'sun/nio/fs/WindowsException'{0x0000000089dfeb10}> (0x0000000089dfeb10) 
thrown [e:\jenkins\tmp\workspace\build\src\src\hotspot\share\prims\jni.cpp, line 516]
Event: 30.203 Thread 0x000001eaef7ebe30 Exception <a 'sun/nio/fs/WindowsException'{0x0000000086635a28}> (0x0000000086635a28) 
thrown [e:\jenkins\tmp\workspace\build\src\src\hotspot\share\prims\jni.cpp, line 516]
Event: 30.203 Thread 0x000001eaef7ebe30 Exception <a 'sun/nio/fs/WindowsException'{0x0000000086635e90}> (0x0000000086635e90) 
thrown [e:\jenkins\tmp\workspace\build\src\src\hotspot\share\prims\jni.cpp, line 516]
Event: 30.240 Thread 0x000001eaefa21920 Exception <a 'sun/nio/fs/WindowsException'{0x00000000862e8d98}> (0x00000000862e8d98) 
thrown [e:\jenkins\tmp\workspace\build\src\src\hotspot\share\prims\jni.cpp, line 516]
Event: 30.240 Thread 0x000001eaefa21920 Exception <a 'sun/nio/fs/WindowsException'{0x000000008612fe90}> (0x000000008612fe90) 
thrown [e:\jenkins\tmp\workspace\build\src\src\hotspot\share\prims\jni.cpp, line 516]

VM Operations (20 events):
Event: 29.703 Executing VM operation: G1CollectForAllocation done
Event: 29.844 Executing VM operation: G1Concurrent
Event: 29.847 Executing VM operation: G1Concurrent done
Event: 29.866 Executing VM operation: HandshakeAllThreads
Event: 29.866 Executing VM operation: HandshakeAllThreads done
Event: 29.867 Executing VM operation: HandshakeAllThreads
Event: 29.867 Executing VM operation: HandshakeAllThreads done
Event: 29.918 Executing VM operation: G1Concurrent
Event: 29.924 Executing VM operation: G1Concurrent done
Event: 29.957 Executing VM operation: G1CollectForAllocation
Event: 29.975 Executing VM operation: G1CollectForAllocation done
Event: 29.976 Executing VM operation: G1CollectForAllocation
Event: 29.985 Executing VM operation: G1CollectForAllocation done
Event: 29.992 Executing VM operation: G1CollectForAllocation
Event: 29.996 Executing VM operation: G1CollectForAllocation done
Event: 30.163 Executing VM operation: G1CollectForAllocation
Event: 30.166 Executing VM operation: G1CollectForAllocation done
Event: 30.310 Executing VM operation: G1Concurrent
Event: 30.323 Executing VM operation: G1Concurrent done
Event: 30.334 Executing VM operation: G1CollectForAllocation

Events (20 events):
Event: 22.168 loading class sun/nio/ch/Interruptible
Event: 22.168 loading class sun/nio/ch/Interruptible done
Event: 22.168 loading class java/nio/channels/spi/AbstractInterruptibleChannel$1 done
Event: 22.170 loading class java/nio/ReadOnlyBufferException
Event: 22.170 loading class java/nio/ReadOnlyBufferException done
Event: 22.175 loading class java/util/zip/DataFormatException
Event: 22.175 loading class java/util/zip/DataFormatException done
Event: 22.749 Thread 0x000001eaef58a0b0 Thread added: 0x000001eaef58a0b0
Event: 23.120 loading class jdk/internal/reflect/UnsafeQualifiedIntegerFieldAccessorImpl
Event: 23.120 loading class jdk/internal/reflect/UnsafeQualifiedFieldAccessorImpl
Event: 23.120 loading class jdk/internal/reflect/UnsafeQualifiedFieldAccessorImpl done
Event: 23.120 loading class jdk/internal/reflect/UnsafeQualifiedIntegerFieldAccessorImpl done
Event: 23.842 loading class jdk/internal/vm/annotation/ForceInline
Event: 23.842 loading class jdk/internal/vm/annotation/ForceInline done
Event: 23.844 loading class jdk/internal/reflect/UnsafeBooleanFieldAccessorImpl
Event: 23.844 loading class jdk/internal/reflect/UnsafeBooleanFieldAccessorImpl done
Event: 25.100 loading class java/util/concurrent/locks/AbstractQueuedSynchronizer$ExclusiveNode
Event: 25.103 loading class java/util/concurrent/locks/AbstractQueuedSynchronizer$ExclusiveNode done
Event: 29.481 loading class sun/nio/fs/WindowsChannelFactory$2
Event: 29.482 loading class sun/nio/fs/WindowsChannelFactory$2 done


Dynamic libraries:
0x00007ff72ad00000 - 0x00007ff72ad0e000 	c:\Users\marco\.vscode\extensions\redhat.java-1.9.0-win32-x64\jre\17.0.3-win32-x86_64\bin\java.exe
0x00007ffa2cc70000 - 0x00007ffa2ce68000 	C:\Windows\SYSTEM32\ntdll.dll
0x00007ffa2b170000 - 0x00007ffa2b22d000 	C:\Windows\System32\KERNEL32.DLL
0x00007ffa2a3c0000 - 0x00007ffa2a68e000 	C:\Windows\System32\KERNELBASE.dll
0x00007ffa2a830000 - 0x00007ffa2a930000 	C:\Windows\System32\ucrtbase.dll
0x00007ffa26b40000 - 0x00007ffa26b58000 	c:\Users\marco\.vscode\extensions\redhat.java-1.9.0-win32-x64\jre\17.0.3-win32-x86_64\bin\jli.dll
0x00007ffa2ca90000 - 0x00007ffa2cc30000 	C:\Windows\System32\USER32.dll
0x00007ffa2ab90000 - 0x00007ffa2abb2000 	C:\Windows\System32\win32u.dll
0x00007ffa2ae80000 - 0x00007ffa2aeaa000 	C:\Windows\System32\GDI32.dll
0x00007ffa2a690000 - 0x00007ffa2a79b000 	C:\Windows\System32\gdi32full.dll
0x00007ffa2abc0000 - 0x00007ffa2ac5d000 	C:\Windows\System32\msvcp_win.dll
0x00007ffa25ec0000 - 0x00007ffa25ed9000 	c:\Users\marco\.vscode\extensions\redhat.java-1.9.0-win32-x64\jre\17.0.3-win32-x86_64\bin\VCRUNTIME140.dll
0x00007ffa19d90000 - 0x00007ffa1a02a000 	C:\Windows\WinSxS\amd64_microsoft.windows.common-controls_6595b64144ccf1df_6.0.19041.1110_none_60b5254171f9507e\COMCTL32.dll
0x00007ffa2aeb0000 - 0x00007ffa2af4e000 	C:\Windows\System32\msvcrt.dll
0x00007ffa2af50000 - 0x00007ffa2af80000 	C:\Windows\System32\IMM32.DLL
0x00007ffa26b30000 - 0x00007ffa26b3c000 	c:\Users\marco\.vscode\extensions\redhat.java-1.9.0-win32-x64\jre\17.0.3-win32-x86_64\bin\vcruntime140_1.dll
0x00007ff9f68d0000 - 0x00007ff9f6961000 	c:\Users\marco\.vscode\extensions\redhat.java-1.9.0-win32-x64\jre\17.0.3-win32-x86_64\bin\msvcp140.dll
0x00007ff973700000 - 0x00007ff974348000 	c:\Users\marco\.vscode\extensions\redhat.java-1.9.0-win32-x64\jre\17.0.3-win32-x86_64\bin\server\jvm.dll
0x00007ffa2afe0000 - 0x00007ffa2b08e000 	C:\Windows\System32\ADVAPI32.dll
0x00007ffa2b790000 - 0x00007ffa2b82c000 	C:\Windows\System32\sechost.dll
0x00007ffa2b500000 - 0x00007ffa2b625000 	C:\Windows\System32\RPCRT4.dll
0x00007ffa2ba90000 - 0x00007ffa2ba98000 	C:\Windows\System32\PSAPI.DLL
0x00007ffa19620000 - 0x00007ffa19629000 	C:\Windows\SYSTEM32\WSOCK32.dll
0x00007ffa2baa0000 - 0x00007ffa2bb0b000 	C:\Windows\System32\WS2_32.dll
0x00007ffa19bb0000 - 0x00007ffa19bd7000 	C:\Windows\SYSTEM32\WINMM.dll
0x00007ffa215b0000 - 0x00007ffa215ba000 	C:\Windows\SYSTEM32\VERSION.dll
0x00007ffa28c20000 - 0x00007ffa28c32000 	C:\Windows\SYSTEM32\kernel.appcore.dll
0x00007ffa25f00000 - 0x00007ffa25f0a000 	c:\Users\marco\.vscode\extensions\redhat.java-1.9.0-win32-x64\jre\17.0.3-win32-x86_64\bin\jimage.dll
0x00007ffa288e0000 - 0x00007ffa28ac4000 	C:\Windows\SYSTEM32\DBGHELP.DLL
0x00007ffa14f90000 - 0x00007ffa14fbc000 	C:\Windows\SYSTEM32\dbgcore.DLL
0x00007ffa2a7a0000 - 0x00007ffa2a822000 	C:\Windows\System32\bcryptPrimitives.dll
0x00007ffa189b0000 - 0x00007ffa189d5000 	c:\Users\marco\.vscode\extensions\redhat.java-1.9.0-win32-x64\jre\17.0.3-win32-x86_64\bin\java.dll
0x00007ffa25e90000 - 0x00007ffa25ea8000 	c:\Users\marco\.vscode\extensions\redhat.java-1.9.0-win32-x64\jre\17.0.3-win32-x86_64\bin\zip.dll
0x00007ffa2be70000 - 0x00007ffa2c5b4000 	C:\Windows\System32\SHELL32.dll
0x00007ffa28140000 - 0x00007ffa288d4000 	C:\Windows\SYSTEM32\windows.storage.dll
0x00007ffa2bb10000 - 0x00007ffa2be64000 	C:\Windows\System32\combase.dll
0x00007ffa29df0000 - 0x00007ffa29e20000 	C:\Windows\SYSTEM32\Wldp.dll
0x00007ffa2b380000 - 0x00007ffa2b42d000 	C:\Windows\System32\SHCORE.dll
0x00007ffa2ca30000 - 0x00007ffa2ca85000 	C:\Windows\System32\shlwapi.dll
0x00007ffa2a2d0000 - 0x00007ffa2a2ef000 	C:\Windows\SYSTEM32\profapi.dll
0x00007ffa25dc0000 - 0x00007ffa25dd9000 	C:\Users\marco\.vscode\extensions\redhat.java-1.9.0-win32-x64\jre\17.0.3-win32-x86_64\bin\net.dll
0x00007ffa1a640000 - 0x00007ffa1a74a000 	C:\Windows\SYSTEM32\WINHTTP.dll
0x00007ffa29b50000 - 0x00007ffa29bba000 	C:\Windows\system32\mswsock.dll
0x00007ffa24440000 - 0x00007ffa24455000 	C:\Users\marco\.vscode\extensions\redhat.java-1.9.0-win32-x64\jre\17.0.3-win32-x86_64\bin\nio.dll
0x00007ffa25e00000 - 0x00007ffa25e10000 	c:\Users\marco\.vscode\extensions\redhat.java-1.9.0-win32-x64\jre\17.0.3-win32-x86_64\bin\verify.dll
0x00007ffa23ea0000 - 0x00007ffa23ea9000 	C:\Users\marco\.vscode\extensions\redhat.java-1.9.0-win32-x64\jre\17.0.3-win32-x86_64\bin\management.dll
0x00007ffa19590000 - 0x00007ffa1959b000 	C:\Users\marco\.vscode\extensions\redhat.java-1.9.0-win32-x64\jre\17.0.3-win32-x86_64\bin\management_ext.dll
0x00007ffa14e30000 - 0x00007ffa14e47000 	C:\Windows\system32\napinsp.dll
0x00007ffa14de0000 - 0x00007ffa14dfb000 	C:\Windows\system32\pnrpnsp.dll
0x00007ffa248b0000 - 0x00007ffa248c5000 	C:\Windows\system32\wshbth.dll
0x00007ffa26eb0000 - 0x00007ffa26ecd000 	C:\Windows\system32\NLAapi.dll
0x00007ffa297f0000 - 0x00007ffa2982b000 	C:\Windows\SYSTEM32\IPHLPAPI.DLL
0x00007ffa29840000 - 0x00007ffa2990b000 	C:\Windows\SYSTEM32\DNSAPI.dll
0x00007ffa2b370000 - 0x00007ffa2b378000 	C:\Windows\System32\NSI.dll
0x00007ffa14dc0000 - 0x00007ffa14dd2000 	C:\Windows\System32\winrnr.dll
0x00007ffa1a580000 - 0x00007ffa1a58a000 	C:\Windows\System32\rasadhlp.dll
0x00007ffa1a5c0000 - 0x00007ffa1a640000 	C:\Windows\System32\fwpuclnt.dll
0x00007ffa2a390000 - 0x00007ffa2a3b7000 	C:\Windows\System32\bcrypt.dll
0x00007ffa29d40000 - 0x00007ffa29d58000 	C:\Windows\SYSTEM32\CRYPTSP.dll
0x00007ffa29460000 - 0x00007ffa29494000 	C:\Windows\system32\rsaenh.dll
0x00007ffa2a290000 - 0x00007ffa2a2be000 	C:\Windows\SYSTEM32\USERENV.dll
0x00007ffa29d60000 - 0x00007ffa29d6c000 	C:\Windows\SYSTEM32\CRYPTBASE.dll
0x00007ffa20df0000 - 0x00007ffa20e07000 	C:\Windows\SYSTEM32\dhcpcsvc6.DLL
0x00007ffa215c0000 - 0x00007ffa215dd000 	C:\Windows\SYSTEM32\dhcpcsvc.DLL

dbghelp: loaded successfully - version: 4.0.5 - missing functions: none
symbol engine: initialized successfully - sym options: 0x614 - pdb path: .;c:\Users\marco\.vscode\extensions\redhat.java-1.9.0-win32-x64\jre\17.0.3-win32-x86_64\bin;C:\Windows\SYSTEM32;C:\Windows\WinSxS\amd64_microsoft.windows.common-controls_6595b64144ccf1df_6.0.19041.1110_none_60b5254171f9507e;c:\Users\marco\.vscode\extensions\redhat.java-1.9.0-win32-x64\jre\17.0.3-win32-x86_64\bin\server

VM Arguments:
jvm_args: --add-modules=ALL-SYSTEM --add-exports=jdk.compiler/com.sun.tools.javac.file=ALL-UNNAMED --add-exports=jdk.compiler/com.sun.tools.javac.util=ALL-UNNAMED --add-exports=jdk.compiler/com.sun.tools.javac.comp=ALL-UNNAMED --add-exports=jdk.compiler/com.sun.tools.javac.main=ALL-UNNAMED --add-exports=jdk.compiler/com.sun.tools.javac.tree=ALL-UNNAMED --add-exports=jdk.compiler/com.sun.tools.javac.code=ALL-UNNAMED -Dsts.lsp.client=vscode -Dsts.log.file=/dev/null -XX:TieredStopAtLevel=1 -Dspring.config.location=file:c:\Users\marco\.vscode\extensions\pivotal.vscode-spring-boot-1.36.0\language-server\BOOT-INF\classes\application.properties 
java_command: org.springframework.ide.vscode.boot.app.BootLanguageServerBootApp
java_class_path (initial): c:\Users\marco\.vscode\extensions\pivotal.vscode-spring-boot-1.36.0\language-server\BOOT-INF\classes;c:\Users\marco\.vscode\extensions\pivotal.vscode-spring-boot-1.36.0\language-server\BOOT-INF\lib\annotations-23.0.0.jar;c:\Users\marco\.vscode\extensions\pivotal.vscode-spring-boot-1.36.0\language-server\BOOT-INF\lib\antlr-runtime-3.5.2.jar;c:\Users\marco\.vscode\extensions\pivotal.vscode-spring-boot-1.36.0\language-server\BOOT-INF\lib\antlr4-4.9.3.jar;c:\Users\marco\.vscode\extensions\pivotal.vscode-spring-boot-1.36.0\language-server\BOOT-INF\lib\antlr4-runtime-4.9.3.jar;c:\Users\marco\.vscode\extensions\pivotal.vscode-spring-boot-1.36.0\language-server\BOOT-INF\lib\asm-9.3.jar;c:\Users\marco\.vscode\extensions\pivotal.vscode-spring-boot-1.36.0\language-server\BOOT-INF\lib\asm-analysis-9.3.jar;c:\Users\marco\.vscode\extensions\pivotal.vscode-spring-boot-1.36.0\language-server\BOOT-INF\lib\asm-tree-9.3.jar;c:\Users\marco\.vscode\extensions\pivotal.vscode-spring-boot-1.36.0\language-server\BOOT-INF\lib\asm-util-9.3.jar;c:\Users\marco\.vscode\extensions\pivotal.vscode-spring-boot-1.36.0\language-server\BOOT-INF\lib\byte-buddy-1.10.18.jar;c:\Users\marco\.vscode\extensions\pivotal.vscode-spring-boot-1.36.0\language-server\BOOT-INF\lib\caffeine-2.8.6.jar;c:\Users\marco\.vscode\extensions\pivotal.vscode-spring-boot-1.36.0\language-server\BOOT-INF\lib\checker-qual-3.12.0.jar;c:\Users\marco\.vscode\extensions\pivotal.vscode-spring-boot-1.36.0\language-server\BOOT-INF\lib\classgraph-4.8.146.jar;c:\Users\marco\.vscode\extensions\pivotal.vscode-spring-boot-1.36.0\language-server\BOOT-INF\lib\commons-codec-1.14.jar;c:\Users\marco\.vscode\extensions\pivotal.vscode-spring-boot-1.36.0\language-server\BOOT-INF\lib\commons-compress-1.21.jar;c:\Users\marco\.vscode\extensions\pivotal.vscode-spring-boot-1.36.0\language-server\BOOT-INF\lib\commons-exec-1.3.jar;c:\Users\marco\.vscode\extensions\pivotal.vscode-spring-boot-1.36.0\language-server\BOOT-INF\lib\com
Launcher Type: SUN_STANDARD

[Global flags]
     intx CICompilerCount                          = 3                                         {product} {ergonomic}
     uint ConcGCThreads                            = 1                                         {product} {ergonomic}
     uint G1ConcRefinementThreads                  = 4                                         {product} {ergonomic}
   size_t G1HeapRegionSize                         = 1048576                                   {product} {ergonomic}
    uintx GCDrainStackTargetSize                   = 64                                        {product} {ergonomic}
   size_t InitialHeapSize                          = 134217728                                 {product} {ergonomic}
   size_t MarkStackSize                            = 4194304                                   {product} {ergonomic}
   size_t MaxHeapSize                              = 2116026368                                {product} {ergonomic}
   size_t MaxNewSize                               = 1268776960                                {product} {ergonomic}
   size_t MinHeapDeltaBytes                        = 1048576                                   {product} {ergonomic}
   size_t MinHeapSize                              = 8388608                                   {product} {ergonomic}
    uintx NonProfiledCodeHeapSize                  = 0                                      {pd product} {ergonomic}
     bool ProfileInterpreter                       = false                                  {pd product} {command line}
    uintx ProfiledCodeHeapSize                     = 0                                      {pd product} {ergonomic}
   size_t SoftMaxHeapSize                          = 2116026368                             {manageable} {ergonomic}
     intx TieredStopAtLevel                        = 1                                         {product} {command line}
     bool UseCompressedClassPointers               = true                           {product lp64_product} {ergonomic}
     bool UseCompressedOops                        = true                           {product lp64_product} {ergonomic}
     bool UseG1GC                                  = true                                      {product} {ergonomic}
     bool UseLargePagesIndividualAllocation        = false                                  {pd product} {ergonomic}

Logging:
Log output configuration:
 #0: stdout all=warning uptime,level,tags
 #1: stderr all=off uptime,level,tags

Environment Variables:
JAVA_HOME=C:\Program Files\Eclipse Foundation\jdk-8.0.302.8-hotspot\
PATH=C:\Program Files\Common Files\Oracle\Java\javapath;C:\Program Files\Eclipse Foundation\jdk-8.0.302.8-hotspot\bin;C:\Windows\system32;C:\Windows;C:\Windows\System32\Wbem;C:\Windows\System32\WindowsPowerShell\v1.0\;C:\Windows\System32\OpenSSH\;C:\Program Files\Git\cmd;C:\Program Files\dotnet\;C:\src\flutter\bin;C:\Program Files\nodejs\;C:\Program Files\Maven\apache-maven-3.8.6\bin;C:\Program Files\MySQL\MySQL Shell 8.0\bin\;C:\Users\marco\AppData\Local\Microsoft\WindowsApps;C:\Users\marco\AppData\Local\Programs\Microsoft VS Code\bin;C:\Users\marco\AppData\Local\GitHubDesktop\bin;C:\Users\marco\AppData\Roaming\npm
USERNAME=marco
OS=Windows_NT
PROCESSOR_IDENTIFIER=Intel64 Family 6 Model 142 Stepping 9, GenuineIntel



---------------  S Y S T E M  ---------------

OS:
 Windows 10 , 64 bit Build 19041 (10.0.19041.1806)
OS uptime: 0 days 23:18 hours

CPU: total 4 (initial active 4) (2 cores per cpu, 2 threads per core) family 6 model 142 stepping 9 microcode 0xca, cx8, cmov, fxsr, ht, mmx, 3dnowpref, sse, sse2, sse3, ssse3, sse4.1, sse4.2, popcnt, lzcnt, tsc, tscinvbit, avx, avx2, aes, erms, clmul, bmi1, bmi2, adx, fma, vzeroupper, clflush, clflushopt

Memory: 4k page, system-wide physical 8070M (334M free)
TotalPageFile size 32646M (AvailPageFile size 57M)
current process WorkingSet (physical memory assigned to process): 161M, peak: 161M
current process commit charge ("private bytes"): 241M, peak: 364M

vm_info: OpenJDK 64-Bit Server VM (17.0.3+7) for windows-amd64 JRE (17.0.3+7), built on Apr 19 2022 16:55:35 by "" with MS VC++ 16.7 (VS2019)

END.
